#
# There is insufficient memory for the Java Runtime Environment to continue.
# Native memory allocation (malloc) failed to allocate 1049776 bytes for Chunk::new
# Possible reasons:
#   The system is out of physical RAM or swap space
#   The process is running with CompressedOops enabled, and the Java Heap may be blocking the growth of the native heap
# Possible solutions:
#   Reduce memory load on the system
#   Increase physical memory or swap space
#   Check if swap backing store is full
#   Decrease Java heap size (-Xmx/-Xms)
#   Decrease number of Java threads
#   Decrease Java thread stack sizes (-Xss)
#   Set larger code cache with -XX:ReservedCodeCacheSize=
#   JVM is running with Unscaled Compressed Oops mode in which the Java heap is
#     placed in the first 4GB address space. The Java Heap base address is the
#     maximum limit for the native heap growth. Please use -XX:HeapBaseMinAddress
#     to set the Java Heap base and to place the Java Heap above 4GB virtual address.
# This output file may be truncated or incomplete.
#
#  Out of Memory Error (./src/hotspot/share/memory/arena.cpp:197), pid=18976, tid=1108
#
# JRE version: OpenJDK Runtime Environment (11.0.11+9) (build 11.0.11+9-b60-7590822)
# Java VM: OpenJDK 64-Bit Server VM (11.0.11+9-b60-7590822, mixed mode, tiered, compressed oops, g1 gc, windows-amd64)
# No core dump will be written. Minidumps are not enabled by default on client versions of Windows
#

---------------  S U M M A R Y ------------

Command Line: --add-opens=java.base/java.util=ALL-UNNAMED --add-opens=java.base/java.lang=ALL-UNNAMED --add-opens=java.base/java.lang.invoke=ALL-UNNAMED --add-opens=java.prefs/java.util.prefs=ALL-UNNAMED -Xmx1536m -Dfile.encoding=UTF-8 -Duser.country=CN -Duser.language=zh -Duser.variant org.gradle.launcher.daemon.bootstrap.GradleDaemon 6.1.1

Host: AMD Ryzen 5 2500U with Radeon Vega Mobile Gfx  , 8 cores, 6G,  Windows 10 , 64 bit Build 18362 (10.0.18362.1500)
Time: Mon Mar 14 15:34:32 2022 ?D1¨²¡À¨º¡Á?¨º¡À?? elapsed time: 162.574854 seconds (0d 0h 2m 42s)

---------------  T H R E A D  ---------------

Current thread (0x0000022127639800):  JavaThread "C2 CompilerThread1" daemon [_thread_in_native, id=1108, stack(0x000000671c600000,0x000000671c700000)]


Current CompileTask:
C2: 162574 14989   !   4       java.nio.file.FileTreeWalker::getAttributes (126 bytes)

Stack: [0x000000671c600000,0x000000671c700000]
Native frames: (J=compiled Java code, j=interpreted, Vv=VM code, C=native code)
V  [jvm.dll+0x5f214a]
V  [jvm.dll+0x726fb5]
V  [jvm.dll+0x7285cd]
V  [jvm.dll+0x728c83]
V  [jvm.dll+0x243278]
V  [jvm.dll+0xbc53c]
V  [jvm.dll+0xbca3c]
V  [jvm.dll+0x353e3b]
V  [jvm.dll+0x321893]
V  [jvm.dll+0x320d8a]
V  [jvm.dll+0x1fc1e2]
V  [jvm.dll+0x1fb3d4]
V  [jvm.dll+0x183d6c]
V  [jvm.dll+0x209a57]
V  [jvm.dll+0x2082a1]
V  [jvm.dll+0x6ef58f]
V  [jvm.dll+0x6e80b5]
V  [jvm.dll+0x5f1036]
C  [ucrtbase.dll+0x210b2]
C  [KERNEL32.DLL+0x17c24]
C  [ntdll.dll+0x6d721]


---------------  P R O C E S S  ---------------

Threads class SMR info:
_java_thread_list=0x0000022127b237a0, length=50, elements={
0x0000022102653800, 0x000002211d761800, 0x000002211d76a000, 0x000002211e056000,
0x000002211d77b000, 0x000002211d77d000, 0x000002211d78a000, 0x000002211d78e800,
0x000002211d792000, 0x000002211e1ad000, 0x000002211ff82000, 0x000002211f8cf800,
0x00000221201b4000, 0x000002211f300000, 0x000002211f302800, 0x000002211f301000,
0x00000221227ec000, 0x000002212262d800, 0x000002212262c800, 0x0000022124844800,
0x0000022124845000, 0x0000022124846000, 0x000002212484c800, 0x000002212484b000,
0x0000022124847800, 0x000002212484c000, 0x0000022124849800, 0x0000022124847000,
0x000002212484d800, 0x000002212484e000, 0x0000022124848800, 0x000002212484f000,
0x0000022127639800, 0x0000022124850000, 0x000002212484a000, 0x0000022124852800,
0x0000022124850800, 0x0000022124851800, 0x0000022124853000, 0x0000022122628000,
0x0000022122628800, 0x000002212262f000, 0x0000022122629800, 0x000002212262c000,
0x0000022122630000, 0x000002212262a000, 0x0000022122631000, 0x000002212262b000,
0x0000022122631800, 0x0000022122634000
}

Java Threads: ( => current thread )
  0x0000022102653800 JavaThread "main" [_thread_blocked, id=17452, stack(0x0000006719f00000,0x000000671a000000)]
  0x000002211d761800 JavaThread "Reference Handler" daemon [_thread_blocked, id=6688, stack(0x000000671a600000,0x000000671a700000)]
  0x000002211d76a000 JavaThread "Finalizer" daemon [_thread_blocked, id=10552, stack(0x000000671a700000,0x000000671a800000)]
  0x000002211e056000 JavaThread "Signal Dispatcher" daemon [_thread_blocked, id=17112, stack(0x000000671a800000,0x000000671a900000)]
  0x000002211d77b000 JavaThread "Attach Listener" daemon [_thread_blocked, id=4852, stack(0x000000671a900000,0x000000671aa00000)]
  0x000002211d77d000 JavaThread "Service Thread" daemon [_thread_blocked, id=16096, stack(0x000000671aa00000,0x000000671ab00000)]
  0x000002211d78a000 JavaThread "C2 CompilerThread0" daemon [_thread_in_vm, id=15992, stack(0x000000671ab00000,0x000000671ac00000)]
  0x000002211d78e800 JavaThread "C1 CompilerThread0" daemon [_thread_blocked, id=13236, stack(0x000000671ac00000,0x000000671ad00000)]
  0x000002211d792000 JavaThread "Sweeper thread" daemon [_thread_blocked, id=16212, stack(0x000000671ad00000,0x000000671ae00000)]
  0x000002211e1ad000 JavaThread "Common-Cleaner" daemon [_thread_blocked, id=3616, stack(0x000000671ae00000,0x000000671af00000)]
  0x000002211ff82000 JavaThread "Daemon health stats" [_thread_blocked, id=15444, stack(0x000000671b100000,0x000000671b200000)]
  0x000002211f8cf800 JavaThread "Incoming local TCP Connector on port 53023" [_thread_in_native, id=20780, stack(0x000000671b200000,0x000000671b300000)]
  0x00000221201b4000 JavaThread "Daemon periodic checks" [_thread_blocked, id=19732, stack(0x000000671b300000,0x000000671b400000)]
  0x000002211f300000 JavaThread "Cache worker for journal cache (C:\Users\86133\.gradle\caches\journal-1)" [_thread_in_Java, id=788, stack(0x000000671c200000,0x000000671c300000)]
  0x000002211f302800 JavaThread "File lock request listener" [_thread_in_native, id=10664, stack(0x000000671c300000,0x000000671c400000)]
  0x000002211f301000 JavaThread "Cache worker for file hash cache (C:\Users\86133\.gradle\caches\6.1.1\fileHashes)" [_thread_blocked, id=12196, stack(0x000000671c400000,0x000000671c500000)]
  0x00000221227ec000 JavaThread "Cache worker for execution history cache (C:\Users\86133\.gradle\caches\6.1.1\executionHistory)" [_thread_blocked, id=6632, stack(0x000000671c900000,0x000000671ca00000)]
  0x000002212262d800 JavaThread "Memory manager" [_thread_blocked, id=11724, stack(0x000000671d200000,0x000000671d300000)]
  0x000002212262c800 JavaThread "Cache worker for file content cache (C:\Users\86133\.gradle\caches\6.1.1\fileContent)" [_thread_blocked, id=4836, stack(0x000000671d400000,0x000000671d500000)]
  0x0000022124844800 JavaThread "Cache worker for Java compile cache (C:\Users\86133\.gradle\caches\6.1.1\javaCompile)" [_thread_blocked, id=20528, stack(0x000000671e300000,0x000000671e400000)]
  0x0000022124845000 JavaThread "ForkJoinPool.commonPool-worker-3" daemon [_thread_blocked, id=1836, stack(0x000000671d600000,0x000000671d700000)]
  0x0000022124846000 JavaThread "Daemon Thread 2" [_thread_blocked, id=20136, stack(0x0000006719c00000,0x0000006719d00000)]
  0x000002212484c800 JavaThread "Handler for socket connection from /127.0.0.1:53023 to /127.0.0.1:53122" [_thread_in_native, id=2808, stack(0x0000006719d00000,0x0000006719e00000)]
  0x000002212484b000 JavaThread "Cancel handler" [_thread_blocked, id=4156, stack(0x0000006719e00000,0x0000006719f00000)]
  0x0000022124847800 JavaThread "Daemon worker Thread 2" [_thread_blocked, id=18448, stack(0x000000671b400000,0x000000671b500000)]
  0x000002212484c000 JavaThread "Asynchronous log dispatcher for DefaultDaemonConnection: socket connection from /127.0.0.1:53023 to /127.0.0.1:53122" [_thread_blocked, id=13940, stack(0x000000671b500000,0x000000671b600000)]
  0x0000022124849800 JavaThread "Stdin handler" [_thread_blocked, id=20944, stack(0x000000671b600000,0x000000671b700000)]
  0x0000022124847000 JavaThread "Thread-51" [_thread_blocked, id=4408, stack(0x000000671b700000,0x000000671b800000)]
  0x000002212484d800 JavaThread "Cache worker for checksums cache (D:\mvpChatRoom\.gradle\checksums)" [_thread_blocked, id=4808, stack(0x000000671b800000,0x000000671b900000)]
  0x000002212484e000 JavaThread "Cache worker for file hash cache (D:\mvpChatRoom\.gradle\6.1.1\fileHashes)" [_thread_blocked, id=21168, stack(0x000000671b900000,0x000000671ba00000)]
  0x0000022124848800 JavaThread "Cache worker for cache directory md-supplier (C:\Users\86133\.gradle\caches\6.1.1\md-supplier)" [_thread_blocked, id=10672, stack(0x000000671ba00000,0x000000671bb00000)]
  0x000002212484f000 JavaThread "Cache worker for cache directory md-rule (C:\Users\86133\.gradle\caches\6.1.1\md-rule)" [_thread_blocked, id=17900, stack(0x000000671bb00000,0x000000671bc00000)]
=>0x0000022127639800 JavaThread "C2 CompilerThread1" daemon [_thread_in_native, id=1108, stack(0x000000671c600000,0x000000671c700000)]
  0x0000022124850000 JavaThread "Build operations" [_thread_blocked, id=20900, stack(0x000000671c700000,0x000000671c800000)]
  0x000002212484a000 JavaThread "Build operations Thread 2" [_thread_blocked, id=2312, stack(0x000000671c800000,0x000000671c900000)]
  0x0000022124852800 JavaThread "Build operations Thread 3" [_thread_blocked, id=16508, stack(0x000000671ca00000,0x000000671cb00000)]
  0x0000022124850800 JavaThread "Build operations Thread 4" [_thread_blocked, id=17316, stack(0x000000671cb00000,0x000000671cc00000)]
  0x0000022124851800 JavaThread "Build operations Thread 5" [_thread_blocked, id=14376, stack(0x000000671cc00000,0x000000671cd00000)]
  0x0000022124853000 JavaThread "Build operations Thread 6" [_thread_blocked, id=20976, stack(0x000000671cd00000,0x000000671ce00000)]
  0x0000022122628000 JavaThread "Build operations Thread 7" [_thread_blocked, id=1004, stack(0x000000671ce00000,0x000000671cf00000)]
  0x0000022122628800 JavaThread "Build operations Thread 8" [_thread_blocked, id=20004, stack(0x000000671cf00000,0x000000671d000000)]
  0x000002212262f000 JavaThread "Cache worker for Build Output Cleanup Cache (D:\mvpChatRoom\.gradle\buildOutputCleanup)" [_thread_blocked, id=7428, stack(0x000000671d000000,0x000000671d100000)]
  0x0000022122629800 JavaThread "Cache worker for file content cache (D:\mvpChatRoom\.gradle\6.1.1\fileContent)" [_thread_blocked, id=21436, stack(0x000000671d100000,0x000000671d200000)]
  0x000002212262c000 JavaThread "Execution worker for ':'" [_thread_blocked, id=18044, stack(0x000000671d300000,0x000000671d400000)]
  0x0000022122630000 JavaThread "Execution worker for ':' Thread 2" [_thread_blocked, id=6256, stack(0x000000671d500000,0x000000671d600000)]
  0x000002212262a000 JavaThread "Execution worker for ':' Thread 3" [_thread_in_Java, id=11744, stack(0x000000671d700000,0x000000671d800000)]
  0x0000022122631000 JavaThread "Execution worker for ':' Thread 4" [_thread_in_Java, id=5696, stack(0x000000671d800000,0x000000671d900000)]
  0x000002212262b000 JavaThread "Execution worker for ':' Thread 5" [_thread_in_native, id=16624, stack(0x000000671d900000,0x000000671da00000)]
  0x0000022122631800 JavaThread "Execution worker for ':' Thread 6" [_thread_blocked, id=20960, stack(0x000000671da00000,0x000000671db00000)]
  0x0000022122634000 JavaThread "Execution worker for ':' Thread 7" [_thread_in_Java, id=17604, stack(0x000000671db00000,0x000000671dc00000)]

Other Threads:
  0x000002211d73c800 VMThread "VM Thread" [stack: 0x000000671a500000,0x000000671a600000] [id=11820]
  0x000002211e1da800 WatcherThread [stack: 0x000000671af00000,0x000000671b000000] [id=7256]
  0x000002210266c000 GCTaskThread "GC Thread#0" [stack: 0x000000671a000000,0x000000671a100000] [id=15976]
  0x000002211ef4e800 GCTaskThread "GC Thread#1" [stack: 0x000000671b000000,0x000000671b100000] [id=21196]
  0x000002211efc4000 GCTaskThread "GC Thread#2" [stack: 0x000000671bc00000,0x000000671bd00000] [id=16440]
  0x000002211efbf000 GCTaskThread "GC Thread#3" [stack: 0x000000671bd00000,0x000000671be00000] [id=18920]
  0x000002211f443800 GCTaskThread "GC Thread#4" [stack: 0x000000671be00000,0x000000671bf00000] [id=21676]
  0x000002211efba800 GCTaskThread "GC Thread#5" [stack: 0x000000671bf00000,0x000000671c000000] [id=11564]
  0x000002211e89c800 GCTaskThread "GC Thread#6" [stack: 0x000000671c000000,0x000000671c100000] [id=1212]
  0x000002211e8c7000 GCTaskThread "GC Thread#7" [stack: 0x000000671c100000,0x000000671c200000] [id=11372]
  0x0000022102691800 ConcurrentGCThread "G1 Main Marker" [stack: 0x000000671a100000,0x000000671a200000] [id=4992]
  0x0000022102698000 ConcurrentGCThread "G1 Conc#0" [stack: 0x000000671a200000,0x000000671a300000] [id=8584]
  0x000002211f9d5800 ConcurrentGCThread "G1 Conc#1" [stack: 0x000000671c500000,0x000000671c600000] [id=15224]
  0x000002211d5b0800 ConcurrentGCThread "G1 Refine#0" [stack: 0x000000671a300000,0x000000671a400000] [id=6808]
  0x0000022124a93800 ConcurrentGCThread "G1 Refine#1" [stack: 0x000000671e500000,0x000000671e600000] [id=15264]
  0x000002211d5b1000 ConcurrentGCThread "G1 Young RemSet Sampling" [stack: 0x000000671a400000,0x000000671a500000] [id=10832]

Threads with active compile tasks:
C2 CompilerThread0 162713 14997       4       java.util.ArrayList::add (65 bytes)
C2 CompilerThread1 162713 14989   !   4       java.nio.file.FileTreeWalker::getAttributes (126 bytes)

VM state:not at safepoint (normal execution)

VM Mutex/Monitor currently owned by a thread: None

Heap address: 0x00000000a0000000, size: 1536 MB, Compressed Oops mode: 32-bit
Narrow klass base: 0x0000000000000000, Narrow klass shift: 3
Compressed class space size: 1073741824 Address: 0x0000000100000000

Heap:
 garbage-first heap   total 199680K, used 131814K [0x00000000a0000000, 0x0000000100000000)
  region size 1024K, 31 young (31744K), 7 survivors (7168K)
 Metaspace       used 100930K, capacity 103837K, committed 104112K, reserved 1140736K
  class space    used 12780K, capacity 13798K, committed 13824K, reserved 1048576K
Heap Regions: E=young(eden), S=young(survivor), O=old, HS=humongous(starts), HC=humongous(continues), CS=collection set, F=free, A=archive, TAMS=top-at-mark-start (previous, next)
|   0|0x00000000a0000000, 0x00000000a0100000, 0x00000000a0100000|100%| O|  |TAMS 0x00000000a0100000, 0x00000000a0000000| Untracked 
|   1|0x00000000a0100000, 0x00000000a0200000, 0x00000000a0200000|100%| O|  |TAMS 0x00000000a0200000, 0x00000000a0100000| Untracked 
|   2|0x00000000a0200000, 0x00000000a0300000, 0x00000000a0300000|100%| O|  |TAMS 0x00000000a0300000, 0x00000000a0200000| Untracked 
|   3|0x00000000a0300000, 0x00000000a0400000, 0x00000000a0400000|100%|HS|  |TAMS 0x00000000a0400000, 0x00000000a0300000| Complete 
|   4|0x00000000a0400000, 0x00000000a0500000, 0x00000000a0500000|100%|HC|  |TAMS 0x00000000a0500000, 0x00000000a0400000| Complete 
|   5|0x00000000a0500000, 0x00000000a0600000, 0x00000000a0600000|100%|HC|  |TAMS 0x00000000a0600000, 0x00000000a0500000| Complete 
|   6|0x00000000a0600000, 0x00000000a0700000, 0x00000000a0700000|100%| O|  |TAMS 0x00000000a0700000, 0x00000000a0600000| Untracked 
|   7|0x00000000a0700000, 0x00000000a0800000, 0x00000000a0800000|100%| O|  |TAMS 0x00000000a0800000, 0x00000000a0700000| Untracked 
|   8|0x00000000a0800000, 0x00000000a0900000, 0x00000000a0900000|100%| O|  |TAMS 0x00000000a0900000, 0x00000000a0800000| Untracked 
|   9|0x00000000a0900000, 0x00000000a0a00000, 0x00000000a0a00000|100%| O|  |TAMS 0x00000000a0a00000, 0x00000000a0900000| Untracked 
|  10|0x00000000a0a00000, 0x00000000a0b00000, 0x00000000a0b00000|100%| O|  |TAMS 0x00000000a0b00000, 0x00000000a0a00000| Untracked 
|  11|0x00000000a0b00000, 0x00000000a0c00000, 0x00000000a0c00000|100%| O|  |TAMS 0x00000000a0c00000, 0x00000000a0b00000| Untracked 
|  12|0x00000000a0c00000, 0x00000000a0d00000, 0x00000000a0d00000|100%| O|  |TAMS 0x00000000a0d00000, 0x00000000a0c00000| Untracked 
|  13|0x00000000a0d00000, 0x00000000a0e00000, 0x00000000a0e00000|100%| O|  |TAMS 0x00000000a0e00000, 0x00000000a0d00000| Untracked 
|  14|0x00000000a0e00000, 0x00000000a0f00000, 0x00000000a0f00000|100%| O|  |TAMS 0x00000000a0f00000, 0x00000000a0e00000| Untracked 
|  15|0x00000000a0f00000, 0x00000000a1000000, 0x00000000a1000000|100%|HS|  |TAMS 0x00000000a1000000, 0x00000000a0f00000| Complete 
|  16|0x00000000a1000000, 0x00000000a1100000, 0x00000000a1100000|100%|HC|  |TAMS 0x00000000a1100000, 0x00000000a1000000| Complete 
|  17|0x00000000a1100000, 0x00000000a1200000, 0x00000000a1200000|100%|HS|  |TAMS 0x00000000a1200000, 0x00000000a1100000| Complete 
|  18|0x00000000a1200000, 0x00000000a1300000, 0x00000000a1300000|100%|HC|  |TAMS 0x00000000a1300000, 0x00000000a1200000| Complete 
|  19|0x00000000a1300000, 0x00000000a1400000, 0x00000000a1400000|100%|HC|  |TAMS 0x00000000a1400000, 0x00000000a1300000| Complete 
|  20|0x00000000a1400000, 0x00000000a1500000, 0x00000000a1500000|100%|HS|  |TAMS 0x00000000a1500000, 0x00000000a1400000| Complete 
|  21|0x00000000a1500000, 0x00000000a1600000, 0x00000000a1600000|100%|HC|  |TAMS 0x00000000a1600000, 0x00000000a1500000| Complete 
|  22|0x00000000a1600000, 0x00000000a1700000, 0x00000000a1700000|100%|HC|  |TAMS 0x00000000a1700000, 0x00000000a1600000| Complete 
|  23|0x00000000a1700000, 0x00000000a1800000, 0x00000000a1800000|100%|HC|  |TAMS 0x00000000a1800000, 0x00000000a1700000| Complete 
|  24|0x00000000a1800000, 0x00000000a1900000, 0x00000000a1900000|100%| O|  |TAMS 0x00000000a1900000, 0x00000000a1800000| Untracked 
|  25|0x00000000a1900000, 0x00000000a1a00000, 0x00000000a1a00000|100%| O|  |TAMS 0x00000000a1a00000, 0x00000000a1900000| Untracked 
|  26|0x00000000a1a00000, 0x00000000a1b00000, 0x00000000a1b00000|100%| O|  |TAMS 0x00000000a1b00000, 0x00000000a1a00000| Untracked 
|  27|0x00000000a1b00000, 0x00000000a1c00000, 0x00000000a1c00000|100%| O|  |TAMS 0x00000000a1c00000, 0x00000000a1b00000| Untracked 
|  28|0x00000000a1c00000, 0x00000000a1d00000, 0x00000000a1d00000|100%| O|  |TAMS 0x00000000a1d00000, 0x00000000a1c00000| Untracked 
|  29|0x00000000a1d00000, 0x00000000a1e00000, 0x00000000a1e00000|100%|HS|  |TAMS 0x00000000a1e00000, 0x00000000a1d00000| Complete 
|  30|0x00000000a1e00000, 0x00000000a1f00000, 0x00000000a1f00000|100%|HC|  |TAMS 0x00000000a1f00000, 0x00000000a1e00000| Complete 
|  31|0x00000000a1f00000, 0x00000000a2000000, 0x00000000a2000000|100%| O|  |TAMS 0x00000000a2000000, 0x00000000a1f00000| Untracked 
|  32|0x00000000a2000000, 0x00000000a2100000, 0x00000000a2100000|100%| O|  |TAMS 0x00000000a2100000, 0x00000000a2000000| Untracked 
|  33|0x00000000a2100000, 0x00000000a2200000, 0x00000000a2200000|100%| O|  |TAMS 0x00000000a2200000, 0x00000000a2100000| Untracked 
|  34|0x00000000a2200000, 0x00000000a2300000, 0x00000000a2300000|100%| O|  |TAMS 0x00000000a2300000, 0x00000000a2200000| Untracked 
|  35|0x00000000a2300000, 0x00000000a2400000, 0x00000000a2400000|100%| O|  |TAMS 0x00000000a2400000, 0x00000000a2300000| Untracked 
|  36|0x00000000a2400000, 0x00000000a2500000, 0x00000000a2500000|100%| O|  |TAMS 0x00000000a2500000, 0x00000000a2400000| Untracked 
|  37|0x00000000a2500000, 0x00000000a2600000, 0x00000000a2600000|100%| O|  |TAMS 0x00000000a2600000, 0x00000000a2500000| Untracked 
|  38|0x00000000a2600000, 0x00000000a2700000, 0x00000000a2700000|100%| O|  |TAMS 0x00000000a2700000, 0x00000000a2600000| Untracked 
|  39|0x00000000a2700000, 0x00000000a2800000, 0x00000000a2800000|100%| O|  |TAMS 0x00000000a2800000, 0x00000000a2700000| Untracked 
|  40|0x00000000a2800000, 0x00000000a2900000, 0x00000000a2900000|100%| O|  |TAMS 0x00000000a2900000, 0x00000000a2800000| Untracked 
|  41|0x00000000a2900000, 0x00000000a2a00000, 0x00000000a2a00000|100%| O|  |TAMS 0x00000000a2a00000, 0x00000000a2900000| Untracked 
|  42|0x00000000a2a00000, 0x00000000a2b00000, 0x00000000a2b00000|100%| O|  |TAMS 0x00000000a2b00000, 0x00000000a2a00000| Untracked 
|  43|0x00000000a2b00000, 0x00000000a2c00000, 0x00000000a2c00000|100%| O|  |TAMS 0x00000000a2c00000, 0x00000000a2b00000| Untracked 
|  44|0x00000000a2c00000, 0x00000000a2d00000, 0x00000000a2d00000|100%| O|  |TAMS 0x00000000a2d00000, 0x00000000a2c00000| Untracked 
|  45|0x00000000a2d00000, 0x00000000a2e00000, 0x00000000a2e00000|100%| O|  |TAMS 0x00000000a2e00000, 0x00000000a2d00000| Untracked 
|  46|0x00000000a2e00000, 0x00000000a2f00000, 0x00000000a2f00000|100%| O|  |TAMS 0x00000000a2f00000, 0x00000000a2e00000| Untracked 
|  47|0x00000000a2f00000, 0x00000000a3000000, 0x00000000a3000000|100%| O|  |TAMS 0x00000000a3000000, 0x00000000a2f00000| Untracked 
|  48|0x00000000a3000000, 0x00000000a3100000, 0x00000000a3100000|100%| O|  |TAMS 0x00000000a3100000, 0x00000000a3000000| Untracked 
|  49|0x00000000a3100000, 0x00000000a3200000, 0x00000000a3200000|100%| O|  |TAMS 0x00000000a3200000, 0x00000000a3100000| Untracked 
|  50|0x00000000a3200000, 0x00000000a3300000, 0x00000000a3300000|100%| O|  |TAMS 0x00000000a3300000, 0x00000000a3200000| Untracked 
|  51|0x00000000a3300000, 0x00000000a3400000, 0x00000000a3400000|100%| O|  |TAMS 0x00000000a3400000, 0x00000000a3300000| Untracked 
|  52|0x00000000a3400000, 0x00000000a3500000, 0x00000000a3500000|100%| O|  |TAMS 0x00000000a3500000, 0x00000000a3400000| Untracked 
|  53|0x00000000a3500000, 0x00000000a3600000, 0x00000000a3600000|100%| O|  |TAMS 0x00000000a3600000, 0x00000000a3500000| Untracked 
|  54|0x00000000a3600000, 0x00000000a3700000, 0x00000000a3700000|100%| O|  |TAMS 0x00000000a3700000, 0x00000000a3600000| Untracked 
|  55|0x00000000a3700000, 0x00000000a3800000, 0x00000000a3800000|100%| O|  |TAMS 0x00000000a3800000, 0x00000000a3700000| Untracked 
|  56|0x00000000a3800000, 0x00000000a3900000, 0x00000000a3900000|100%| O|  |TAMS 0x00000000a3900000, 0x00000000a3800000| Untracked 
|  57|0x00000000a3900000, 0x00000000a3a00000, 0x00000000a3a00000|100%| O|  |TAMS 0x00000000a3a00000, 0x00000000a3900000| Untracked 
|  58|0x00000000a3a00000, 0x00000000a3b00000, 0x00000000a3b00000|100%| O|  |TAMS 0x00000000a3b00000, 0x00000000a3a00000| Untracked 
|  59|0x00000000a3b00000, 0x00000000a3c00000, 0x00000000a3c00000|100%| O|  |TAMS 0x00000000a3c00000, 0x00000000a3b00000| Untracked 
|  60|0x00000000a3c00000, 0x00000000a3d00000, 0x00000000a3d00000|100%| O|  |TAMS 0x00000000a3d00000, 0x00000000a3c00000| Untracked 
|  61|0x00000000a3d00000, 0x00000000a3e00000, 0x00000000a3e00000|100%| O|  |TAMS 0x00000000a3e00000, 0x00000000a3d00000| Untracked 
|  62|0x00000000a3e00000, 0x00000000a3eb9c00, 0x00000000a3f00000| 72%| O|  |TAMS 0x00000000a3e00000, 0x00000000a3e00000| Untracked 
|  63|0x00000000a3f00000, 0x00000000a4000000, 0x00000000a4000000|100%| O|  |TAMS 0x00000000a4000000, 0x00000000a3f00000| Untracked 
|  64|0x00000000a4000000, 0x00000000a4100000, 0x00000000a4100000|100%| O|  |TAMS 0x00000000a4100000, 0x00000000a4000000| Untracked 
|  65|0x00000000a4100000, 0x00000000a4200000, 0x00000000a4200000|100%|HS|  |TAMS 0x00000000a4200000, 0x00000000a4100000| Complete 
|  66|0x00000000a4200000, 0x00000000a4300000, 0x00000000a4300000|100%| O|  |TAMS 0x00000000a4300000, 0x00000000a4200000| Untracked 
|  67|0x00000000a4300000, 0x00000000a4300000, 0x00000000a4400000|  0%| F|  |TAMS 0x00000000a4300000, 0x00000000a4300000| Untracked 
|  68|0x00000000a4400000, 0x00000000a4400000, 0x00000000a4500000|  0%| F|  |TAMS 0x00000000a4400000, 0x00000000a4400000| Untracked 
|  69|0x00000000a4500000, 0x00000000a4500000, 0x00000000a4600000|  0%| F|  |TAMS 0x00000000a4500000, 0x00000000a4500000| Untracked 
|  70|0x00000000a4600000, 0x00000000a4700000, 0x00000000a4700000|100%| O|  |TAMS 0x00000000a4700000, 0x00000000a4600000| Untracked 
|  71|0x00000000a4700000, 0x00000000a4800000, 0x00000000a4800000|100%| O|  |TAMS 0x00000000a4700000, 0x00000000a4700000| Untracked 
|  72|0x00000000a4800000, 0x00000000a4900000, 0x00000000a4900000|100%| O|  |TAMS 0x00000000a4900000, 0x00000000a4800000| Untracked 
|  73|0x00000000a4900000, 0x00000000a4a00000, 0x00000000a4a00000|100%| O|  |TAMS 0x00000000a4a00000, 0x00000000a4900000| Untracked 
|  74|0x00000000a4a00000, 0x00000000a4b00000, 0x00000000a4b00000|100%| O|  |TAMS 0x00000000a4b00000, 0x00000000a4a00000| Untracked 
|  75|0x00000000a4b00000, 0x00000000a4c00000, 0x00000000a4c00000|100%| O|  |TAMS 0x00000000a4c00000, 0x00000000a4b00000| Untracked 
|  76|0x00000000a4c00000, 0x00000000a4d00000, 0x00000000a4d00000|100%| O|  |TAMS 0x00000000a4d00000, 0x00000000a4c00000| Untracked 
|  77|0x00000000a4d00000, 0x00000000a4e00000, 0x00000000a4e00000|100%| O|  |TAMS 0x00000000a4e00000, 0x00000000a4d00000| Untracked 
|  78|0x00000000a4e00000, 0x00000000a4f00000, 0x00000000a4f00000|100%| O|  |TAMS 0x00000000a4f00000, 0x00000000a4e00000| Untracked 
|  79|0x00000000a4f00000, 0x00000000a5000000, 0x00000000a5000000|100%| O|  |TAMS 0x00000000a5000000, 0x00000000a4f00000| Untracked 
|  80|0x00000000a5000000, 0x00000000a5100000, 0x00000000a5100000|100%| O|  |TAMS 0x00000000a5100000, 0x00000000a5000000| Untracked 
|  81|0x00000000a5100000, 0x00000000a5100000, 0x00000000a5200000|  0%| F|  |TAMS 0x00000000a5100000, 0x00000000a5100000| Untracked 
|  82|0x00000000a5200000, 0x00000000a5300000, 0x00000000a5300000|100%| O|  |TAMS 0x00000000a5200000, 0x00000000a5200000| Untracked 
|  83|0x00000000a5300000, 0x00000000a5400000, 0x00000000a5400000|100%| O|  |TAMS 0x00000000a5300000, 0x00000000a5300000| Untracked 
|  84|0x00000000a5400000, 0x00000000a5500000, 0x00000000a5500000|100%| O|  |TAMS 0x00000000a5500000, 0x00000000a5400000| Untracked 
|  85|0x00000000a5500000, 0x00000000a5600000, 0x00000000a5600000|100%| O|  |TAMS 0x00000000a5600000, 0x00000000a5500000| Untracked 
|  86|0x00000000a5600000, 0x00000000a5700000, 0x00000000a5700000|100%| O|  |TAMS 0x00000000a5700000, 0x00000000a5600000| Untracked 
|  87|0x00000000a5700000, 0x00000000a5700000, 0x00000000a5800000|  0%| F|  |TAMS 0x00000000a5700000, 0x00000000a5700000| Untracked 
|  88|0x00000000a5800000, 0x00000000a5800000, 0x00000000a5900000|  0%| F|  |TAMS 0x00000000a5800000, 0x00000000a5800000| Untracked 
|  89|0x00000000a5900000, 0x00000000a5a00000, 0x00000000a5a00000|100%| O|  |TAMS 0x00000000a5a00000, 0x00000000a5900000| Untracked 
|  90|0x00000000a5a00000, 0x00000000a5a00000, 0x00000000a5b00000|  0%| F|  |TAMS 0x00000000a5a00000, 0x00000000a5a00000| Untracked 
|  91|0x00000000a5b00000, 0x00000000a5b00000, 0x00000000a5c00000|  0%| F|  |TAMS 0x00000000a5b00000, 0x00000000a5b00000| Untracked 
|  92|0x00000000a5c00000, 0x00000000a5d00000, 0x00000000a5d00000|100%|HS|  |TAMS 0x00000000a5d00000, 0x00000000a5c00000| Complete 
|  93|0x00000000a5d00000, 0x00000000a5e00000, 0x00000000a5e00000|100%|HC|  |TAMS 0x00000000a5e00000, 0x00000000a5d00000| Complete 
|  94|0x00000000a5e00000, 0x00000000a5f00000, 0x00000000a5f00000|100%| O|  |TAMS 0x00000000a5f00000, 0x00000000a5e00000| Untracked 
|  95|0x00000000a5f00000, 0x00000000a6000000, 0x00000000a6000000|100%| O|  |TAMS 0x00000000a6000000, 0x00000000a5f00000| Untracked 
|  96|0x00000000a6000000, 0x00000000a6100000, 0x00000000a6100000|100%| O|  |TAMS 0x00000000a6100000, 0x00000000a6000000| Untracked 
|  97|0x00000000a6100000, 0x00000000a6200000, 0x00000000a6200000|100%| O|  |TAMS 0x00000000a6100000, 0x00000000a6100000| Untracked 
|  98|0x00000000a6200000, 0x00000000a6200000, 0x00000000a6300000|  0%| F|  |TAMS 0x00000000a6200000, 0x00000000a6200000| Untracked 
|  99|0x00000000a6300000, 0x00000000a6400000, 0x00000000a6400000|100%| O|  |TAMS 0x00000000a6400000, 0x00000000a6300000| Untracked 
| 100|0x00000000a6400000, 0x00000000a6400000, 0x00000000a6500000|  0%| F|  |TAMS 0x00000000a6400000, 0x00000000a6400000| Untracked 
| 101|0x00000000a6500000, 0x00000000a6500000, 0x00000000a6600000|  0%| F|  |TAMS 0x00000000a6500000, 0x00000000a6500000| Untracked 
| 102|0x00000000a6600000, 0x00000000a6600000, 0x00000000a6700000|  0%| F|  |TAMS 0x00000000a6600000, 0x00000000a6600000| Untracked 
| 103|0x00000000a6700000, 0x00000000a6700000, 0x00000000a6800000|  0%| F|  |TAMS 0x00000000a6700000, 0x00000000a6700000| Untracked 
| 104|0x00000000a6800000, 0x00000000a6800000, 0x00000000a6900000|  0%| F|  |TAMS 0x00000000a6800000, 0x00000000a6800000| Untracked 
| 105|0x00000000a6900000, 0x00000000a6900000, 0x00000000a6a00000|  0%| F|  |TAMS 0x00000000a6900000, 0x00000000a6900000| Untracked 
| 106|0x00000000a6a00000, 0x00000000a6a00000, 0x00000000a6b00000|  0%| F|  |TAMS 0x00000000a6a00000, 0x00000000a6a00000| Untracked 
| 107|0x00000000a6b00000, 0x00000000a6c00000, 0x00000000a6c00000|100%| O|  |TAMS 0x00000000a6c00000, 0x00000000a6b00000| Untracked 
| 108|0x00000000a6c00000, 0x00000000a6d00000, 0x00000000a6d00000|100%| O|  |TAMS 0x00000000a6d00000, 0x00000000a6c00000| Untracked 
| 109|0x00000000a6d00000, 0x00000000a6e00000, 0x00000000a6e00000|100%| O|  |TAMS 0x00000000a6d8bc00, 0x00000000a6d00000| Untracked 
| 110|0x00000000a6e00000, 0x00000000a6f00000, 0x00000000a6f00000|100%| O|  |TAMS 0x00000000a6e00000, 0x00000000a6e00000| Untracked 
| 111|0x00000000a6f00000, 0x00000000a7000000, 0x00000000a7000000|100%| O|  |TAMS 0x00000000a6f00000, 0x00000000a6f00000| Untracked 
| 112|0x00000000a7000000, 0x00000000a7100000, 0x00000000a7100000|100%| O|  |TAMS 0x00000000a7000000, 0x00000000a7000000| Untracked 
| 113|0x00000000a7100000, 0x00000000a7200000, 0x00000000a7200000|100%| O|  |TAMS 0x00000000a7100000, 0x00000000a7100000| Untracked 
| 114|0x00000000a7200000, 0x00000000a7300000, 0x00000000a7300000|100%| O|  |TAMS 0x00000000a7200000, 0x00000000a7200000| Untracked 
| 115|0x00000000a7300000, 0x00000000a7300000, 0x00000000a7400000|  0%| F|  |TAMS 0x00000000a7300000, 0x00000000a7300000| Untracked 
| 116|0x00000000a7400000, 0x00000000a7400000, 0x00000000a7500000|  0%| F|  |TAMS 0x00000000a7400000, 0x00000000a7400000| Untracked 
| 117|0x00000000a7500000, 0x00000000a7500000, 0x00000000a7600000|  0%| F|  |TAMS 0x00000000a7500000, 0x00000000a7500000| Untracked 
| 118|0x00000000a7600000, 0x00000000a7600000, 0x00000000a7700000|  0%| F|  |TAMS 0x00000000a7600000, 0x00000000a7600000| Untracked 
| 119|0x00000000a7700000, 0x00000000a7700000, 0x00000000a7800000|  0%| F|  |TAMS 0x00000000a7700000, 0x00000000a7700000| Untracked 
| 120|0x00000000a7800000, 0x00000000a7800000, 0x00000000a7900000|  0%| F|  |TAMS 0x00000000a7800000, 0x00000000a7800000| Untracked 
| 121|0x00000000a7900000, 0x00000000a7900000, 0x00000000a7a00000|  0%| F|  |TAMS 0x00000000a7900000, 0x00000000a7900000| Untracked 
| 122|0x00000000a7a00000, 0x00000000a7a00000, 0x00000000a7b00000|  0%| F|  |TAMS 0x00000000a7a00000, 0x00000000a7a00000| Untracked 
| 123|0x00000000a7b00000, 0x00000000a7b00000, 0x00000000a7c00000|  0%| F|  |TAMS 0x00000000a7b00000, 0x00000000a7b00000| Untracked 
| 124|0x00000000a7c00000, 0x00000000a7c00000, 0x00000000a7d00000|  0%| F|  |TAMS 0x00000000a7c00000, 0x00000000a7c00000| Untracked 
| 125|0x00000000a7d00000, 0x00000000a7d00000, 0x00000000a7e00000|  0%| F|  |TAMS 0x00000000a7d00000, 0x00000000a7d00000| Untracked 
| 126|0x00000000a7e00000, 0x00000000a7e00000, 0x00000000a7f00000|  0%| F|  |TAMS 0x00000000a7e00000, 0x00000000a7e00000| Untracked 
| 127|0x00000000a7f00000, 0x00000000a7f00000, 0x00000000a8000000|  0%| F|  |TAMS 0x00000000a7f00000, 0x00000000a7f00000| Untracked 
| 128|0x00000000a8000000, 0x00000000a8000000, 0x00000000a8100000|  0%| F|  |TAMS 0x00000000a8000000, 0x00000000a8000000| Untracked 
| 129|0x00000000a8100000, 0x00000000a8100000, 0x00000000a8200000|  0%| F|  |TAMS 0x00000000a8100000, 0x00000000a8100000| Untracked 
| 130|0x00000000a8200000, 0x00000000a8200000, 0x00000000a8300000|  0%| F|  |TAMS 0x00000000a8200000, 0x00000000a8200000| Untracked 
| 131|0x00000000a8300000, 0x00000000a8300000, 0x00000000a8400000|  0%| F|  |TAMS 0x00000000a8300000, 0x00000000a8300000| Untracked 
| 132|0x00000000a8400000, 0x00000000a8400000, 0x00000000a8500000|  0%| F|  |TAMS 0x00000000a8400000, 0x00000000a8400000| Untracked 
| 133|0x00000000a8500000, 0x00000000a8600000, 0x00000000a8600000|100%| S|CS|TAMS 0x00000000a8500000, 0x00000000a8500000| Complete 
| 134|0x00000000a8600000, 0x00000000a8700000, 0x00000000a8700000|100%| S|CS|TAMS 0x00000000a8600000, 0x00000000a8600000| Complete 
| 135|0x00000000a8700000, 0x00000000a8800000, 0x00000000a8800000|100%| S|CS|TAMS 0x00000000a8700000, 0x00000000a8700000| Complete 
| 136|0x00000000a8800000, 0x00000000a8900000, 0x00000000a8900000|100%| S|CS|TAMS 0x00000000a8800000, 0x00000000a8800000| Complete 
| 137|0x00000000a8900000, 0x00000000a8a00000, 0x00000000a8a00000|100%| S|CS|TAMS 0x00000000a8900000, 0x00000000a8900000| Complete 
| 138|0x00000000a8a00000, 0x00000000a8b00000, 0x00000000a8b00000|100%| S|CS|TAMS 0x00000000a8a00000, 0x00000000a8a00000| Complete 
| 139|0x00000000a8b00000, 0x00000000a8b00000, 0x00000000a8c00000|  0%| F|  |TAMS 0x00000000a8b00000, 0x00000000a8b00000| Untracked 
| 140|0x00000000a8c00000, 0x00000000a8c00000, 0x00000000a8d00000|  0%| F|  |TAMS 0x00000000a8c00000, 0x00000000a8c00000| Untracked 
| 141|0x00000000a8d00000, 0x00000000a8d00000, 0x00000000a8e00000|  0%| F|  |TAMS 0x00000000a8d00000, 0x00000000a8d00000| Untracked 
| 142|0x00000000a8e00000, 0x00000000a8e00000, 0x00000000a8f00000|  0%| F|  |TAMS 0x00000000a8e00000, 0x00000000a8e00000| Untracked 
| 143|0x00000000a8f00000, 0x00000000a9000000, 0x00000000a9000000|100%| S|CS|TAMS 0x00000000a8f00000, 0x00000000a8f00000| Complete 
| 144|0x00000000a9000000, 0x00000000a9000000, 0x00000000a9100000|  0%| F|  |TAMS 0x00000000a9000000, 0x00000000a9000000| Untracked 
| 145|0x00000000a9100000, 0x00000000a9100000, 0x00000000a9200000|  0%| F|  |TAMS 0x00000000a9100000, 0x00000000a9100000| Untracked 
| 146|0x00000000a9200000, 0x00000000a9200000, 0x00000000a9300000|  0%| F|  |TAMS 0x00000000a9200000, 0x00000000a9200000| Untracked 
| 147|0x00000000a9300000, 0x00000000a9300000, 0x00000000a9400000|  0%| F|  |TAMS 0x00000000a9300000, 0x00000000a9300000| Untracked 
| 148|0x00000000a9400000, 0x00000000a9400000, 0x00000000a9500000|  0%| F|  |TAMS 0x00000000a9400000, 0x00000000a9400000| Untracked 
| 149|0x00000000a9500000, 0x00000000a9500000, 0x00000000a9600000|  0%| F|  |TAMS 0x00000000a9500000, 0x00000000a9500000| Untracked 
| 150|0x00000000a9600000, 0x00000000a9600000, 0x00000000a9700000|  0%| F|  |TAMS 0x00000000a9600000, 0x00000000a9600000| Untracked 
| 151|0x00000000a9700000, 0x00000000a9700000, 0x00000000a9800000|  0%| F|  |TAMS 0x00000000a9700000, 0x00000000a9700000| Untracked 
| 152|0x00000000a9800000, 0x00000000a9800000, 0x00000000a9900000|  0%| F|  |TAMS 0x00000000a9800000, 0x00000000a9800000| Untracked 
| 153|0x00000000a9900000, 0x00000000a9900000, 0x00000000a9a00000|  0%| F|  |TAMS 0x00000000a9900000, 0x00000000a9900000| Untracked 
| 154|0x00000000a9a00000, 0x00000000a9a00000, 0x00000000a9b00000|  0%| F|  |TAMS 0x00000000a9a00000, 0x00000000a9a00000| Untracked 
| 155|0x00000000a9b00000, 0x00000000a9b00000, 0x00000000a9c00000|  0%| F|  |TAMS 0x00000000a9b00000, 0x00000000a9b00000| Untracked 
| 156|0x00000000a9c00000, 0x00000000a9c00000, 0x00000000a9d00000|  0%| F|  |TAMS 0x00000000a9c00000, 0x00000000a9c00000| Untracked 
| 157|0x00000000a9d00000, 0x00000000a9d00000, 0x00000000a9e00000|  0%| F|  |TAMS 0x00000000a9d00000, 0x00000000a9d00000| Untracked 
| 158|0x00000000a9e00000, 0x00000000a9e00000, 0x00000000a9f00000|  0%| F|  |TAMS 0x00000000a9e00000, 0x00000000a9e00000| Untracked 
| 159|0x00000000a9f00000, 0x00000000a9f00000, 0x00000000aa000000|  0%| F|  |TAMS 0x00000000a9f00000, 0x00000000a9f00000| Untracked 
| 160|0x00000000aa000000, 0x00000000aa000000, 0x00000000aa100000|  0%| F|  |TAMS 0x00000000aa000000, 0x00000000aa000000| Untracked 
| 161|0x00000000aa100000, 0x00000000aa100000, 0x00000000aa200000|  0%| F|  |TAMS 0x00000000aa100000, 0x00000000aa100000| Untracked 
| 162|0x00000000aa200000, 0x00000000aa200000, 0x00000000aa300000|  0%| F|  |TAMS 0x00000000aa200000, 0x00000000aa200000| Untracked 
| 163|0x00000000aa300000, 0x00000000aa300000, 0x00000000aa400000|  0%| F|  |TAMS 0x00000000aa300000, 0x00000000aa300000| Untracked 
| 164|0x00000000aa400000, 0x00000000aa400000, 0x00000000aa500000|  0%| F|  |TAMS 0x00000000aa400000, 0x00000000aa400000| Untracked 
| 165|0x00000000aa500000, 0x00000000aa500000, 0x00000000aa600000|  0%| F|  |TAMS 0x00000000aa500000, 0x00000000aa500000| Untracked 
| 166|0x00000000aa600000, 0x00000000aa600000, 0x00000000aa700000|  0%| F|  |TAMS 0x00000000aa600000, 0x00000000aa600000| Untracked 
| 167|0x00000000aa700000, 0x00000000aa700000, 0x00000000aa800000|  0%| F|  |TAMS 0x00000000aa700000, 0x00000000aa700000| Untracked 
| 168|0x00000000aa800000, 0x00000000aa800000, 0x00000000aa900000|  0%| F|  |TAMS 0x00000000aa800000, 0x00000000aa800000| Untracked 
| 169|0x00000000aa900000, 0x00000000aa900000, 0x00000000aaa00000|  0%| F|  |TAMS 0x00000000aa900000, 0x00000000aa900000| Untracked 
| 170|0x00000000aaa00000, 0x00000000aaa00000, 0x00000000aab00000|  0%| F|  |TAMS 0x00000000aaa00000, 0x00000000aaa00000| Untracked 
| 171|0x00000000aab00000, 0x00000000aabf87d8, 0x00000000aac00000| 97%| E|  |TAMS 0x00000000aab00000, 0x00000000aab00000| Complete 
| 172|0x00000000aac00000, 0x00000000aad00000, 0x00000000aad00000|100%| E|CS|TAMS 0x00000000aac00000, 0x00000000aac00000| Complete 
| 173|0x00000000aad00000, 0x00000000aadffff8, 0x00000000aae00000| 99%| E|CS|TAMS 0x00000000aad00000, 0x00000000aad00000| Complete 
| 174|0x00000000aae00000, 0x00000000aaf00000, 0x00000000aaf00000|100%| E|CS|TAMS 0x00000000aae00000, 0x00000000aae00000| Complete 
| 175|0x00000000aaf00000, 0x00000000ab000000, 0x00000000ab000000|100%| E|CS|TAMS 0x00000000aaf00000, 0x00000000aaf00000| Complete 
| 176|0x00000000ab000000, 0x00000000ab100000, 0x00000000ab100000|100%| E|CS|TAMS 0x00000000ab000000, 0x00000000ab000000| Complete 
| 177|0x00000000ab100000, 0x00000000ab200000, 0x00000000ab200000|100%| E|CS|TAMS 0x00000000ab100000, 0x00000000ab100000| Complete 
| 178|0x00000000ab200000, 0x00000000ab300000, 0x00000000ab300000|100%| E|CS|TAMS 0x00000000ab200000, 0x00000000ab200000| Complete 
| 179|0x00000000ab300000, 0x00000000ab400000, 0x00000000ab400000|100%| E|CS|TAMS 0x00000000ab300000, 0x00000000ab300000| Complete 
| 180|0x00000000ab400000, 0x00000000ab500000, 0x00000000ab500000|100%| E|CS|TAMS 0x00000000ab400000, 0x00000000ab400000| Complete 
| 181|0x00000000ab500000, 0x00000000ab600000, 0x00000000ab600000|100%| E|CS|TAMS 0x00000000ab500000, 0x00000000ab500000| Complete 
| 182|0x00000000ab600000, 0x00000000ab700000, 0x00000000ab700000|100%| E|CS|TAMS 0x00000000ab600000, 0x00000000ab600000| Complete 
| 183|0x00000000ab700000, 0x00000000ab800000, 0x00000000ab800000|100%| E|CS|TAMS 0x00000000ab700000, 0x00000000ab700000| Complete 
| 184|0x00000000ab800000, 0x00000000ab900000, 0x00000000ab900000|100%| E|CS|TAMS 0x00000000ab800000, 0x00000000ab800000| Complete 
| 185|0x00000000ab900000, 0x00000000aba00000, 0x00000000aba00000|100%| E|CS|TAMS 0x00000000ab900000, 0x00000000ab900000| Complete 
| 186|0x00000000aba00000, 0x00000000abb00000, 0x00000000abb00000|100%| E|CS|TAMS 0x00000000aba00000, 0x00000000aba00000| Complete 
| 187|0x00000000abb00000, 0x00000000abc00000, 0x00000000abc00000|100%| E|CS|TAMS 0x00000000abb00000, 0x00000000abb00000| Complete 
| 188|0x00000000abc00000, 0x00000000abd00000, 0x00000000abd00000|100%| E|CS|TAMS 0x00000000abc00000, 0x00000000abc00000| Complete 
| 189|0x00000000abd00000, 0x00000000abe00000, 0x00000000abe00000|100%| E|CS|TAMS 0x00000000abd00000, 0x00000000abd00000| Complete 
| 190|0x00000000abe00000, 0x00000000abf00000, 0x00000000abf00000|100%| E|CS|TAMS 0x00000000abe00000, 0x00000000abe00000| Complete 
| 191|0x00000000abf00000, 0x00000000ac000000, 0x00000000ac000000|100%| E|CS|TAMS 0x00000000abf00000, 0x00000000abf00000| Complete 
| 192|0x00000000ac000000, 0x00000000ac100000, 0x00000000ac100000|100%| E|CS|TAMS 0x00000000ac000000, 0x00000000ac000000| Complete 
| 193|0x00000000ac100000, 0x00000000ac200000, 0x00000000ac200000|100%| E|CS|TAMS 0x00000000ac100000, 0x00000000ac100000| Complete 
| 194|0x00000000ac200000, 0x00000000ac300000, 0x00000000ac300000|100%| E|CS|TAMS 0x00000000ac200000, 0x00000000ac200000| Complete 

Card table byte_map: [0x00000221176b0000,0x00000221179b0000] _byte_map_base: 0x00000221171b0000

Marking Bits (Prev, Next): (CMBitMap*) 0x000002210268aba8, (CMBitMap*) 0x000002210268abe0
 Prev Bits: [0x0000022117cb0000, 0x00000221194b0000)
 Next Bits: [0x00000221194b0000, 0x000002211acb0000)

Polling page: 0x0000022102720000

Metaspace:

Usage:
  Non-class:     87.93 MB capacity,    86.08 MB ( 98%) used,     1.54 MB (  2%) free+waste,   312.75 KB ( <1%) overhead. 
      Class:     13.47 MB capacity,    12.48 MB ( 93%) used,   877.82 KB (  6%) free+waste,   139.88 KB (  1%) overhead. 
       Both:    101.40 MB capacity,    98.56 MB ( 97%) used,     2.40 MB (  2%) free+waste,   452.63 KB ( <1%) overhead. 

Virtual space:
  Non-class space:       90.00 MB reserved,      88.17 MB ( 98%) committed 
      Class space:        1.00 GB reserved,      13.50 MB (  1%) committed 
             Both:        1.09 GB reserved,     101.67 MB (  9%) committed 

Chunk freelists:
   Non-Class:  57.00 KB
       Class:  0 bytes
        Both:  57.00 KB

MaxMetaspaceSize: 17179869184.00 GB
CompressedClassSpaceSize: 1.00 GB

CodeHeap 'non-profiled nmethods': size=120000Kb used=6728Kb max_used=6728Kb free=113271Kb
 bounds [0x000002210f420000, 0x000002210fac0000, 0x0000022116950000]
CodeHeap 'profiled nmethods': size=120000Kb used=31842Kb max_used=31842Kb free=88157Kb
 bounds [0x0000022107ef0000, 0x0000022109e10000, 0x000002210f420000]
CodeHeap 'non-nmethods': size=5760Kb used=2297Kb max_used=2339Kb free=3462Kb
 bounds [0x0000022107950000, 0x0000022107bc0000, 0x0000022107ef0000]
 total_blobs=15507 nmethods=14601 adapters=816
 compilation: enabled
              stopped_count=0, restarted_count=0
 full_count=0

Compilation events (20 events):
Event: 162.396 Thread 0x000002211d78e800 15004       3       org.gradle.internal.execution.steps.SkipUpToDateStep$$Lambda$742/0x0000000100998840::get$Lambda (10 bytes)
Event: 162.397 Thread 0x000002211d78e800 nmethod 15004 0x0000022109dff110 code [0x0000022109dff2e0, 0x0000022109dff598]
Event: 162.398 Thread 0x000002211d78e800 15005       3       org.gradle.internal.execution.steps.SkipUpToDateStep$$Lambda$752/0x000000010099ac40::get$Lambda (10 bytes)
Event: 162.399 Thread 0x000002211d78e800 nmethod 15005 0x0000022109dff690 code [0x0000022109dff860, 0x0000022109dffb18]
Event: 162.400 Thread 0x000002211d78e800 15006       3       org.gradle.internal.execution.steps.SkipUpToDateStep::execute (62 bytes)
Event: 162.403 Thread 0x0000022127639800 nmethod 14996 0x000002210faa1410 code [0x000002210faa1620, 0x000002210faa2458]
Event: 162.403 Thread 0x0000022127639800 14989   !   4       java.nio.file.FileTreeWalker::getAttributes (126 bytes)
Event: 162.405 Thread 0x000002211d78e800 nmethod 15006 0x0000022109dffc10 code [0x0000022109e00080, 0x0000022109e02408]
Event: 162.405 Thread 0x000002211d78e800 15007       3       org.gradle.internal.execution.steps.ResolveChangesStep$$Lambda$715/0x000000010098a040::<init> (20 bytes)
Event: 162.405 Thread 0x000002211d78e800 nmethod 15007 0x0000022109e02f90 code [0x0000022109e03140, 0x0000022109e033b8]
Event: 162.405 Thread 0x000002211d78e800 15008       3       org.gradle.api.internal.artifacts.transform.DefaultTransformerInvocationFactory::snapshotOutputs (70 bytes)
Event: 162.409 Thread 0x000002211d78e800 nmethod 15008 0x0000022109e03490 code [0x0000022109e03960, 0x0000022109e06688]
Event: 162.410 Thread 0x000002211d78e800 15009       3       org.gradle.api.internal.artifacts.transform.DefaultTransformerInvocationFactory$2$$Lambda$578/0x000000010095c440::<init> (68 bytes)
Event: 162.410 Thread 0x000002211d78e800 nmethod 15009 0x0000022109e07490 code [0x0000022109e07660, 0x0000022109e07bd8]
Event: 162.416 Thread 0x000002211d78e800 15011   !   3       org.gradle.api.internal.artifacts.transform.DefaultTransformerInvocationFactory::fireTransformListeners (52 bytes)
Event: 162.416 Thread 0x000002211d78e800 nmethod 15011 0x0000022109e07d10 code [0x0000022109e07f00, 0x0000022109e08478]
Event: 162.434 Thread 0x000002211d78e800 15012       3       org.gradle.api.internal.artifacts.transform.DefaultTransformer::isIsolated (13 bytes)
Event: 162.435 Thread 0x000002211d78e800 nmethod 15012 0x0000022109e08690 code [0x0000022109e08840, 0x0000022109e08998]
Event: 162.552 Thread 0x000002211d78e800 15015       1       org.gradle.internal.fingerprint.classpath.impl.ClasspathFingerprintingStrategy::normalizePath (3 bytes)
Event: 162.552 Thread 0x000002211d78e800 nmethod 15015 0x000002210faa2b10 code [0x000002210faa2cc0, 0x000002210faa2d78]

GC Heap History (20 events):
Event: 29.175 GC heap before
{Heap before GC invocations=49 (full 0):
 garbage-first heap   total 165888K, used 117683K [0x00000000a0000000, 0x0000000100000000)
  region size 1024K, 8 young (8192K), 2 survivors (2048K)
 Metaspace       used 84450K, capacity 86557K, committed 86832K, reserved 1124352K
  class space    used 10640K, capacity 11345K, committed 11392K, reserved 1048576K
}
Event: 29.180 GC heap after
{Heap after GC invocations=50 (full 0):
 garbage-first heap   total 165888K, used 110187K [0x00000000a0000000, 0x0000000100000000)
  region size 1024K, 1 young (1024K), 1 survivors (1024K)
 Metaspace       used 84450K, capacity 86557K, committed 86832K, reserved 1124352K
  class space    used 10640K, capacity 11345K, committed 11392K, reserved 1048576K
}
Event: 32.250 GC heap before
{Heap before GC invocations=50 (full 0):
 garbage-first heap   total 165888K, used 125547K [0x00000000a0000000, 0x0000000100000000)
  region size 1024K, 17 young (17408K), 1 survivors (1024K)
 Metaspace       used 84570K, capacity 86641K, committed 86832K, reserved 1124352K
  class space    used 10649K, capacity 11351K, committed 11392K, reserved 1048576K
}
Event: 32.255 GC heap after
{Heap after GC invocations=51 (full 0):
 garbage-first heap   total 165888K, used 110766K [0x00000000a0000000, 0x0000000100000000)
  region size 1024K, 2 young (2048K), 2 survivors (2048K)
 Metaspace       used 84570K, capacity 86641K, committed 86832K, reserved 1124352K
  class space    used 10649K, capacity 11351K, committed 11392K, reserved 1048576K
}
Event: 32.559 GC heap before
{Heap before GC invocations=51 (full 0):
 garbage-first heap   total 165888K, used 127150K [0x00000000a0000000, 0x0000000100000000)
  region size 1024K, 19 young (19456K), 2 survivors (2048K)
 Metaspace       used 84724K, capacity 86871K, committed 87088K, reserved 1124352K
  class space    used 10649K, capacity 11351K, committed 11392K, reserved 1048576K
}
Event: 32.564 GC heap after
{Heap after GC invocations=52 (full 0):
 garbage-first heap   total 165888K, used 111493K [0x00000000a0000000, 0x0000000100000000)
  region size 1024K, 2 young (2048K), 2 survivors (2048K)
 Metaspace       used 84724K, capacity 86871K, committed 87088K, reserved 1124352K
  class space    used 10649K, capacity 11351K, committed 11392K, reserved 1048576K
}
Event: 32.836 GC heap before
{Heap before GC invocations=52 (full 0):
 garbage-first heap   total 165888K, used 129925K [0x00000000a0000000, 0x0000000100000000)
  region size 1024K, 21 young (21504K), 2 survivors (2048K)
 Metaspace       used 85126K, capacity 87323K, committed 87472K, reserved 1126400K
  class space    used 10707K, capacity 11450K, committed 11520K, reserved 1048576K
}
Event: 32.842 GC heap after
{Heap after GC invocations=53 (full 0):
 garbage-first heap   total 165888K, used 112464K [0x00000000a0000000, 0x0000000100000000)
  region size 1024K, 3 young (3072K), 3 survivors (3072K)
 Metaspace       used 85126K, capacity 87323K, committed 87472K, reserved 1126400K
  class space    used 10707K, capacity 11450K, committed 11520K, reserved 1048576K
}
Event: 33.360 GC heap before
{Heap before GC invocations=54 (full 0):
 garbage-first heap   total 165888K, used 129872K [0x00000000a0000000, 0x0000000100000000)
  region size 1024K, 23 young (23552K), 3 survivors (3072K)
 Metaspace       used 88677K, capacity 91002K, committed 91184K, reserved 1128448K
  class space    used 11260K, capacity 12063K, committed 12160K, reserved 1048576K
}
Event: 33.367 GC heap after
{Heap after GC invocations=55 (full 0):
 garbage-first heap   total 165888K, used 112440K [0x00000000a0000000, 0x0000000100000000)
  region size 1024K, 3 young (3072K), 3 survivors (3072K)
 Metaspace       used 88677K, capacity 91002K, committed 91184K, reserved 1128448K
  class space    used 11260K, capacity 12063K, committed 12160K, reserved 1048576K
}
Event: 33.501 GC heap before
{Heap before GC invocations=55 (full 0):
 garbage-first heap   total 165888K, used 116536K [0x00000000a0000000, 0x0000000100000000)
  region size 1024K, 8 young (8192K), 3 survivors (3072K)
 Metaspace       used 89814K, capacity 92256K, committed 92336K, reserved 1130496K
  class space    used 11452K, capacity 12275K, committed 12288K, reserved 1048576K
}
Event: 33.512 GC heap after
{Heap after GC invocations=56 (full 0):
 garbage-first heap   total 165888K, used 100563K [0x00000000a0000000, 0x0000000100000000)
  region size 1024K, 1 young (1024K), 1 survivors (1024K)
 Metaspace       used 89814K, capacity 92256K, committed 92336K, reserved 1130496K
  class space    used 11452K, capacity 12275K, committed 12288K, reserved 1048576K
}
Event: 33.894 GC heap before
{Heap before GC invocations=56 (full 0):
 garbage-first heap   total 165888K, used 127187K [0x00000000a0000000, 0x0000000100000000)
  region size 1024K, 28 young (28672K), 1 survivors (1024K)
 Metaspace       used 91857K, capacity 94406K, committed 94512K, reserved 1130496K
  class space    used 11738K, capacity 12645K, committed 12672K, reserved 1048576K
}
Event: 33.900 GC heap after
{Heap after GC invocations=57 (full 0):
 garbage-first heap   total 199680K, used 101013K [0x00000000a0000000, 0x0000000100000000)
  region size 1024K, 1 young (1024K), 1 survivors (1024K)
 Metaspace       used 91857K, capacity 94406K, committed 94512K, reserved 1130496K
  class space    used 11738K, capacity 12645K, committed 12672K, reserved 1048576K
}
Event: 35.414 GC heap before
{Heap before GC invocations=57 (full 0):
 garbage-first heap   total 199680K, used 149141K [0x00000000a0000000, 0x0000000100000000)
  region size 1024K, 48 young (49152K), 1 survivors (1024K)
 Metaspace       used 93319K, capacity 95879K, committed 96048K, reserved 1132544K
  class space    used 11965K, capacity 12863K, committed 12928K, reserved 1048576K
}
Event: 35.418 GC heap after
{Heap after GC invocations=58 (full 0):
 garbage-first heap   total 199680K, used 101777K [0x00000000a0000000, 0x0000000100000000)
  region size 1024K, 2 young (2048K), 2 survivors (2048K)
 Metaspace       used 93319K, capacity 95879K, committed 96048K, reserved 1132544K
  class space    used 11965K, capacity 12863K, committed 12928K, reserved 1048576K
}
Event: 36.484 GC heap before
{Heap before GC invocations=58 (full 0):
 garbage-first heap   total 199680K, used 154001K [0x00000000a0000000, 0x0000000100000000)
  region size 1024K, 52 young (53248K), 2 survivors (2048K)
 Metaspace       used 96334K, capacity 99076K, committed 99376K, reserved 1134592K
  class space    used 12432K, capacity 13379K, committed 13440K, reserved 1048576K
}
Event: 36.489 GC heap after
{Heap after GC invocations=59 (full 0):
 garbage-first heap   total 199680K, used 103569K [0x00000000a0000000, 0x0000000100000000)
  region size 1024K, 4 young (4096K), 4 survivors (4096K)
 Metaspace       used 96334K, capacity 99076K, committed 99376K, reserved 1134592K
  class space    used 12432K, capacity 13379K, committed 13440K, reserved 1048576K
}
Event: 161.967 GC heap before
{Heap before GC invocations=59 (full 0):
 garbage-first heap   total 199680K, used 154769K [0x00000000a0000000, 0x0000000100000000)
  region size 1024K, 55 young (56320K), 4 survivors (4096K)
 Metaspace       used 100897K, capacity 103831K, committed 104112K, reserved 1140736K
  class space    used 12779K, capacity 13797K, committed 13824K, reserved 1048576K
}
Event: 162.032 GC heap after
{Heap after GC invocations=60 (full 0):
 garbage-first heap   total 199680K, used 108263K [0x00000000a0000000, 0x0000000100000000)
  region size 1024K, 7 young (7168K), 7 survivors (7168K)
 Metaspace       used 100897K, capacity 103831K, committed 104112K, reserved 1140736K
  class space    used 12779K, capacity 13797K, committed 13824K, reserved 1048576K
}

Deoptimization events (20 events):
Event: 161.887 Thread 0x0000022124847800 Uncommon trap: trap_request=0xffffffc6 fr.pc=0x000002210fa73f24 relative=0x0000000000000ec4
Event: 161.887 Thread 0x0000022124847800 Uncommon trap: reason=bimorphic_or_optimized_type_check action=maybe_recompile pc=0x000002210fa73f24 method=java.util.TreeMap.put(Ljava/lang/Object;Ljava/lang/Object;)Ljava/lang/Object; @ 141 c2
Event: 161.887 Thread 0x0000022124847800 DEOPT PACKING pc=0x000002210fa73f24 sp=0x000000671b4fbd50
Event: 161.887 Thread 0x0000022124847800 DEOPT UNPACKING pc=0x000002210797662f sp=0x000000671b4fbcb0 mode 2
Event: 161.887 Thread 0x0000022124847800 Uncommon trap: trap_request=0xffffffc6 fr.pc=0x000002210fa73f24 relative=0x0000000000000ec4
Event: 161.887 Thread 0x0000022124847800 Uncommon trap: reason=bimorphic_or_optimized_type_check action=maybe_recompile pc=0x000002210fa73f24 method=java.util.TreeMap.put(Ljava/lang/Object;Ljava/lang/Object;)Ljava/lang/Object; @ 141 c2
Event: 161.887 Thread 0x0000022124847800 DEOPT PACKING pc=0x000002210fa73f24 sp=0x000000671b4fbd50
Event: 161.887 Thread 0x0000022124847800 DEOPT UNPACKING pc=0x000002210797662f sp=0x000000671b4fbcb0 mode 2
Event: 162.203 Thread 0x0000022124847800 Uncommon trap: trap_request=0xffffff4d fr.pc=0x000002210f7f3050 relative=0x0000000000000b50
Event: 162.203 Thread 0x0000022124847800 Uncommon trap: reason=unstable_if action=reinterpret pc=0x000002210f7f3050 method=java.util.concurrent.ConcurrentLinkedQueue.updateHead(Ljava/util/concurrent/ConcurrentLinkedQueue$Node;Ljava/util/concurrent/ConcurrentLinkedQueue$Node;)V @ 14 c2
Event: 162.203 Thread 0x0000022124847800 DEOPT PACKING pc=0x000002210f7f3050 sp=0x000000671b4fa7e0
Event: 162.204 Thread 0x0000022124847800 DEOPT UNPACKING pc=0x000002210797662f sp=0x000000671b4fa6c8 mode 2
Event: 162.253 Thread 0x0000022122634000 Uncommon trap: trap_request=0xffffff4d fr.pc=0x000002210f7870a8 relative=0x0000000000000568
Event: 162.253 Thread 0x0000022122634000 Uncommon trap: reason=unstable_if action=reinterpret pc=0x000002210f7870a8 method=java.util.concurrent.ConcurrentLinkedQueue.updateHead(Ljava/util/concurrent/ConcurrentLinkedQueue$Node;Ljava/util/concurrent/ConcurrentLinkedQueue$Node;)V @ 14 c2
Event: 162.253 Thread 0x0000022122634000 DEOPT PACKING pc=0x000002210f7870a8 sp=0x000000671dbfd120
Event: 162.253 Thread 0x0000022122634000 DEOPT UNPACKING pc=0x000002210797662f sp=0x000000671dbfd068 mode 2
Event: 162.284 Thread 0x000002212262c000 DEOPT PACKING pc=0x0000022109a39c53 sp=0x000000671d3fc400
Event: 162.284 Thread 0x000002212262c000 DEOPT UNPACKING pc=0x0000022107976dde sp=0x000000671d3fb938 mode 0
Event: 162.357 Thread 0x0000022122631800 DEOPT PACKING pc=0x0000022109a39c53 sp=0x000000671dafbb10
Event: 162.358 Thread 0x0000022122631800 DEOPT UNPACKING pc=0x0000022107976dde sp=0x000000671dafb048 mode 0

Classes redefined (0 events):
No events

Internal exceptions (20 events):
Event: 33.923 Thread 0x0000022124846000 Exception <a 'sun/nio/fs/WindowsException'{0x00000000ac269790}> (0x00000000ac269790) thrown at [./src/hotspot/share/prims/jni.cpp, line 615]
Event: 34.421 Thread 0x0000022122631800 Exception <a 'java/lang/NoSuchMethodError'{0x00000000abd42558}: <clinit>> (0x00000000abd42558) thrown at [./src/hotspot/share/prims/jni.cpp, line 1362]
Event: 34.792 Thread 0x0000022124847000 Exception <a 'sun/nio/fs/WindowsException'{0x00000000ab1f6c70}> (0x00000000ab1f6c70) thrown at [./src/hotspot/share/prims/jni.cpp, line 615]
Event: 35.025 Thread 0x0000022124851800 Implicit null exception at 0x000002210f58372f to 0x000002210f583820
Event: 35.025 Thread 0x0000022124850800 Implicit null exception at 0x000002210f58372f to 0x000002210f583820
Event: 35.025 Thread 0x000002212484e000 Implicit null exception at 0x000002210f58372f to 0x000002210f583820
Event: 35.025 Thread 0x000002212484c000 Implicit null exception at 0x000002210f58372f to 0x000002210f583820
Event: 35.025 Thread 0x000002212484c800 Implicit null exception at 0x000002210f58372f to 0x000002210f583820
Event: 35.283 Thread 0x000002212484c000 Exception <a 'sun/nio/fs/WindowsException'{0x00000000a9702308}> (0x00000000a9702308) thrown at [./src/hotspot/share/prims/jni.cpp, line 615]
Event: 35.386 Thread 0x0000022122631800 Exception <a 'java/lang/NoSuchMethodError'{0x00000000a964c1a8}: <clinit>> (0x00000000a964c1a8) thrown at [./src/hotspot/share/prims/jni.cpp, line 1362]
Event: 35.387 Thread 0x0000022122631800 Exception <a 'java/lang/NoSuchMethodError'{0x00000000a964f428}: <clinit>> (0x00000000a964f428) thrown at [./src/hotspot/share/prims/jni.cpp, line 1362]
Event: 35.391 Thread 0x0000022122631800 Exception <a 'java/lang/NoSuchMethodError'{0x00000000a966c7c8}: <clinit>> (0x00000000a966c7c8) thrown at [./src/hotspot/share/prims/jni.cpp, line 1362]
Event: 36.550 Thread 0x000002211f3a3000 Exception <a 'java/lang/NoSuchMethodError'{0x00000000abe802a0}: 'int java.lang.invoke.DirectMethodHandle$Holder.invokeStatic(java.lang.Object, int, int, java.lang.Object)'> (0x00000000abe802a0) thrown at [./src/hotspot/share/interpreter/linkResolver.cpp, line 773]
Event: 36.672 Thread 0x000002211f3a3000 Exception <a 'sun/nio/fs/WindowsException'{0x00000000ab91dd60}> (0x00000000ab91dd60) thrown at [./src/hotspot/share/prims/jni.cpp, line 615]
Event: 36.828 Thread 0x000002211f787800 Exception <a 'java/lang/NoSuchMethodError'{0x00000000ab31bdd8}: <clinit>> (0x00000000ab31bdd8) thrown at [./src/hotspot/share/prims/jni.cpp, line 1362]
Event: 36.830 Thread 0x000002211f787800 Exception <a 'java/lang/NoSuchMethodError'{0x00000000ab328208}: <clinit>> (0x00000000ab328208) thrown at [./src/hotspot/share/prims/jni.cpp, line 1362]
Event: 36.836 Thread 0x000002211f787800 Exception <a 'java/lang/NoSuchMethodError'{0x00000000ab3322b8}: <clinit>> (0x00000000ab3322b8) thrown at [./src/hotspot/share/prims/jni.cpp, line 1362]
Event: 36.840 Thread 0x000002211f787800 Exception <a 'java/lang/NoSuchMethodError'{0x00000000ab3a5ec0}: <clinit>> (0x00000000ab3a5ec0) thrown at [./src/hotspot/share/prims/jni.cpp, line 1362]
Event: 36.841 Thread 0x000002211f787800 Exception <a 'java/lang/NoSuchMethodError'{0x00000000ab3b4828}: <clinit>> (0x00000000ab3b4828) thrown at [./src/hotspot/share/prims/jni.cpp, line 1362]
Event: 161.321 Thread 0x0000022124847800 Implicit null exception at 0x000002210fa5db15 to 0x000002210fa5e004

Events (20 events):
Event: 161.768 Executing VM operation: RevokeBias done
Event: 161.966 Executing VM operation: G1CollectForAllocation
Event: 162.032 Executing VM operation: G1CollectForAllocation done
Event: 162.109 loading class com/google/common/base/Equivalence$1
Event: 162.109 loading class com/google/common/base/Equivalence$1 done
Event: 162.171 Thread 0x000002212262c000 Thread added: 0x000002212262c000
Event: 162.171 Thread 0x0000022122630000 Thread added: 0x0000022122630000
Event: 162.171 Thread 0x000002212262a000 Thread added: 0x000002212262a000
Event: 162.171 Thread 0x0000022122631000 Thread added: 0x0000022122631000
Event: 162.172 Thread 0x000002212262b000 Thread added: 0x000002212262b000
Event: 162.172 Thread 0x0000022122631800 Thread added: 0x0000022122631800
Event: 162.174 Thread 0x0000022122634000 Thread added: 0x0000022122634000
Event: 162.178 Executing VM operation: RevokeBias
Event: 162.178 Executing VM operation: RevokeBias done
Event: 162.194 Executing VM operation: RevokeBias
Event: 162.195 Executing VM operation: RevokeBias done
Event: 162.195 Executing VM operation: RevokeBias
Event: 162.195 Executing VM operation: RevokeBias done
Event: 162.206 Executing VM operation: RevokeBias
Event: 162.207 Executing VM operation: RevokeBias done


Dynamic libraries:
0x00007ff766be0000 - 0x00007ff766bea000 	D:\Androidstudio2021\jre\bin\java.exe
0x00007ff966820000 - 0x00007ff966a10000 	C:\WINDOWS\SYSTEM32\ntdll.dll
0x00007ff9648e0000 - 0x00007ff964992000 	C:\WINDOWS\System32\KERNEL32.DLL
0x00007ff964050000 - 0x00007ff9642f5000 	C:\WINDOWS\System32\KERNELBASE.dll
0x00007ff9645a0000 - 0x00007ff96469a000 	C:\WINDOWS\System32\ucrtbase.dll
0x00007ff95cac0000 - 0x00007ff95cad9000 	D:\Androidstudio2021\jre\bin\jli.dll
0x00007ff95caa0000 - 0x00007ff95cab7000 	D:\Androidstudio2021\jre\bin\VCRUNTIME140.dll
0x00007ff9662d0000 - 0x00007ff966464000 	C:\WINDOWS\System32\USER32.dll
0x00007ff963fc0000 - 0x00007ff963fe1000 	C:\WINDOWS\System32\win32u.dll
0x00007ff965130000 - 0x00007ff965156000 	C:\WINDOWS\System32\GDI32.dll
0x00007ff964390000 - 0x00007ff964528000 	C:\WINDOWS\System32\gdi32full.dll
0x00007ff964830000 - 0x00007ff9648ce000 	C:\WINDOWS\System32\msvcp_win.dll
0x00007ff950b30000 - 0x00007ff950db4000 	C:\WINDOWS\WinSxS\amd64_microsoft.windows.common-controls_6595b64144ccf1df_6.0.18362.1556_none_9e7e372fe45e41d5\COMCTL32.dll
0x00007ff964ed0000 - 0x00007ff964f6e000 	C:\WINDOWS\System32\msvcrt.dll
0x00007ff965230000 - 0x00007ff965566000 	C:\WINDOWS\System32\combase.dll
0x00007ff966470000 - 0x00007ff96658f000 	C:\WINDOWS\System32\RPCRT4.dll
0x00007ff964300000 - 0x00007ff964381000 	C:\WINDOWS\System32\bcryptPrimitives.dll
0x00007ff966740000 - 0x00007ff96676e000 	C:\WINDOWS\System32\IMM32.DLL
0x00007ff938cc0000 - 0x00007ff938d5d000 	D:\Androidstudio2021\jre\bin\msvcp140.dll
0x00007ff8f3440000 - 0x00007ff8f3f15000 	D:\Androidstudio2021\jre\bin\server\jvm.dll
0x00007ff966140000 - 0x00007ff9661e3000 	C:\WINDOWS\System32\ADVAPI32.dll
0x00007ff964e30000 - 0x00007ff964ec7000 	C:\WINDOWS\System32\sechost.dll
0x00007ff961650000 - 0x00007ff961674000 	C:\WINDOWS\SYSTEM32\WINMM.dll
0x00007ff951a60000 - 0x00007ff951a69000 	C:\WINDOWS\SYSTEM32\WSOCK32.dll
0x00007ff9648d0000 - 0x00007ff9648d8000 	C:\WINDOWS\System32\PSAPI.DLL
0x00007ff966770000 - 0x00007ff9667df000 	C:\WINDOWS\System32\WS2_32.dll
0x00007ff95af30000 - 0x00007ff95af3a000 	C:\WINDOWS\SYSTEM32\VERSION.dll
0x00007ff961620000 - 0x00007ff96164d000 	C:\WINDOWS\SYSTEM32\WINMMBASE.dll
0x00007ff964550000 - 0x00007ff96459a000 	C:\WINDOWS\System32\cfgmgr32.dll
0x00007ff9636e0000 - 0x00007ff9636f1000 	C:\WINDOWS\System32\kernel.appcore.dll
0x00007ff952340000 - 0x00007ff952351000 	D:\Androidstudio2021\jre\bin\verify.dll
0x00007ff9541c0000 - 0x00007ff9543b4000 	C:\WINDOWS\SYSTEM32\DBGHELP.DLL
0x00007ff9538d0000 - 0x00007ff9538fa000 	C:\WINDOWS\SYSTEM32\dbgcore.DLL
0x00007ff946990000 - 0x00007ff9469b9000 	D:\Androidstudio2021\jre\bin\java.dll
0x00007ff95fce0000 - 0x00007ff95fceb000 	D:\Androidstudio2021\jre\bin\jimage.dll
0x00007ff9468f0000 - 0x00007ff946908000 	D:\Androidstudio2021\jre\bin\zip.dll
0x00007ff965a50000 - 0x00007ff966137000 	C:\WINDOWS\System32\SHELL32.dll
0x00007ff9659a0000 - 0x00007ff965a48000 	C:\WINDOWS\System32\shcore.dll
0x00007ff963840000 - 0x00007ff963fbb000 	C:\WINDOWS\System32\windows.storage.dll
0x00007ff963770000 - 0x00007ff96378e000 	C:\WINDOWS\System32\profapi.dll
0x00007ff963720000 - 0x00007ff96376a000 	C:\WINDOWS\System32\powrprof.dll
0x00007ff9636d0000 - 0x00007ff9636e0000 	C:\WINDOWS\System32\UMPDC.dll
0x00007ff965760000 - 0x00007ff9657b2000 	C:\WINDOWS\System32\shlwapi.dll
0x00007ff964530000 - 0x00007ff964547000 	C:\WINDOWS\System32\cryptsp.dll
0x00007ff938d80000 - 0x00007ff938d9a000 	D:\Androidstudio2021\jre\bin\net.dll
0x00007ff958db0000 - 0x00007ff958eaa000 	C:\WINDOWS\SYSTEM32\WINHTTP.dll
0x0000000000400000 - 0x000000000184a000 	C:\WINDOWS\system32\networkdlllspx64.dll
0x00007ff965160000 - 0x00007ff965225000 	C:\WINDOWS\System32\oleaut32.dll
0x00007ff962710000 - 0x00007ff962741000 	C:\WINDOWS\SYSTEM32\ntmarta.dll
0x00007ff962eb0000 - 0x00007ff962f17000 	C:\WINDOWS\system32\mswsock.dll
0x00007ff958c80000 - 0x00007ff958c8a000 	C:\WINDOWS\system32\wshqos.dll
0x00007ff958c70000 - 0x00007ff958c78000 	C:\WINDOWS\SYSTEM32\wshtcpip.DLL
0x00007ff958c60000 - 0x00007ff958c68000 	C:\WINDOWS\SYSTEM32\wship6.dll
0x00007ff938d60000 - 0x00007ff938d74000 	D:\Androidstudio2021\jre\bin\nio.dll
0x00007ff95c9a0000 - 0x00007ff95c9c6000 	C:\Users\86133\.gradle\native\31\windows-amd64\native-platform.dll
0x00007ff95dd10000 - 0x00007ff95dd1a000 	D:\Androidstudio2021\jre\bin\management.dll
0x00007ff95c9f0000 - 0x00007ff95c9fd000 	D:\Androidstudio2021\jre\bin\management_ext.dll
0x00007ff962a30000 - 0x00007ff962a63000 	C:\WINDOWS\system32\rsaenh.dll
0x00007ff9646a0000 - 0x00007ff9646c6000 	C:\WINDOWS\System32\bcrypt.dll
0x00007ff9635f0000 - 0x00007ff963615000 	C:\WINDOWS\SYSTEM32\USERENV.dll
0x00007ff963080000 - 0x00007ff96308c000 	C:\WINDOWS\SYSTEM32\CRYPTBASE.dll
0x00007ff962bc0000 - 0x00007ff962bfa000 	C:\WINDOWS\SYSTEM32\IPHLPAPI.DLL
0x00007ff964f70000 - 0x00007ff964f78000 	C:\WINDOWS\System32\NSI.dll
0x00007ff95a500000 - 0x00007ff95a516000 	C:\WINDOWS\SYSTEM32\dhcpcsvc6.DLL
0x00007ff95a610000 - 0x00007ff95a62c000 	C:\WINDOWS\SYSTEM32\dhcpcsvc.DLL
0x00007ff962c00000 - 0x00007ff962ccb000 	C:\WINDOWS\SYSTEM32\DNSAPI.dll

dbghelp: loaded successfully - version: 4.0.5 - missing functions: none
symbol engine: initialized successfully - sym options: 0x614 - pdb path: .;D:\Androidstudio2021\jre\bin;C:\WINDOWS\SYSTEM32;C:\WINDOWS\WinSxS\amd64_microsoft.windows.common-controls_6595b64144ccf1df_6.0.18362.1556_none_9e7e372fe45e41d5;D:\Androidstudio2021\jre\bin\server;C:\Users\86133\.gradle\native\31\windows-amd64

VM Arguments:
jvm_args: --add-opens=java.base/java.util=ALL-UNNAMED --add-opens=java.base/java.lang=ALL-UNNAMED --add-opens=java.base/java.lang.invoke=ALL-UNNAMED --add-opens=java.prefs/java.util.prefs=ALL-UNNAMED -Xmx1536m -Dfile.encoding=UTF-8 -Duser.country=CN -Duser.language=zh -Duser.variant 
java_command: org.gradle.launcher.daemon.bootstrap.GradleDaemon 6.1.1
java_class_path (initial): C:\Users\86133\.gradle\wrapper\dists\gradle-6.1.1-all\cfmwm155h49vnt3hynmlrsdst\gradle-6.1.1\lib\gradle-launcher-6.1.1.jar
Launcher Type: SUN_STANDARD

[Global flags]
     intx CICompilerCount                          = 4                                         {product} {ergonomic}
     uint ConcGCThreads                            = 2                                         {product} {ergonomic}
     uint G1ConcRefinementThreads                  = 8                                         {product} {ergonomic}
   size_t G1HeapRegionSize                         = 1048576                                   {product} {ergonomic}
    uintx GCDrainStackTargetSize                   = 64                                        {product} {ergonomic}
   size_t InitialHeapSize                          = 117440512                                 {product} {ergonomic}
   size_t MarkStackSize                            = 4194304                                   {product} {ergonomic}
   size_t MaxHeapSize                              = 1610612736                                {product} {command line}
   size_t MaxNewSize                               = 965738496                                 {product} {ergonomic}
   size_t MinHeapDeltaBytes                        = 1048576                                   {product} {ergonomic}
    uintx NonNMethodCodeHeapSize                   = 5836300                                {pd product} {ergonomic}
    uintx NonProfiledCodeHeapSize                  = 122910970                              {pd product} {ergonomic}
    uintx ProfiledCodeHeapSize                     = 122910970                              {pd product} {ergonomic}
    uintx ReservedCodeCacheSize                    = 251658240                              {pd product} {ergonomic}
     bool SegmentedCodeCache                       = true                                      {product} {ergonomic}
     bool UseCompressedClassPointers               = true                                 {lp64_product} {ergonomic}
     bool UseCompressedOops                        = true                                 {lp64_product} {ergonomic}
     bool UseG1GC                                  = true                                      {product} {ergonomic}
     bool UseLargePagesIndividualAllocation        = false                                  {pd product} {ergonomic}

Logging:
Log output configuration:
 #0: stdout all=warning uptime,level,tags
 #1: stderr all=off uptime,level,tags

Environment Variables:
JAVA_HOME=D:\2019jdk1.8
CLASSPATH=.;D:\2019jdk1.8\lib;D:\2019jdk1.8\lib\tools.jar
PATH=C:\Program Files\Python38\Scripts\;C:\Program Files\Python38\;D:\VMware\bin\;D:\python\Scripts\;D:\python\;C:\Program Files (x86)\Common Files\Oracle\Java\javapath;D:\»ðºüä¯ÀÀÆ÷;%Sys;emRoot%\system32;C:\WINDOWS;C:\WINDOWS\System32\Wbem;C:\WINDOWS\System32\WindowsPowerShell\v1.0\;C:\WINDOWS\System32\OpenSSH\;C:\Program Files\Intel\WiFi\bin\;C:\Program Files\Common Files\Intel\WirelessCommon\;D:\androidSdk\Sdk\platform-tools;C:\Windows\system32;D:\andoridÄ£ÄâÆ÷\Nox\bin;D:;D:\aapium\Appium\node_modules\.bin;D:\androidSdk\Sdk\tools;C:\Program Files (x86)\NetSarang\Xshell 7\;D:\mysql\mysql-8.0.23-winx64\bin;D:\nodejs;C:\Program Files\Go\bin;D:\allure-2.14.0\bin;D:\git\Git\cmd;D:\redisForWindows\;D:\protobuf\bin;C:\Users\86133\AppData\Local\Microsoft\WindowsApps£»D:\2019jdk1.8\bin;D:\2019jdk1.8\jre\bin;D:\VScode\Microsoft VS Code\bin;C:\Users\86133\AppData\Local\Programs\Microsoft VS Code\bin;D:\jdk1.7\bin;C:\Users\86133\AppData\Local\Microsoft\WindowsApps;C:\Users\86133\AppData\Roaming\npm;C:\Users\86133\go\bin
USERNAME=86133
OS=Windows_NT
PROCESSOR_IDENTIFIER=AMD64 Family 23 Model 17 Stepping 0, AuthenticAMD



---------------  S Y S T E M  ---------------

OS: Windows 10 , 64 bit Build 18362 (10.0.18362.1500)
OS uptime: 5 days 16:23 hours

CPU:total 8 (initial active 8) (8 cores per cpu, 2 threads per core) family 23 model 17 stepping 0 microcode 0x0, cmov, cx8, fxsr, mmx, sse, sse2, sse3, ssse3, sse4.1, sse4.2, popcnt, avx, avx2, aes, clmul, mmxext, 3dnowpref, lzcnt, sse4a, ht, tsc, tscinvbit, tscinv, bmi1, bmi2, adx, s

Memory: 4k page, system-wide physical 7069M (426M free)
TotalPageFile size 17309M (AvailPageFile size 8M)
current process WorkingSet (physical memory assigned to process): 226M, peak: 413M
current process commit charge ("private bytes"): 516M, peak: 521M

vm_info: OpenJDK 64-Bit Server VM (11.0.11+9-b60-7590822) for windows-amd64 JRE (11.0.11+9-b60-7590822), built on Jul 29 2021 21:43:44 by "builder" with MS VC++ 14.0 (VS2015)

END.
