#
# There is insufficient memory for the Java Runtime Environment to continue.
# Native memory allocation (malloc) failed to allocate 1436816 bytes for Chunk::new
# Possible reasons:
#   The system is out of physical RAM or swap space
#   The process is running with CompressedOops enabled, and the Java Heap may be blocking the growth of the native heap
# Possible solutions:
#   Reduce memory load on the system
#   Increase physical memory or swap space
#   Check if swap backing store is full
#   Decrease Java heap size (-Xmx/-Xms)
#   Decrease number of Java threads
#   Decrease Java thread stack sizes (-Xss)
#   Set larger code cache with -XX:ReservedCodeCacheSize=
#   JVM is running with Unscaled Compressed Oops mode in which the Java heap is
#     placed in the first 4GB address space. The Java Heap base address is the
#     maximum limit for the native heap growth. Please use -XX:HeapBaseMinAddress
#     to set the Java Heap base and to place the Java Heap above 4GB virtual address.
# This output file may be truncated or incomplete.
#
#  Out of Memory Error (allocation.cpp:389), pid=18116, tid=0x0000000000002fdc
#
# JRE version: OpenJDK Runtime Environment (8.0_202-b03) (build 1.8.0_202-release-1483-b03)
# Java VM: OpenJDK 64-Bit Server VM (25.202-b03 mixed mode windows-amd64 compressed oops)
# Failed to write core dump. Minidumps are not enabled by default on client versions of Windows
#

---------------  T H R E A D  ---------------

Current thread (0x0000000018f56800):  JavaThread "C2 CompilerThread0" daemon [_thread_in_native, id=12252, stack(0x0000000019720000,0x0000000019820000)]

Stack: [0x0000000019720000,0x0000000019820000]
[error occurred during error reporting (printing stack bounds), id 0xc0000005]

Native frames: (J=compiled Java code, j=interpreted, Vv=VM code, C=native code)


Current CompileTask:
C2:   9216 4012   !   4       com.sun.beans.TypeResolver::resolve (274 bytes)


---------------  P R O C E S S  ---------------

Java Threads: ( => current thread )
  0x000000002020d800 JavaThread "Cache worker for Build Output Cleanup Cache (D:\mvpChatRoom\.gradle\buildOutputCleanup)" [_thread_blocked, id=6580, stack(0x0000000023270000,0x0000000023370000)]
  0x0000000020206000 JavaThread "Build operations Thread 8" [_thread_blocked, id=8692, stack(0x0000000023d30000,0x0000000023e30000)]
  0x000000002020a800 JavaThread "Build operations Thread 7" [_thread_blocked, id=18148, stack(0x0000000023c30000,0x0000000023d30000)]
  0x000000002020c000 JavaThread "Build operations Thread 6" [_thread_blocked, id=18900, stack(0x0000000023b30000,0x0000000023c30000)]
  0x0000000020201000 JavaThread "Build operations Thread 5" [_thread_blocked, id=17564, stack(0x0000000023a30000,0x0000000023b30000)]
  0x0000000020204800 JavaThread "Build operations Thread 4" [_thread_blocked, id=5692, stack(0x0000000023930000,0x0000000023a30000)]
  0x0000000020204000 JavaThread "Build operations Thread 3" [_thread_blocked, id=14312, stack(0x0000000023830000,0x0000000023930000)]
  0x0000000020203000 JavaThread "Build operations Thread 2" [_thread_blocked, id=5632, stack(0x0000000023730000,0x0000000023830000)]
  0x0000000020205800 JavaThread "Build operations" [_thread_blocked, id=12988, stack(0x0000000023630000,0x0000000023730000)]
  0x0000000020200000 JavaThread "Cache worker for execution history cache (C:\Users\86133\.gradle\caches\5.4.1\executionHistory)" [_thread_blocked, id=8396, stack(0x0000000021fa0000,0x00000000220a0000)]
  0x0000000020202800 JavaThread "Cache worker for cache directory md-rule (C:\Users\86133\.gradle\caches\5.4.1\md-rule)" [_thread_blocked, id=9652, stack(0x0000000021ea0000,0x0000000021fa0000)]
  0x0000000020201800 JavaThread "Cache worker for cache directory md-supplier (C:\Users\86133\.gradle\caches\5.4.1\md-supplier)" [_thread_blocked, id=7452, stack(0x0000000021da0000,0x0000000021ea0000)]
  0x000000001a16b800 JavaThread "Cache worker for file hash cache (D:\mvpChatRoom\.gradle\5.4.1\fileHashes)" [_thread_blocked, id=4736, stack(0x00000000210a0000,0x00000000211a0000)]
  0x000000001a16f000 JavaThread "Cache worker for journal cache (C:\Users\86133\.gradle\caches\journal-1)" [_thread_blocked, id=14708, stack(0x000000001de30000,0x000000001df30000)]
  0x000000001a16e800 JavaThread "File lock request listener" [_thread_in_native, id=1412, stack(0x000000001dd30000,0x000000001de30000)]
  0x000000001ac28800 JavaThread "Cache worker for file hash cache (C:\Users\86133\.gradle\caches\5.4.1\fileHashes)" [_thread_blocked, id=13944, stack(0x000000001da30000,0x000000001db30000)]
  0x000000001add1000 JavaThread "Thread-9" [_thread_blocked, id=5020, stack(0x000000001d930000,0x000000001da30000)]
  0x000000001adce800 JavaThread "Stdin handler" [_thread_blocked, id=664, stack(0x000000001d830000,0x000000001d930000)]
  0x000000001ae5d000 JavaThread "Asynchronous log dispatcher for DefaultDaemonConnection: socket connection from /127.0.0.1:61992 to /127.0.0.1:61993" [_thread_blocked, id=6400, stack(0x000000001d630000,0x000000001d730000)]
  0x000000001b218000 JavaThread "Daemon worker" [_thread_in_vm, id=15216, stack(0x000000001d530000,0x000000001d630000)]
  0x000000001b217000 JavaThread "Cancel handler" [_thread_blocked, id=2044, stack(0x000000001d430000,0x000000001d530000)]
  0x000000001acbd000 JavaThread "Handler for socket connection from /127.0.0.1:61992 to /127.0.0.1:61993" [_thread_in_native, id=408, stack(0x000000001d130000,0x000000001d230000)]
  0x000000001acbf000 JavaThread "Daemon" [_thread_blocked, id=9052, stack(0x000000001d030000,0x000000001d130000)]
  0x000000001ae96000 JavaThread "Daemon periodic checks" [_thread_blocked, id=19312, stack(0x000000001cf30000,0x000000001d030000)]
  0x000000001ae8a800 JavaThread "Incoming local TCP Connector on port 61992" [_thread_in_native, id=6156, stack(0x000000001cd80000,0x000000001ce80000)]
  0x000000001b0c2800 JavaThread "Daemon health stats" [_thread_blocked, id=8912, stack(0x000000001ca80000,0x000000001cb80000)]
  0x0000000019045000 JavaThread "Service Thread" daemon [_thread_blocked, id=13756, stack(0x0000000019b20000,0x0000000019c20000)]
  0x0000000018fbf800 JavaThread "C1 CompilerThread3" daemon [_thread_blocked, id=12420, stack(0x0000000019a20000,0x0000000019b20000)]
  0x000000001716d000 JavaThread "C2 CompilerThread2" daemon [_thread_in_native, id=13100, stack(0x0000000019920000,0x0000000019a20000)]
  0x0000000018f5b000 JavaThread "C2 CompilerThread1" daemon [_thread_blocked, id=14052, stack(0x0000000019820000,0x0000000019920000)]
=>0x0000000018f56800 JavaThread "C2 CompilerThread0" daemon [_thread_in_native, id=12252, stack(0x0000000019720000,0x0000000019820000)]
  0x0000000018f54800 JavaThread "Attach Listener" daemon [_thread_blocked, id=10812, stack(0x0000000019620000,0x0000000019720000)]
  0x0000000018fb8800 JavaThread "Signal Dispatcher" daemon [_thread_blocked, id=9428, stack(0x0000000019520000,0x0000000019620000)]
  0x000000000339d800 JavaThread "Finalizer" daemon [_thread_blocked, id=14800, stack(0x0000000019420000,0x0000000019520000)]
  0x0000000003395000 JavaThread "Reference Handler" daemon [_thread_blocked, id=1716, stack(0x0000000019320000,0x0000000019420000)]
  0x000000000329d800 JavaThread "main" [_thread_blocked, id=4648, stack(0x00000000030c0000,0x00000000031c0000)]

Other Threads:
  0x0000000017158000 VMThread [stack: 0x0000000018e20000,0x0000000018f20000] [id=1316]
  0x0000000018ff2000 WatcherThread [stack: 0x0000000019c20000,0x0000000019d20000] [id=11532]

VM state:not at safepoint (normal execution)

VM Mutex/Monitor currently owned by a thread: None

heap address: 0x00000000a0000000, size: 1536 MB, Compressed Oops mode: 32-bit
Narrow klass base: 0x0000000000000000, Narrow klass shift: 3
Compressed class space size: 1073741824 Address: 0x0000000100000000

Heap:
 PSYoungGen      total 111104K, used 42114K [0x00000000e0000000, 0x00000000e8080000, 0x0000000100000000)
  eden space 100864K, 31% used [0x00000000e0000000,0x00000000e1f26a60,0x00000000e6280000)
  from space 10240K, 99% used [0x00000000e6c80000,0x00000000e767a048,0x00000000e7680000)
  to   space 7680K, 0% used [0x00000000e7900000,0x00000000e7900000,0x00000000e8080000)
 ParOldGen       total 47104K, used 19444K [0x00000000a0000000, 0x00000000a2e00000, 0x00000000e0000000)
  object space 47104K, 41% used [0x00000000a0000000,0x00000000a12fd1d0,0x00000000a2e00000)
 Metaspace       used 48035K, capacity 49360K, committed 49576K, reserved 1091584K
  class space    used 6470K, capacity 6817K, committed 6824K, reserved 1048576K

Card table byte_map: [0x0000000012760000,0x0000000012a70000] byte_map_base: 0x0000000012260000

Marking Bits: (ParMarkBitMap*) 0x0000000062cc9f30
 Begin Bits: [0x0000000013470000, 0x0000000014c70000)
 End Bits:   [0x0000000014c70000, 0x0000000016470000)

Polling page: 0x0000000002cc0000

CodeCache: size=245760Kb used=13172Kb max_used=13182Kb free=232587Kb
 bounds [0x00000000033a0000, 0x0000000004090000, 0x00000000123a0000]
 total_blobs=4637 nmethods=3872 adapters=678
 compilation: enabled

Compilation events (10 events):
Event: 9.183 Thread 0x0000000018fbf800 4209       3       sun.invoke.util.VerifyAccess::isTypeVisible (49 bytes)
Event: 9.184 Thread 0x0000000018fbf800 nmethod 4209 0x0000000004084a10 code [0x0000000004084ba0, 0x00000000040850e8]
Event: 9.199 Thread 0x0000000018fbf800 4214       3       org.gradle.api.internal.attributes.DefaultMutableAttributeContainer::asImmutable (51 bytes)
Event: 9.199 Thread 0x0000000018fbf800 nmethod 4214 0x0000000004085310 code [0x00000000040854a0, 0x00000000040858e8]
Event: 9.200 Thread 0x0000000018f5b000 4215       4       com.google.common.base.Equivalence$Equals::doHash (5 bytes)
Event: 9.201 Thread 0x0000000018f5b000 nmethod 4215 0x000000000407ccd0 code [0x000000000407ce20, 0x000000000407cef8]
Event: 9.205 Thread 0x0000000018fbf800 4216       1       org.gradle.api.internal.DefaultNamedDomainObjectCollection$AbstractNamedDomainObjectProvider::getName (5 bytes)
Event: 9.205 Thread 0x0000000018fbf800 nmethod 4216 0x0000000004088450 code [0x00000000040885a0, 0x00000000040886b0]
Event: 9.206 Thread 0x0000000018fbf800 4217       1       org.gradle.internal.operations.DefaultBuildOperationExecutor::access$700 (4 bytes)
Event: 9.206 Thread 0x0000000018fbf800 nmethod 4217 0x0000000004088190 code [0x00000000040882e0, 0x00000000040883d0]

GC Heap History (10 events):
Event: 5.411 GC heap before
{Heap before GC invocations=9 (full 1):
 PSYoungGen      total 67072K, used 56832K [0x00000000e0000000, 0x00000000e8300000, 0x0000000100000000)
  eden space 56832K, 100% used [0x00000000e0000000,0x00000000e3780000,0x00000000e3780000)
  from space 10240K, 0% used [0x00000000e3780000,0x00000000e3780000,0x00000000e4180000)
  to   space 10240K, 0% used [0x00000000e7900000,0x00000000e7900000,0x00000000e8300000)
 ParOldGen       total 47104K, used 8040K [0x00000000a0000000, 0x00000000a2e00000, 0x00000000e0000000)
  object space 47104K, 17% used [0x00000000a0000000,0x00000000a07da0f8,0x00000000a2e00000)
 Metaspace       used 27946K, capacity 28476K, committed 28672K, reserved 1073152K
  class space    used 3822K, capacity 3999K, committed 4096K, reserved 1048576K
Event: 5.420 GC heap after
Heap after GC invocations=9 (full 1):
 PSYoungGen      total 108544K, used 7394K [0x00000000e0000000, 0x00000000e8080000, 0x0000000100000000)
  eden space 100864K, 0% used [0x00000000e0000000,0x00000000e0000000,0x00000000e6280000)
  from space 7680K, 96% used [0x00000000e7900000,0x00000000e8038838,0x00000000e8080000)
  to   space 10240K, 0% used [0x00000000e6c80000,0x00000000e6c80000,0x00000000e7680000)
 ParOldGen       total 47104K, used 8048K [0x00000000a0000000, 0x00000000a2e00000, 0x00000000e0000000)
  object space 47104K, 17% used [0x00000000a0000000,0x00000000a07dc0f8,0x00000000a2e00000)
 Metaspace       used 27946K, capacity 28476K, committed 28672K, reserved 1073152K
  class space    used 3822K, capacity 3999K, committed 4096K, reserved 1048576K
}
Event: 6.878 GC heap before
{Heap before GC invocations=10 (full 1):
 PSYoungGen      total 108544K, used 108258K [0x00000000e0000000, 0x00000000e8080000, 0x0000000100000000)
  eden space 100864K, 100% used [0x00000000e0000000,0x00000000e6280000,0x00000000e6280000)
  from space 7680K, 96% used [0x00000000e7900000,0x00000000e8038838,0x00000000e8080000)
  to   space 10240K, 0% used [0x00000000e6c80000,0x00000000e6c80000,0x00000000e7680000)
 ParOldGen       total 47104K, used 8048K [0x00000000a0000000, 0x00000000a2e00000, 0x00000000e0000000)
  object space 47104K, 17% used [0x00000000a0000000,0x00000000a07dc0f8,0x00000000a2e00000)
 Metaspace       used 33836K, capacity 34520K, committed 34944K, reserved 1079296K
  class space    used 4656K, capacity 4873K, committed 4992K, reserved 1048576K
Event: 6.893 GC heap after
Heap after GC invocations=10 (full 1):
 PSYoungGen      total 111104K, used 10238K [0x00000000e0000000, 0x00000000e8080000, 0x0000000100000000)
  eden space 100864K, 0% used [0x00000000e0000000,0x00000000e0000000,0x00000000e6280000)
  from space 10240K, 99% used [0x00000000e6c80000,0x00000000e767fb50,0x00000000e7680000)
  to   space 7680K, 0% used [0x00000000e7900000,0x00000000e7900000,0x00000000e8080000)
 ParOldGen       total 47104K, used 8713K [0x00000000a0000000, 0x00000000a2e00000, 0x00000000e0000000)
  object space 47104K, 18% used [0x00000000a0000000,0x00000000a0882628,0x00000000a2e00000)
 Metaspace       used 33836K, capacity 34520K, committed 34944K, reserved 1079296K
  class space    used 4656K, capacity 4873K, committed 4992K, reserved 1048576K
}
Event: 7.277 GC heap before
{Heap before GC invocations=11 (full 1):
 PSYoungGen      total 111104K, used 36929K [0x00000000e0000000, 0x00000000e8080000, 0x0000000100000000)
  eden space 100864K, 26% used [0x00000000e0000000,0x00000000e1a10b98,0x00000000e6280000)
  from space 10240K, 99% used [0x00000000e6c80000,0x00000000e767fb50,0x00000000e7680000)
  to   space 7680K, 0% used [0x00000000e7900000,0x00000000e7900000,0x00000000e8080000)
 ParOldGen       total 47104K, used 8713K [0x00000000a0000000, 0x00000000a2e00000, 0x00000000e0000000)
  object space 47104K, 18% used [0x00000000a0000000,0x00000000a0882628,0x00000000a2e00000)
 Metaspace       used 34718K, capacity 35462K, committed 35496K, reserved 1079296K
  class space    used 4787K, capacity 5004K, committed 5032K, reserved 1048576K
Event: 7.290 GC heap after
Heap after GC invocations=11 (full 1):
 PSYoungGen      total 108544K, used 5798K [0x00000000e0000000, 0x00000000e8080000, 0x0000000100000000)
  eden space 100864K, 0% used [0x00000000e0000000,0x00000000e0000000,0x00000000e6280000)
  from space 7680K, 75% used [0x00000000e7900000,0x00000000e7ea98f8,0x00000000e8080000)
  to   space 10240K, 0% used [0x00000000e6c80000,0x00000000e6c80000,0x00000000e7680000)
 ParOldGen       total 47104K, used 11789K [0x00000000a0000000, 0x00000000a2e00000, 0x00000000e0000000)
  object space 47104K, 25% used [0x00000000a0000000,0x00000000a0b83648,0x00000000a2e00000)
 Metaspace       used 34718K, capacity 35462K, committed 35496K, reserved 1079296K
  class space    used 4787K, capacity 5004K, committed 5032K, reserved 1048576K
}
Event: 7.290 GC heap before
{Heap before GC invocations=12 (full 2):
 PSYoungGen      total 108544K, used 5798K [0x00000000e0000000, 0x00000000e8080000, 0x0000000100000000)
  eden space 100864K, 0% used [0x00000000e0000000,0x00000000e0000000,0x00000000e6280000)
  from space 7680K, 75% used [0x00000000e7900000,0x00000000e7ea98f8,0x00000000e8080000)
  to   space 10240K, 0% used [0x00000000e6c80000,0x00000000e6c80000,0x00000000e7680000)
 ParOldGen       total 47104K, used 11789K [0x00000000a0000000, 0x00000000a2e00000, 0x00000000e0000000)
  object space 47104K, 25% used [0x00000000a0000000,0x00000000a0b83648,0x00000000a2e00000)
 Metaspace       used 34718K, capacity 35462K, committed 35496K, reserved 1079296K
  class space    used 4787K, capacity 5004K, committed 5032K, reserved 1048576K
Event: 7.373 GC heap after
Heap after GC invocations=12 (full 2):
 PSYoungGen      total 108544K, used 0K [0x00000000e0000000, 0x00000000e8080000, 0x0000000100000000)
  eden space 100864K, 0% used [0x00000000e0000000,0x00000000e0000000,0x00000000e6280000)
  from space 7680K, 0% used [0x00000000e7900000,0x00000000e7900000,0x00000000e8080000)
  to   space 10240K, 0% used [0x00000000e6c80000,0x00000000e6c80000,0x00000000e7680000)
 ParOldGen       total 47104K, used 16068K [0x00000000a0000000, 0x00000000a2e00000, 0x00000000e0000000)
  object space 47104K, 34% used [0x00000000a0000000,0x00000000a0fb1388,0x00000000a2e00000)
 Metaspace       used 34701K, capacity 35408K, committed 35496K, reserved 1079296K
  class space    used 4782K, capacity 4995K, committed 5032K, reserved 1048576K
}
Event: 8.741 GC heap before
{Heap before GC invocations=13 (full 2):
 PSYoungGen      total 108544K, used 100864K [0x00000000e0000000, 0x00000000e8080000, 0x0000000100000000)
  eden space 100864K, 100% used [0x00000000e0000000,0x00000000e6280000,0x00000000e6280000)
  from space 7680K, 0% used [0x00000000e7900000,0x00000000e7900000,0x00000000e8080000)
  to   space 10240K, 0% used [0x00000000e6c80000,0x00000000e6c80000,0x00000000e7680000)
 ParOldGen       total 47104K, used 16068K [0x00000000a0000000, 0x00000000a2e00000, 0x00000000e0000000)
  object space 47104K, 34% used [0x00000000a0000000,0x00000000a0fb1388,0x00000000a2e00000)
 Metaspace       used 45152K, capacity 46180K, committed 46376K, reserved 1089536K
  class space    used 6059K, capacity 6340K, committed 6440K, reserved 1048576K
Event: 8.753 GC heap after
Heap after GC invocations=13 (full 2):
 PSYoungGen      total 111104K, used 10216K [0x00000000e0000000, 0x00000000e8080000, 0x0000000100000000)
  eden space 100864K, 0% used [0x00000000e0000000,0x00000000e0000000,0x00000000e6280000)
  from space 10240K, 99% used [0x00000000e6c80000,0x00000000e767a048,0x00000000e7680000)
  to   space 7680K, 0% used [0x00000000e7900000,0x00000000e7900000,0x00000000e8080000)
 ParOldGen       total 47104K, used 19444K [0x00000000a0000000, 0x00000000a2e00000, 0x00000000e0000000)
  object space 47104K, 41% used [0x00000000a0000000,0x00000000a12fd1d0,0x00000000a2e00000)
 Metaspace       used 45152K, capacity 46180K, committed 46376K, reserved 1089536K
  class space    used 6059K, capacity 6340K, committed 6440K, reserved 1048576K
}

Deoptimization events (10 events):
Event: 8.199 Thread 0x000000001b218000 Uncommon trap: reason=unstable_if action=reinterpret pc=0x0000000003872df0 method=java.util.jar.JarFile.maybeInstantiateVerifier()V @ 4
Event: 8.199 Thread 0x000000001b218000 Uncommon trap: reason=unstable_if action=reinterpret pc=0x00000000035335cc method=java.util.jar.JarFile.maybeInstantiateVerifier()V @ 4
Event: 8.199 Thread 0x000000001b218000 Uncommon trap: reason=unstable_if action=reinterpret pc=0x00000000039189fc method=java.security.CodeSource.matchCerts(Ljava/security/CodeSource;Z)Z @ 11
Event: 8.221 Thread 0x000000001b218000 Uncommon trap: reason=unstable_if action=reinterpret pc=0x00000000034e58b4 method=java.util.LinkedHashMap.get(Ljava/lang/Object;)Ljava/lang/Object; @ 20
Event: 8.290 Thread 0x000000001b218000 Uncommon trap: reason=unstable_if action=reinterpret pc=0x0000000003c0204c method=org.objectweb.asm.ByteVector.putUTF8(Ljava/lang/String;)Lorg/objectweb/asm/ByteVector; @ 93
Event: 8.406 Thread 0x000000001b218000 Uncommon trap: reason=unstable_if action=reinterpret pc=0x000000000390ff18 method=java.util.concurrent.ConcurrentHashMap.addCount(JI)V @ 110
Event: 8.442 Thread 0x000000001b218000 Uncommon trap: reason=unstable_if action=reinterpret pc=0x0000000003915de4 method=java.util.concurrent.ConcurrentHashMap.addCount(JI)V @ 110
Event: 8.705 Thread 0x000000001b218000 Uncommon trap: reason=unstable_if action=reinterpret pc=0x0000000003be8250 method=org.gradle.internal.reflect.PropertyAccessorType.of(Ljava/lang/reflect/Method;)Lorg/gradle/internal/reflect/PropertyAccessorType; @ 56
Event: 8.926 Thread 0x000000001b218000 Uncommon trap: reason=unstable_if action=reinterpret pc=0x0000000003ea2a28 method=org.gradle.internal.instantiation.AbstractClassGenerator$InjectionAnnotationValidator.validateMethod(Ljava/lang/reflect/Method;Lorg/gradle/internal/reflect/PropertyAccessorT
Event: 9.089 Thread 0x000000001b218000 Uncommon trap: reason=unstable_if action=reinterpret pc=0x000000000391aed0 method=jdk.internal.org.objectweb.asm.Type.getArgumentsAndReturnSizes(Ljava/lang/String;)I @ 88

Classes redefined (0 events):
No events

Internal exceptions (10 events):
Event: 8.851 Thread 0x000000001b218000 Exception <a 'java/lang/ClassNotFoundException': org/gradle/api/internal/file/CompositeFileTreeCustomizer> (0x00000000e0f7e6c8) thrown at [D:\src\AOSP-openjdk-cygwin\jdk8u\hotspot\src\share\vm\classfile\systemDictionary.cpp, line 210]
Event: 8.853 Thread 0x000000001b218000 Exception <a 'java/lang/ClassNotFoundException': org/gradle/api/internal/file/collections/DefaultConfigurableFileTreeCustomizer> (0x00000000e0fcc398) thrown at [D:\src\AOSP-openjdk-cygwin\jdk8u\hotspot\src\share\vm\classfile\systemDictionary.cpp, line 210
Event: 9.076 Thread 0x000000001b218000 Exception <a 'java/lang/ClassNotFoundException': org/gradle/api/plugins/internal/DefaultBasePluginConventionBeanInfo> (0x00000000e18c5af0) thrown at [D:\src\AOSP-openjdk-cygwin\jdk8u\hotspot\src\share\vm\classfile\systemDictionary.cpp, line 210]
Event: 9.076 Thread 0x000000001b218000 Exception <a 'java/lang/ClassNotFoundException': org/gradle/api/plugins/BasePluginConventionBeanInfo> (0x00000000e18eb750) thrown at [D:\src\AOSP-openjdk-cygwin\jdk8u\hotspot\src\share\vm\classfile\systemDictionary.cpp, line 210]
Event: 9.076 Thread 0x000000001b218000 Exception <a 'java/lang/ClassNotFoundException': org/gradle/api/plugins/BasePluginConventionCustomizer> (0x00000000e1911d08) thrown at [D:\src\AOSP-openjdk-cygwin\jdk8u\hotspot\src\share\vm\classfile\systemDictionary.cpp, line 210]
Event: 9.077 Thread 0x000000001b218000 Exception <a 'java/lang/ClassNotFoundException': org/gradle/api/plugins/internal/DefaultBasePluginConventionCustomizer> (0x00000000e1951670) thrown at [D:\src\AOSP-openjdk-cygwin\jdk8u\hotspot\src\share\vm\classfile\systemDictionary.cpp, line 210]
Event: 9.089 Thread 0x000000001b218000 Exception <a 'java/lang/NoSuchMethodError': java.lang.Object.lambda$comparing$77a9974f$1(Ljava/util/function/Function;Ljava/lang/Object;Ljava/lang/Object;)I> (0x00000000e19c8020) thrown at [D:\src\AOSP-openjdk-cygwin\jdk8u\hotspot\src\share\vm\interpreter
Event: 9.090 Thread 0x000000001b218000 Exception <a 'java/lang/NoSuchMethodError': java.lang.Object.lambda$comparingInt$7b0bb60$1(Ljava/util/function/ToIntFunction;Ljava/lang/Object;Ljava/lang/Object;)I> (0x00000000e19d2608) thrown at [D:\src\AOSP-openjdk-cygwin\jdk8u\hotspot\src\share\vm\inte
Event: 9.092 Thread 0x000000001b218000 Exception <a 'java/lang/NoSuchMethodError': java.lang.Object.lambda$thenComparing$36697e65$1(Ljava/util/Comparator;Ljava/lang/Object;Ljava/lang/Object;)I> (0x00000000e19db190) thrown at [D:\src\AOSP-openjdk-cygwin\jdk8u\hotspot\src\share\vm\interpreter\li
Event: 9.094 Thread 0x000000001b218000 Exception <a 'java/lang/NoSuchMethodError': java.lang.Object.lambda$comparing$ea9a8b3a$1(Ljava/util/Comparator;Ljava/util/function/Function;Ljava/lang/Object;Ljava/lang/Object;)I> (0x00000000e19e8c40) thrown at [D:\src\AOSP-openjdk-cygwin\jdk8u\hotspot\sr

Events (10 events):
Event: 9.209 loading class com/android/build/gradle/tasks/BuildArtifactReportTask
Event: 9.209 loading class com/android/build/gradle/tasks/BuildArtifactReportTask done
Event: 9.210 loading class com/android/build/gradle/tasks/CompatibleScreensManifest
Event: 9.210 loading class com/android/build/gradle/tasks/CompatibleScreensManifest done
Event: 9.211 loading class com/android/build/gradle/tasks/ProcessApplicationManifest
Event: 9.211 loading class com/android/build/gradle/tasks/ProcessApplicationManifest done
Event: 9.213 loading class com/android/build/gradle/tasks/ManifestProcessorTask
Event: 9.213 loading class com/android/build/gradle/tasks/ManifestProcessorTask done
Event: 9.214 loading class com/android/build/gradle/tasks/TaskArtifactsHolder
Event: 9.214 loading class com/android/build/gradle/tasks/TaskArtifactsHolder done


Dynamic libraries:
0x00007ff633220000 - 0x00007ff633251000 	D:\AndroidStudio\jre\bin\java.exe
0x00007ffc617e0000 - 0x00007ffc619d0000 	C:\WINDOWS\SYSTEM32\ntdll.dll
0x00007ffc61190000 - 0x00007ffc61242000 	C:\WINDOWS\System32\KERNEL32.DLL
0x00007ffc5e900000 - 0x00007ffc5eba5000 	C:\WINDOWS\System32\KERNELBASE.dll
0x00007ffc61430000 - 0x00007ffc614d3000 	C:\WINDOWS\System32\ADVAPI32.dll
0x00007ffc5fa60000 - 0x00007ffc5fafe000 	C:\WINDOWS\System32\msvcrt.dll
0x00007ffc5fef0000 - 0x00007ffc5ff87000 	C:\WINDOWS\System32\sechost.dll
0x00007ffc615d0000 - 0x00007ffc616ef000 	C:\WINDOWS\System32\RPCRT4.dll
0x00007ffc5fb00000 - 0x00007ffc5fc94000 	C:\WINDOWS\System32\USER32.dll
0x00007ffc5e750000 - 0x00007ffc5e771000 	C:\WINDOWS\System32\win32u.dll
0x00007ffc61400000 - 0x00007ffc61426000 	C:\WINDOWS\System32\GDI32.dll
0x00007ffc5f590000 - 0x00007ffc5f728000 	C:\WINDOWS\System32\gdi32full.dll
0x00007ffc5ecc0000 - 0x00007ffc5ed5e000 	C:\WINDOWS\System32\msvcp_win.dll
0x00007ffc5e780000 - 0x00007ffc5e87a000 	C:\WINDOWS\System32\ucrtbase.dll
0x00007ffc4bc10000 - 0x00007ffc4be94000 	C:\WINDOWS\WinSxS\amd64_microsoft.windows.common-controls_6595b64144ccf1df_6.0.18362.1556_none_9e7e372fe45e41d5\COMCTL32.dll
0x00007ffc60820000 - 0x00007ffc60b56000 	C:\WINDOWS\System32\combase.dll
0x00007ffc5f500000 - 0x00007ffc5f581000 	C:\WINDOWS\System32\bcryptPrimitives.dll
0x00007ffc5f890000 - 0x00007ffc5f8be000 	C:\WINDOWS\System32\IMM32.DLL
0x0000000061d60000 - 0x0000000061e32000 	D:\AndroidStudio\jre\jre\bin\msvcr100.dll
0x0000000062500000 - 0x0000000062d46000 	D:\AndroidStudio\jre\jre\bin\server\jvm.dll
0x00007ffc613f0000 - 0x00007ffc613f8000 	C:\WINDOWS\System32\PSAPI.DLL
0x00007ffc4a7a0000 - 0x00007ffc4a7a9000 	C:\WINDOWS\SYSTEM32\WSOCK32.dll
0x00007ffc55db0000 - 0x00007ffc55dba000 	C:\WINDOWS\SYSTEM32\VERSION.dll
0x00007ffc5c610000 - 0x00007ffc5c634000 	C:\WINDOWS\SYSTEM32\WINMM.dll
0x00007ffc61560000 - 0x00007ffc615cf000 	C:\WINDOWS\System32\WS2_32.dll
0x00007ffc5c090000 - 0x00007ffc5c0bd000 	C:\WINDOWS\SYSTEM32\WINMMBASE.dll
0x00007ffc5e880000 - 0x00007ffc5e8ca000 	C:\WINDOWS\System32\cfgmgr32.dll
0x00007ffc56410000 - 0x00007ffc5641f000 	D:\AndroidStudio\jre\jre\bin\verify.dll
0x00007ffc41bb0000 - 0x00007ffc41bd9000 	D:\AndroidStudio\jre\jre\bin\java.dll
0x00007ffc47540000 - 0x00007ffc47556000 	D:\AndroidStudio\jre\jre\bin\zip.dll
0x00007ffc60130000 - 0x00007ffc60817000 	C:\WINDOWS\System32\SHELL32.dll
0x00007ffc60080000 - 0x00007ffc60128000 	C:\WINDOWS\System32\shcore.dll
0x00007ffc5ed60000 - 0x00007ffc5f4db000 	C:\WINDOWS\System32\windows.storage.dll
0x00007ffc5e6a0000 - 0x00007ffc5e6be000 	C:\WINDOWS\System32\profapi.dll
0x00007ffc5e700000 - 0x00007ffc5e74a000 	C:\WINDOWS\System32\powrprof.dll
0x00007ffc5e690000 - 0x00007ffc5e6a0000 	C:\WINDOWS\System32\UMPDC.dll
0x00007ffc5ff90000 - 0x00007ffc5ffe2000 	C:\WINDOWS\System32\shlwapi.dll
0x00007ffc5e6c0000 - 0x00007ffc5e6d1000 	C:\WINDOWS\System32\kernel.appcore.dll
0x00007ffc5f4e0000 - 0x00007ffc5f4f7000 	C:\WINDOWS\System32\cryptsp.dll
0x00007ffc41b00000 - 0x00007ffc41b1a000 	D:\AndroidStudio\jre\jre\bin\net.dll
0x000000001b4f0000 - 0x000000001c93a000 	C:\WINDOWS\system32\networkdlllspx64.dll
0x00007ffc5fe20000 - 0x00007ffc5fee5000 	C:\WINDOWS\System32\oleaut32.dll
0x00007ffc5d6d0000 - 0x00007ffc5d701000 	C:\WINDOWS\SYSTEM32\ntmarta.dll
0x00007ffc5de70000 - 0x00007ffc5ded7000 	C:\WINDOWS\system32\mswsock.dll
0x00007ffc54e80000 - 0x00007ffc54e8a000 	C:\WINDOWS\system32\wshqos.dll
0x00007ffc54e70000 - 0x00007ffc54e78000 	C:\WINDOWS\SYSTEM32\wshtcpip.DLL
0x00007ffc54e60000 - 0x00007ffc54e68000 	C:\WINDOWS\SYSTEM32\wship6.dll
0x00007ffc407c0000 - 0x00007ffc407d1000 	D:\AndroidStudio\jre\jre\bin\nio.dll
0x00007ffc42cc0000 - 0x00007ffc42ce6000 	C:\Users\86133\.gradle\native\29\windows-amd64\native-platform.dll
0x00007ffc4ba40000 - 0x00007ffc4ba4d000 	D:\AndroidStudio\jre\jre\bin\management.dll
0x00007ffc5d9f0000 - 0x00007ffc5da23000 	C:\WINDOWS\system32\rsaenh.dll
0x00007ffc5e8d0000 - 0x00007ffc5e8f6000 	C:\WINDOWS\System32\bcrypt.dll
0x00007ffc5e5b0000 - 0x00007ffc5e5d5000 	C:\WINDOWS\SYSTEM32\USERENV.dll
0x00007ffc5e040000 - 0x00007ffc5e04c000 	C:\WINDOWS\SYSTEM32\CRYPTBASE.dll
0x00007ffc5db80000 - 0x00007ffc5dbba000 	C:\WINDOWS\SYSTEM32\IPHLPAPI.DLL
0x00007ffc5fff0000 - 0x00007ffc5fff8000 	C:\WINDOWS\System32\NSI.dll
0x00007ffc544f0000 - 0x00007ffc54506000 	C:\WINDOWS\SYSTEM32\dhcpcsvc6.DLL
0x00007ffc54790000 - 0x00007ffc547ac000 	C:\WINDOWS\SYSTEM32\dhcpcsvc.DLL
0x00007ffc5dbc0000 - 0x00007ffc5dc8b000 	C:\WINDOWS\SYSTEM32\DNSAPI.dll

VM Arguments:
jvm_args: -Xmx1536m -Dfile.encoding=GBK -Duser.country=CN -Duser.language=zh -Duser.variant 
java_command: org.gradle.launcher.daemon.bootstrap.GradleDaemon 5.4.1
java_class_path (initial): C:\Users\86133\.gradle\wrapper\dists\gradle-5.4.1-all\3221gyojl5jsh0helicew7rwx\gradle-5.4.1\lib\gradle-launcher-5.4.1.jar
Launcher Type: SUN_STANDARD

Environment Variables:
JAVA_HOME=D:\2019jdk1.8
CLASSPATH=.;D:\2019jdk1.8\lib;D:\2019jdk1.8\lib\tools.jar
PATH=C:\Program Files\Python38\Scripts\;C:\Program Files\Python38\;D:\VMware\bin\;D:\python\Scripts\;D:\python\;C:\Program Files (x86)\Common Files\Oracle\Java\javapath;D:\火狐浏览器;%Sys;emRoot%\system32;C:\WINDOWS;C:\WINDOWS\System32\Wbem;C:\WINDOWS\System32\WindowsPowerShell\v1.0\;C:\WINDOWS\System32\OpenSSH\;C:\Program Files\Intel\WiFi\bin\;C:\Program Files\Common Files\Intel\WirelessCommon\;D:\androidSdk\Sdk\platform-tools;C:\Windows\system32;D:\andorid模拟器\Nox\bin;D:;D:\aapium\Appium\node_modules\.bin;D:\androidSdk\Sdk\tools;C:\Program Files (x86)\NetSarang\Xshell 7\;D:\mysql\mysql-8.0.23-winx64\bin;D:\nodejs;C:\Program Files\Go\bin;D:\allure-2.14.0\bin;D:\git\Git\cmd;D:\redisForWindows\;C:\Users\86133\AppData\Local\Microsoft\WindowsApps；D:\2019jdk1.8\bin;D:\2019jdk1.8\jre\bin;D:\VScode\Microsoft VS Code\bin;C:\Users\86133\AppData\Local\Programs\Microsoft VS Code\bin;D:\jdk1.7\bin;C:\Users\86133\AppData\Local\Microsoft\WindowsApps;C:\Users\86133\AppData\Roaming\npm;C:\Users\86133\go\bin
USERNAME=86133
OS=Windows_NT
PROCESSOR_IDENTIFIER=AMD64 Family 23 Model 17 Stepping 0, AuthenticAMD



---------------  S Y S T E M  ---------------

OS: Windows 10.0 , 64 bit Build 18362 (10.0.18362.1500)

CPU:total 8 (initial active 8) (8 cores per cpu, 1 threads per core) family 23 model 17 stepping 0, cmov, cx8, fxsr, mmx, sse, sse2, sse3, ssse3, sse4.1, sse4.2, popcnt, avx, avx2, aes, clmul, mmxext, 3dnowpref, lzcnt, sse4a, tsc, tscinvbit, tscinv, bmi1

Memory: 4k page, physical 7239248k(460720k free), swap 17725004k(5708k free)

vm_info: OpenJDK 64-Bit Server VM (25.202-b03) for windows-amd64 JRE (1.8.0_202-release-1483-b03), built by "builder" with MS VC++ 10.0 (VS2010)

time: Sat Feb 26 23:31:08 2022
timezone: 中国标准时间
elapsed time: 9 seconds (0d 0h 0m 9s)

