#
# There is insufficient memory for the Java Runtime Environment to continue.
# Native memory allocation (malloc) failed to allocate 1044816 bytes for Chunk::new
# Possible reasons:
#   The system is out of physical RAM or swap space
#   The process is running with CompressedOops enabled, and the Java Heap may be blocking the growth of the native heap
# Possible solutions:
#   Reduce memory load on the system
#   Increase physical memory or swap space
#   Check if swap backing store is full
#   Decrease Java heap size (-Xmx/-Xms)
#   Decrease number of Java threads
#   Decrease Java thread stack sizes (-Xss)
#   Set larger code cache with -XX:ReservedCodeCacheSize=
#   JVM is running with Unscaled Compressed Oops mode in which the Java heap is
#     placed in the first 4GB address space. The Java Heap base address is the
#     maximum limit for the native heap growth. Please use -XX:HeapBaseMinAddress
#     to set the Java Heap base and to place the Java Heap above 4GB virtual address.
# This output file may be truncated or incomplete.
#
#  Out of Memory Error (./src/hotspot/share/memory/arena.cpp:197), pid=18860, tid=10984
#
# JRE version: OpenJDK Runtime Environment (11.0.11+9) (build 11.0.11+9-b60-7590822)
# Java VM: OpenJDK 64-Bit Server VM (11.0.11+9-b60-7590822, mixed mode, tiered, compressed oops, g1 gc, windows-amd64)
# No core dump will be written. Minidumps are not enabled by default on client versions of Windows
#

---------------  S U M M A R Y ------------

Command Line: --add-opens=java.base/java.util=ALL-UNNAMED --add-opens=java.base/java.lang=ALL-UNNAMED --add-opens=java.base/java.lang.invoke=ALL-UNNAMED --add-opens=java.prefs/java.util.prefs=ALL-UNNAMED -Xmx1536m -Dfile.encoding=UTF-8 -Duser.country=CN -Duser.language=zh -Duser.variant org.gradle.launcher.daemon.bootstrap.GradleDaemon 6.1.1

Host: AMD Ryzen 5 2500U with Radeon Vega Mobile Gfx  , 8 cores, 6G,  Windows 10 , 64 bit Build 18362 (10.0.18362.1500)
Time: Tue Mar 15 11:00:35 2022 ?D1¨²¡À¨º¡Á?¨º¡À?? elapsed time: 15.541841 seconds (0d 0h 0m 15s)

---------------  T H R E A D  ---------------

Current thread (0x000001e458403000):  JavaThread "C2 CompilerThread0" daemon [_thread_in_native, id=10984, stack(0x0000007db8500000,0x0000007db8600000)]


Current CompileTask:
C2:  15541 4939       4       java.lang.invoke.LambdaForm$Name::replaceNames (174 bytes)

Stack: [0x0000007db8500000,0x0000007db8600000]
Native frames: (J=compiled Java code, j=interpreted, Vv=VM code, C=native code)
V  [jvm.dll+0x5f214a]
V  [jvm.dll+0x726fb5]
V  [jvm.dll+0x7285cd]
V  [jvm.dll+0x728c83]
V  [jvm.dll+0x243278]
V  [jvm.dll+0xbc53c]
V  [jvm.dll+0xbca3c]
V  [jvm.dll+0x2b5c34]
V  [jvm.dll+0x508488]
V  [jvm.dll+0x203d53]
V  [jvm.dll+0x1fdbac]
V  [jvm.dll+0x1fb35f]
V  [jvm.dll+0x183d6c]
V  [jvm.dll+0x209a57]
V  [jvm.dll+0x2082a1]
V  [jvm.dll+0x6ef58f]
V  [jvm.dll+0x6e80b5]
V  [jvm.dll+0x5f1036]
C  [ucrtbase.dll+0x210b2]
C  [KERNEL32.DLL+0x17c24]
C  [ntdll.dll+0x6d721]


---------------  P R O C E S S  ---------------

Threads class SMR info:
_java_thread_list=0x000001e45bacde80, length=37, elements={
0x000001e43f263000, 0x000001e4583cf000, 0x000001e4583d3800, 0x000001e4583fc000,
0x000001e4583fd000, 0x000001e458402000, 0x000001e458403000, 0x000001e458c6a000,
0x000001e458c70000, 0x000001e458c70800, 0x000001e458c6f000, 0x000001e458c73000,
0x000001e458c6d800, 0x000001e458c6e000, 0x000001e458c71800, 0x000001e458c72800,
0x000001e458c74000, 0x000001e45ad87800, 0x000001e45ad89000, 0x000001e45ad84800,
0x000001e45ad86000, 0x000001e45ad87000, 0x000001e45ad8a000, 0x000001e45ad88800,
0x000001e45ad8b000, 0x000001e45ad85000, 0x000001e45b0f8000, 0x000001e45b0fc800,
0x000001e45b0fd000, 0x000001e45b0f9000, 0x000001e45d639800, 0x000001e45d63d000,
0x000001e45d63c000, 0x000001e45d637000, 0x000001e45d63b000, 0x000001e45d63d800,
0x000001e45d638000
}

Java Threads: ( => current thread )
  0x000001e43f263000 JavaThread "main" [_thread_blocked, id=4740, stack(0x0000007db7900000,0x0000007db7a00000)]
  0x000001e4583cf000 JavaThread "Reference Handler" daemon [_thread_blocked, id=21384, stack(0x0000007db8000000,0x0000007db8100000)]
  0x000001e4583d3800 JavaThread "Finalizer" daemon [_thread_blocked, id=18244, stack(0x0000007db8100000,0x0000007db8200000)]
  0x000001e4583fc000 JavaThread "Signal Dispatcher" daemon [_thread_blocked, id=1420, stack(0x0000007db8200000,0x0000007db8300000)]
  0x000001e4583fd000 JavaThread "Attach Listener" daemon [_thread_blocked, id=6100, stack(0x0000007db8300000,0x0000007db8400000)]
  0x000001e458402000 JavaThread "Service Thread" daemon [_thread_blocked, id=17968, stack(0x0000007db8400000,0x0000007db8500000)]
=>0x000001e458403000 JavaThread "C2 CompilerThread0" daemon [_thread_in_native, id=10984, stack(0x0000007db8500000,0x0000007db8600000)]
  0x000001e458c6a000 JavaThread "C1 CompilerThread0" daemon [_thread_blocked, id=488, stack(0x0000007db8600000,0x0000007db8700000)]
  0x000001e458c70000 JavaThread "Sweeper thread" daemon [_thread_blocked, id=3044, stack(0x0000007db8700000,0x0000007db8800000)]
  0x000001e458c70800 JavaThread "Common-Cleaner" daemon [_thread_blocked, id=12012, stack(0x0000007db8800000,0x0000007db8900000)]
  0x000001e458c6f000 JavaThread "Daemon health stats" [_thread_blocked, id=18076, stack(0x0000007db8b00000,0x0000007db8c00000)]
  0x000001e458c73000 JavaThread "Incoming local TCP Connector on port 49738" [_thread_in_native, id=8364, stack(0x0000007db8c00000,0x0000007db8d00000)]
  0x000001e458c6d800 JavaThread "Daemon periodic checks" [_thread_blocked, id=13780, stack(0x0000007db8d00000,0x0000007db8e00000)]
  0x000001e458c6e000 JavaThread "Daemon" [_thread_blocked, id=3536, stack(0x0000007db8e00000,0x0000007db8f00000)]
  0x000001e458c71800 JavaThread "Handler for socket connection from /127.0.0.1:49738 to /127.0.0.1:49739" [_thread_in_native, id=8928, stack(0x0000007db8f00000,0x0000007db9000000)]
  0x000001e458c72800 JavaThread "Cancel handler" [_thread_blocked, id=13332, stack(0x0000007db9000000,0x0000007db9100000)]
  0x000001e458c74000 JavaThread "Daemon worker" [_thread_in_vm, id=14980, stack(0x0000007db9100000,0x0000007db9200000)]
  0x000001e45ad87800 JavaThread "Asynchronous log dispatcher for DefaultDaemonConnection: socket connection from /127.0.0.1:49738 to /127.0.0.1:49739" [_thread_blocked, id=15452, stack(0x0000007db9200000,0x0000007db9300000)]
  0x000001e45ad89000 JavaThread "Stdin handler" [_thread_blocked, id=19740, stack(0x0000007db9300000,0x0000007db9400000)]
  0x000001e45ad84800 JavaThread "Thread-8" [_thread_blocked, id=3432, stack(0x0000007db9400000,0x0000007db9500000)]
  0x000001e45ad86000 JavaThread "Cache worker for journal cache (C:\Users\86133\.gradle\caches\journal-1)" [_thread_blocked, id=20740, stack(0x0000007db9c00000,0x0000007db9d00000)]
  0x000001e45ad87000 JavaThread "File lock request listener" [_thread_in_native, id=11648, stack(0x0000007db9d00000,0x0000007db9e00000)]
  0x000001e45ad8a000 JavaThread "Cache worker for file hash cache (C:\Users\86133\.gradle\caches\6.1.1\fileHashes)" [_thread_blocked, id=21400, stack(0x0000007db9e00000,0x0000007db9f00000)]
  0x000001e45ad88800 JavaThread "Cache worker for checksums cache (D:\mvpChatRoom\.gradle\checksums)" [_thread_blocked, id=10136, stack(0x0000007dba000000,0x0000007dba100000)]
  0x000001e45ad8b000 JavaThread "Cache worker for file hash cache (D:\mvpChatRoom\.gradle\6.1.1\fileHashes)" [_thread_blocked, id=2104, stack(0x0000007dba100000,0x0000007dba200000)]
  0x000001e45ad85000 JavaThread "Cache worker for cache directory md-supplier (C:\Users\86133\.gradle\caches\6.1.1\md-supplier)" [_thread_blocked, id=1792, stack(0x0000007dba200000,0x0000007dba300000)]
  0x000001e45b0f8000 JavaThread "Cache worker for cache directory md-rule (C:\Users\86133\.gradle\caches\6.1.1\md-rule)" [_thread_blocked, id=7952, stack(0x0000007dba300000,0x0000007dba400000)]
  0x000001e45b0fc800 JavaThread "Cache worker for execution history cache (C:\Users\86133\.gradle\caches\6.1.1\executionHistory)" [_thread_blocked, id=8472, stack(0x0000007dba400000,0x0000007dba500000)]
  0x000001e45b0fd000 JavaThread "Build operations" [_thread_blocked, id=2876, stack(0x0000007dba600000,0x0000007dba700000)]
  0x000001e45b0f9000 JavaThread "Build operations Thread 2" [_thread_blocked, id=21548, stack(0x0000007dba700000,0x0000007dba800000)]
  0x000001e45d639800 JavaThread "Build operations Thread 3" [_thread_blocked, id=11564, stack(0x0000007dba800000,0x0000007dba900000)]
  0x000001e45d63d000 JavaThread "Build operations Thread 4" [_thread_blocked, id=16968, stack(0x0000007dba900000,0x0000007dbaa00000)]
  0x000001e45d63c000 JavaThread "Build operations Thread 5" [_thread_blocked, id=8020, stack(0x0000007dbaa00000,0x0000007dbab00000)]
  0x000001e45d637000 JavaThread "Build operations Thread 6" [_thread_blocked, id=17712, stack(0x0000007dbab00000,0x0000007dbac00000)]
  0x000001e45d63b000 JavaThread "Build operations Thread 7" [_thread_blocked, id=18672, stack(0x0000007dbac00000,0x0000007dbad00000)]
  0x000001e45d63d800 JavaThread "Build operations Thread 8" [_thread_blocked, id=8644, stack(0x0000007dbad00000,0x0000007dbae00000)]
  0x000001e45d638000 JavaThread "Cache worker for Build Output Cleanup Cache (D:\mvpChatRoom\.gradle\buildOutputCleanup)" [_thread_blocked, id=21880, stack(0x0000007dba500000,0x0000007dba600000)]

Other Threads:
  0x000001e4583cb000 VMThread "VM Thread" [stack: 0x0000007db7f00000,0x0000007db8000000] [id=8468]
  0x000001e458e1e800 WatcherThread [stack: 0x0000007db8900000,0x0000007db8a00000] [id=18688]
  0x000001e43f27a000 GCTaskThread "GC Thread#0" [stack: 0x0000007db7a00000,0x0000007db7b00000] [id=16140]
  0x000001e45a223800 GCTaskThread "GC Thread#1" [stack: 0x0000007db8a00000,0x0000007db8b00000] [id=20372]
  0x000001e45a0ce000 GCTaskThread "GC Thread#2" [stack: 0x0000007db9500000,0x0000007db9600000] [id=7012]
  0x000001e45ad6b800 GCTaskThread "GC Thread#3" [stack: 0x0000007db9600000,0x0000007db9700000] [id=13236]
  0x000001e459bcc800 GCTaskThread "GC Thread#4" [stack: 0x0000007db9700000,0x0000007db9800000] [id=15972]
  0x000001e45a639800 GCTaskThread "GC Thread#5" [stack: 0x0000007db9800000,0x0000007db9900000] [id=5036]
  0x000001e45a790000 GCTaskThread "GC Thread#6" [stack: 0x0000007db9900000,0x0000007db9a00000] [id=19376]
  0x000001e45ac5d000 GCTaskThread "GC Thread#7" [stack: 0x0000007db9a00000,0x0000007db9b00000] [id=10760]
  0x000001e43f2a2000 ConcurrentGCThread "G1 Main Marker" [stack: 0x0000007db7b00000,0x0000007db7c00000] [id=17052]
  0x000001e43f2a6800 ConcurrentGCThread "G1 Conc#0" [stack: 0x0000007db7c00000,0x0000007db7d00000] [id=2552]
  0x000001e459676800 ConcurrentGCThread "G1 Conc#1" [stack: 0x0000007db9f00000,0x0000007dba000000] [id=9912]
  0x000001e43f32d800 ConcurrentGCThread "G1 Refine#0" [stack: 0x0000007db7d00000,0x0000007db7e00000] [id=3528]
  0x000001e45ac59800 ConcurrentGCThread "G1 Refine#1" [stack: 0x0000007db9b00000,0x0000007db9c00000] [id=2220]
  0x000001e458214800 ConcurrentGCThread "G1 Young RemSet Sampling" [stack: 0x0000007db7e00000,0x0000007db7f00000] [id=14696]

Threads with active compile tasks:
C2 CompilerThread0  15585 4939       4       java.lang.invoke.LambdaForm$Name::replaceNames (174 bytes)

VM state:not at safepoint (normal execution)

VM Mutex/Monitor currently owned by a thread: None

Heap address: 0x00000000a0000000, size: 1536 MB, Compressed Oops mode: 32-bit
Narrow klass base: 0x0000000000000000, Narrow klass shift: 3
Compressed class space size: 1073741824 Address: 0x0000000100000000

Heap:
 garbage-first heap   total 114688K, used 56451K [0x00000000a0000000, 0x0000000100000000)
  region size 1024K, 8 young (8192K), 3 survivors (3072K)
 Metaspace       used 57728K, capacity 59137K, committed 59312K, reserved 1112064K
  class space    used 7311K, capacity 7816K, committed 7936K, reserved 1048576K
Heap Regions: E=young(eden), S=young(survivor), O=old, HS=humongous(starts), HC=humongous(continues), CS=collection set, F=free, A=archive, TAMS=top-at-mark-start (previous, next)
|   0|0x00000000a0000000, 0x00000000a0100000, 0x00000000a0100000|100%| O|  |TAMS 0x00000000a0100000, 0x00000000a0000000| Untracked 
|   1|0x00000000a0100000, 0x00000000a0200000, 0x00000000a0200000|100%| O|  |TAMS 0x00000000a0200000, 0x00000000a0100000| Untracked 
|   2|0x00000000a0200000, 0x00000000a0300000, 0x00000000a0300000|100%| O|  |TAMS 0x00000000a0300000, 0x00000000a0200000| Untracked 
|   3|0x00000000a0300000, 0x00000000a0400000, 0x00000000a0400000|100%|HS|  |TAMS 0x00000000a0400000, 0x00000000a0300000| Complete 
|   4|0x00000000a0400000, 0x00000000a0500000, 0x00000000a0500000|100%|HC|  |TAMS 0x00000000a0500000, 0x00000000a0400000| Complete 
|   5|0x00000000a0500000, 0x00000000a0600000, 0x00000000a0600000|100%|HC|  |TAMS 0x00000000a0600000, 0x00000000a0500000| Complete 
|   6|0x00000000a0600000, 0x00000000a0700000, 0x00000000a0700000|100%| O|  |TAMS 0x00000000a0700000, 0x00000000a0600000| Untracked 
|   7|0x00000000a0700000, 0x00000000a0800000, 0x00000000a0800000|100%| O|  |TAMS 0x00000000a0800000, 0x00000000a0700000| Untracked 
|   8|0x00000000a0800000, 0x00000000a0900000, 0x00000000a0900000|100%| O|  |TAMS 0x00000000a0900000, 0x00000000a0800000| Untracked 
|   9|0x00000000a0900000, 0x00000000a0a00000, 0x00000000a0a00000|100%| O|  |TAMS 0x00000000a0a00000, 0x00000000a0900000| Untracked 
|  10|0x00000000a0a00000, 0x00000000a0b00000, 0x00000000a0b00000|100%| O|  |TAMS 0x00000000a0b00000, 0x00000000a0a00000| Untracked 
|  11|0x00000000a0b00000, 0x00000000a0c00000, 0x00000000a0c00000|100%| O|  |TAMS 0x00000000a0c00000, 0x00000000a0b00000| Untracked 
|  12|0x00000000a0c00000, 0x00000000a0d00000, 0x00000000a0d00000|100%| O|  |TAMS 0x00000000a0d00000, 0x00000000a0c00000| Untracked 
|  13|0x00000000a0d00000, 0x00000000a0e00000, 0x00000000a0e00000|100%| O|  |TAMS 0x00000000a0e00000, 0x00000000a0d00000| Untracked 
|  14|0x00000000a0e00000, 0x00000000a0f00000, 0x00000000a0f00000|100%| O|  |TAMS 0x00000000a0f00000, 0x00000000a0e00000| Untracked 
|  15|0x00000000a0f00000, 0x00000000a1000000, 0x00000000a1000000|100%| O|  |TAMS 0x00000000a1000000, 0x00000000a0f00000| Untracked 
|  16|0x00000000a1000000, 0x00000000a1100000, 0x00000000a1100000|100%|HS|  |TAMS 0x00000000a1100000, 0x00000000a1000000| Complete 
|  17|0x00000000a1100000, 0x00000000a1200000, 0x00000000a1200000|100%|HC|  |TAMS 0x00000000a1200000, 0x00000000a1100000| Complete 
|  18|0x00000000a1200000, 0x00000000a1300000, 0x00000000a1300000|100%|HS|  |TAMS 0x00000000a1300000, 0x00000000a1200000| Complete 
|  19|0x00000000a1300000, 0x00000000a1400000, 0x00000000a1400000|100%|HC|  |TAMS 0x00000000a1400000, 0x00000000a1300000| Complete 
|  20|0x00000000a1400000, 0x00000000a1500000, 0x00000000a1500000|100%|HC|  |TAMS 0x00000000a1500000, 0x00000000a1400000| Complete 
|  21|0x00000000a1500000, 0x00000000a1600000, 0x00000000a1600000|100%|HS|  |TAMS 0x00000000a1600000, 0x00000000a1500000| Complete 
|  22|0x00000000a1600000, 0x00000000a1700000, 0x00000000a1700000|100%|HC|  |TAMS 0x00000000a1700000, 0x00000000a1600000| Complete 
|  23|0x00000000a1700000, 0x00000000a1800000, 0x00000000a1800000|100%|HC|  |TAMS 0x00000000a1800000, 0x00000000a1700000| Complete 
|  24|0x00000000a1800000, 0x00000000a1900000, 0x00000000a1900000|100%|HC|  |TAMS 0x00000000a1900000, 0x00000000a1800000| Complete 
|  25|0x00000000a1900000, 0x00000000a1a00000, 0x00000000a1a00000|100%| O|  |TAMS 0x00000000a1a00000, 0x00000000a1900000| Untracked 
|  26|0x00000000a1a00000, 0x00000000a1b00000, 0x00000000a1b00000|100%| O|  |TAMS 0x00000000a1b00000, 0x00000000a1a00000| Untracked 
|  27|0x00000000a1b00000, 0x00000000a1c00000, 0x00000000a1c00000|100%| O|  |TAMS 0x00000000a1c00000, 0x00000000a1b00000| Untracked 
|  28|0x00000000a1c00000, 0x00000000a1d00000, 0x00000000a1d00000|100%| O|  |TAMS 0x00000000a1d00000, 0x00000000a1c00000| Untracked 
|  29|0x00000000a1d00000, 0x00000000a1e00000, 0x00000000a1e00000|100%| O|  |TAMS 0x00000000a1e00000, 0x00000000a1d00000| Untracked 
|  30|0x00000000a1e00000, 0x00000000a1f00000, 0x00000000a1f00000|100%|HS|  |TAMS 0x00000000a1f00000, 0x00000000a1e00000| Complete 
|  31|0x00000000a1f00000, 0x00000000a2000000, 0x00000000a2000000|100%|HC|  |TAMS 0x00000000a2000000, 0x00000000a1f00000| Complete 
|  32|0x00000000a2000000, 0x00000000a2100000, 0x00000000a2100000|100%| O|  |TAMS 0x00000000a2100000, 0x00000000a2000000| Untracked 
|  33|0x00000000a2100000, 0x00000000a2200000, 0x00000000a2200000|100%| O|  |TAMS 0x00000000a2200000, 0x00000000a2200000| Untracked 
|  34|0x00000000a2200000, 0x00000000a2300000, 0x00000000a2300000|100%| O|  |TAMS 0x00000000a2300000, 0x00000000a2300000| Untracked 
|  35|0x00000000a2300000, 0x00000000a2400000, 0x00000000a2400000|100%| O|  |TAMS 0x00000000a2400000, 0x00000000a2400000| Untracked 
|  36|0x00000000a2400000, 0x00000000a2500000, 0x00000000a2500000|100%| O|  |TAMS 0x00000000a2500000, 0x00000000a2500000| Untracked 
|  37|0x00000000a2500000, 0x00000000a2600000, 0x00000000a2600000|100%| O|  |TAMS 0x00000000a2600000, 0x00000000a2600000| Untracked 
|  38|0x00000000a2600000, 0x00000000a2700000, 0x00000000a2700000|100%| O|  |TAMS 0x00000000a2700000, 0x00000000a2700000| Untracked 
|  39|0x00000000a2700000, 0x00000000a2800000, 0x00000000a2800000|100%| O|  |TAMS 0x00000000a2800000, 0x00000000a2800000| Untracked 
|  40|0x00000000a2800000, 0x00000000a2900000, 0x00000000a2900000|100%| O|  |TAMS 0x00000000a2900000, 0x00000000a2900000| Untracked 
|  41|0x00000000a2900000, 0x00000000a2a00000, 0x00000000a2a00000|100%| O|  |TAMS 0x00000000a2a00000, 0x00000000a2a00000| Untracked 
|  42|0x00000000a2a00000, 0x00000000a2b00000, 0x00000000a2b00000|100%| O|  |TAMS 0x00000000a2b00000, 0x00000000a2b00000| Untracked 
|  43|0x00000000a2b00000, 0x00000000a2c00000, 0x00000000a2c00000|100%| O|  |TAMS 0x00000000a2c00000, 0x00000000a2c00000| Untracked 
|  44|0x00000000a2c00000, 0x00000000a2d00000, 0x00000000a2d00000|100%| O|  |TAMS 0x00000000a2d00000, 0x00000000a2d00000| Untracked 
|  45|0x00000000a2d00000, 0x00000000a2e00000, 0x00000000a2e00000|100%| O|  |TAMS 0x00000000a2e00000, 0x00000000a2e00000| Untracked 
|  46|0x00000000a2e00000, 0x00000000a2f00000, 0x00000000a2f00000|100%| O|  |TAMS 0x00000000a2f00000, 0x00000000a2f00000| Untracked 
|  47|0x00000000a2f00000, 0x00000000a3000000, 0x00000000a3000000|100%| O|  |TAMS 0x00000000a3000000, 0x00000000a3000000| Untracked 
|  48|0x00000000a3000000, 0x00000000a3091400, 0x00000000a3100000| 56%| O|  |TAMS 0x00000000a3091400, 0x00000000a3100000| Untracked 
|  49|0x00000000a3100000, 0x00000000a3100000, 0x00000000a3200000|  0%| F|  |TAMS 0x00000000a3100000, 0x00000000a3100000| Untracked 
|  50|0x00000000a3200000, 0x00000000a3200000, 0x00000000a3300000|  0%| F|  |TAMS 0x00000000a3200000, 0x00000000a3200000| Untracked 
|  51|0x00000000a3300000, 0x00000000a3300000, 0x00000000a3400000|  0%| F|  |TAMS 0x00000000a3300000, 0x00000000a3300000| Untracked 
|  52|0x00000000a3400000, 0x00000000a3400000, 0x00000000a3500000|  0%| F|  |TAMS 0x00000000a3400000, 0x00000000a3400000| Untracked 
|  53|0x00000000a3500000, 0x00000000a3500000, 0x00000000a3600000|  0%| F|  |TAMS 0x00000000a3500000, 0x00000000a3500000| Untracked 
|  54|0x00000000a3600000, 0x00000000a3600000, 0x00000000a3700000|  0%| F|  |TAMS 0x00000000a3600000, 0x00000000a3600000| Untracked 
|  55|0x00000000a3700000, 0x00000000a3700000, 0x00000000a3800000|  0%| F|  |TAMS 0x00000000a3700000, 0x00000000a3700000| Untracked 
|  56|0x00000000a3800000, 0x00000000a3800000, 0x00000000a3900000|  0%| F|  |TAMS 0x00000000a3800000, 0x00000000a3800000| Untracked 
|  57|0x00000000a3900000, 0x00000000a3900000, 0x00000000a3a00000|  0%| F|  |TAMS 0x00000000a3900000, 0x00000000a3900000| Untracked 
|  58|0x00000000a3a00000, 0x00000000a3a00000, 0x00000000a3b00000|  0%| F|  |TAMS 0x00000000a3a00000, 0x00000000a3a00000| Untracked 
|  59|0x00000000a3b00000, 0x00000000a3b00000, 0x00000000a3c00000|  0%| F|  |TAMS 0x00000000a3b00000, 0x00000000a3b00000| Untracked 
|  60|0x00000000a3c00000, 0x00000000a3c00000, 0x00000000a3d00000|  0%| F|  |TAMS 0x00000000a3c00000, 0x00000000a3c00000| Untracked 
|  61|0x00000000a3d00000, 0x00000000a3d00000, 0x00000000a3e00000|  0%| F|  |TAMS 0x00000000a3d00000, 0x00000000a3d00000| Untracked 
|  62|0x00000000a3e00000, 0x00000000a3e00000, 0x00000000a3f00000|  0%| F|  |TAMS 0x00000000a3e00000, 0x00000000a3e00000| Untracked 
|  63|0x00000000a3f00000, 0x00000000a3f00000, 0x00000000a4000000|  0%| F|  |TAMS 0x00000000a3f00000, 0x00000000a3f00000| Untracked 
|  64|0x00000000a4000000, 0x00000000a4000000, 0x00000000a4100000|  0%| F|  |TAMS 0x00000000a4000000, 0x00000000a4000000| Untracked 
|  65|0x00000000a4100000, 0x00000000a4100000, 0x00000000a4200000|  0%| F|  |TAMS 0x00000000a4100000, 0x00000000a4100000| Untracked 
|  66|0x00000000a4200000, 0x00000000a4200000, 0x00000000a4300000|  0%| F|  |TAMS 0x00000000a4200000, 0x00000000a4200000| Untracked 
|  67|0x00000000a4300000, 0x00000000a4300000, 0x00000000a4400000|  0%| F|  |TAMS 0x00000000a4300000, 0x00000000a4300000| Untracked 
|  68|0x00000000a4400000, 0x00000000a4400000, 0x00000000a4500000|  0%| F|  |TAMS 0x00000000a4400000, 0x00000000a4400000| Untracked 
|  69|0x00000000a4500000, 0x00000000a4500000, 0x00000000a4600000|  0%| F|  |TAMS 0x00000000a4500000, 0x00000000a4500000| Untracked 
|  70|0x00000000a4600000, 0x00000000a4600000, 0x00000000a4700000|  0%| F|  |TAMS 0x00000000a4600000, 0x00000000a4600000| Untracked 
|  71|0x00000000a4700000, 0x00000000a4700000, 0x00000000a4800000|  0%| F|  |TAMS 0x00000000a4700000, 0x00000000a4700000| Untracked 
|  72|0x00000000a4800000, 0x00000000a4800000, 0x00000000a4900000|  0%| F|  |TAMS 0x00000000a4800000, 0x00000000a4800000| Untracked 
|  73|0x00000000a4900000, 0x00000000a4900000, 0x00000000a4a00000|  0%| F|  |TAMS 0x00000000a4900000, 0x00000000a4900000| Untracked 
|  74|0x00000000a4a00000, 0x00000000a4a00000, 0x00000000a4b00000|  0%| F|  |TAMS 0x00000000a4a00000, 0x00000000a4a00000| Untracked 
|  75|0x00000000a4b00000, 0x00000000a4b00000, 0x00000000a4c00000|  0%| F|  |TAMS 0x00000000a4b00000, 0x00000000a4b00000| Untracked 
|  76|0x00000000a4c00000, 0x00000000a4c00000, 0x00000000a4d00000|  0%| F|  |TAMS 0x00000000a4c00000, 0x00000000a4c00000| Untracked 
|  77|0x00000000a4d00000, 0x00000000a4d00000, 0x00000000a4e00000|  0%| F|  |TAMS 0x00000000a4d00000, 0x00000000a4d00000| Untracked 
|  78|0x00000000a4e00000, 0x00000000a4e00000, 0x00000000a4f00000|  0%| F|  |TAMS 0x00000000a4e00000, 0x00000000a4e00000| Untracked 
|  79|0x00000000a4f00000, 0x00000000a4f00000, 0x00000000a5000000|  0%| F|  |TAMS 0x00000000a4f00000, 0x00000000a4f00000| Untracked 
|  80|0x00000000a5000000, 0x00000000a5000000, 0x00000000a5100000|  0%| F|  |TAMS 0x00000000a5000000, 0x00000000a5000000| Untracked 
|  81|0x00000000a5100000, 0x00000000a5100000, 0x00000000a5200000|  0%| F|  |TAMS 0x00000000a5100000, 0x00000000a5100000| Untracked 
|  82|0x00000000a5200000, 0x00000000a5200000, 0x00000000a5300000|  0%| F|  |TAMS 0x00000000a5200000, 0x00000000a5200000| Untracked 
|  83|0x00000000a5300000, 0x00000000a5300000, 0x00000000a5400000|  0%| F|  |TAMS 0x00000000a5300000, 0x00000000a5300000| Untracked 
|  84|0x00000000a5400000, 0x00000000a5400000, 0x00000000a5500000|  0%| F|  |TAMS 0x00000000a5400000, 0x00000000a5400000| Untracked 
|  85|0x00000000a5500000, 0x00000000a5500000, 0x00000000a5600000|  0%| F|  |TAMS 0x00000000a5500000, 0x00000000a5500000| Untracked 
|  86|0x00000000a5600000, 0x00000000a5600000, 0x00000000a5700000|  0%| F|  |TAMS 0x00000000a5600000, 0x00000000a5600000| Untracked 
|  87|0x00000000a5700000, 0x00000000a5700000, 0x00000000a5800000|  0%| F|  |TAMS 0x00000000a5700000, 0x00000000a5700000| Untracked 
|  88|0x00000000a5800000, 0x00000000a588f880, 0x00000000a5900000| 56%| E|CS|TAMS 0x00000000a5800000, 0x00000000a588f880| Complete 
|  89|0x00000000a5900000, 0x00000000a5a00000, 0x00000000a5a00000|100%| E|CS|TAMS 0x00000000a5900000, 0x00000000a5a00000| Complete 
|  90|0x00000000a5a00000, 0x00000000a5b00000, 0x00000000a5b00000|100%| E|CS|TAMS 0x00000000a5a00000, 0x00000000a5b00000| Complete 
|  91|0x00000000a5b00000, 0x00000000a5b00000, 0x00000000a5c00000|  0%| F|  |TAMS 0x00000000a5b00000, 0x00000000a5b00000| Untracked 
|  92|0x00000000a5c00000, 0x00000000a5c00000, 0x00000000a5d00000|  0%| F|  |TAMS 0x00000000a5c00000, 0x00000000a5c00000| Untracked 
|  93|0x00000000a5d00000, 0x00000000a5d00000, 0x00000000a5e00000|  0%| F|  |TAMS 0x00000000a5d00000, 0x00000000a5d00000| Untracked 
|  94|0x00000000a5e00000, 0x00000000a5e00000, 0x00000000a5f00000|  0%| F|  |TAMS 0x00000000a5e00000, 0x00000000a5e00000| Untracked 
|  95|0x00000000a5f00000, 0x00000000a5f00000, 0x00000000a6000000|  0%| F|  |TAMS 0x00000000a5f00000, 0x00000000a5f00000| Untracked 
|  96|0x00000000a6000000, 0x00000000a6000000, 0x00000000a6100000|  0%| F|  |TAMS 0x00000000a6000000, 0x00000000a6000000| Untracked 
|  97|0x00000000a6100000, 0x00000000a6100000, 0x00000000a6200000|  0%| F|  |TAMS 0x00000000a6100000, 0x00000000a6100000| Untracked 
|  98|0x00000000a6200000, 0x00000000a6200000, 0x00000000a6300000|  0%| F|  |TAMS 0x00000000a6200000, 0x00000000a6200000| Untracked 
|  99|0x00000000a6300000, 0x00000000a6300000, 0x00000000a6400000|  0%| F|  |TAMS 0x00000000a6300000, 0x00000000a6300000| Untracked 
| 100|0x00000000a6400000, 0x00000000a6400000, 0x00000000a6500000|  0%| F|  |TAMS 0x00000000a6400000, 0x00000000a6400000| Untracked 
| 101|0x00000000a6500000, 0x00000000a6500000, 0x00000000a6600000|  0%| F|  |TAMS 0x00000000a6500000, 0x00000000a6500000| Untracked 
| 102|0x00000000a6600000, 0x00000000a6600000, 0x00000000a6700000|  0%| F|  |TAMS 0x00000000a6600000, 0x00000000a6600000| Untracked 
| 103|0x00000000a6700000, 0x00000000a6700000, 0x00000000a6800000|  0%| F|  |TAMS 0x00000000a6700000, 0x00000000a6700000| Untracked 
| 104|0x00000000a6800000, 0x00000000a6810588, 0x00000000a6900000|  6%| S|  |TAMS 0x00000000a6800000, 0x00000000a6800000| Complete 
| 105|0x00000000a6900000, 0x00000000a6a00000, 0x00000000a6a00000|100%| S|  |TAMS 0x00000000a6900000, 0x00000000a6900000| Complete 
| 106|0x00000000a6a00000, 0x00000000a6b00000, 0x00000000a6b00000|100%| S|  |TAMS 0x00000000a6a00000, 0x00000000a6a00000| Complete 
| 107|0x00000000a6b00000, 0x00000000a6b80800, 0x00000000a6c00000| 50%| E|CS|TAMS 0x00000000a6b00000, 0x00000000a6b80800| Complete 
| 108|0x00000000a6c00000, 0x00000000a6d00000, 0x00000000a6d00000|100%| E|CS|TAMS 0x00000000a6c00000, 0x00000000a6d00000| Complete 
| 109|0x00000000a6d00000, 0x00000000a6e00000, 0x00000000a6e00000|100%| E|CS|TAMS 0x00000000a6d00000, 0x00000000a6e00000| Complete 
| 110|0x00000000a6e00000, 0x00000000a6f00000, 0x00000000a6f00000|100%| E|CS|TAMS 0x00000000a6e00000, 0x00000000a6f00000| Complete 
| 111|0x00000000a6f00000, 0x00000000a7000000, 0x00000000a7000000|100%| E|CS|TAMS 0x00000000a6f00000, 0x00000000a7000000| Complete 

Card table byte_map: [0x000001e452380000,0x000001e452680000] _byte_map_base: 0x000001e451e80000

Marking Bits (Prev, Next): (CMBitMap*) 0x000001e43f29b560, (CMBitMap*) 0x000001e43f29b528
 Prev Bits: [0x000001e454180000, 0x000001e455980000)
 Next Bits: [0x000001e452980000, 0x000001e454180000)

Polling page: 0x000001e43d160000

Metaspace:

Usage:
  Non-class:     50.12 MB capacity,    49.24 MB ( 98%) used,   774.30 KB (  2%) free+waste,   120.00 KB ( <1%) overhead. 
      Class:      7.63 MB capacity,     7.14 MB ( 94%) used,   448.25 KB (  6%) free+waste,    56.63 KB ( <1%) overhead. 
       Both:     57.75 MB capacity,    56.38 MB ( 98%) used,     1.19 MB (  2%) free+waste,   176.63 KB ( <1%) overhead. 

Virtual space:
  Non-class space:       68.00 MB reserved,      50.17 MB ( 74%) committed 
      Class space:        1.00 GB reserved,       7.75 MB ( <1%) committed 
             Both:        1.07 GB reserved,      57.92 MB (  5%) committed 

Chunk freelists:
   Non-Class:  55.00 KB
       Class:  24.00 KB
        Both:  79.00 KB

MaxMetaspaceSize: 17179869184.00 GB
CompressedClassSpaceSize: 1.00 GB

CodeHeap 'non-profiled nmethods': size=120000Kb used=2540Kb max_used=2540Kb free=117459Kb
 bounds [0x000001e44a820000, 0x000001e44aaa0000, 0x000001e451d50000]
CodeHeap 'profiled nmethods': size=120000Kb used=10676Kb max_used=10676Kb free=109324Kb
 bounds [0x000001e4432f0000, 0x000001e443d60000, 0x000001e44a820000]
CodeHeap 'non-nmethods': size=5760Kb used=2239Kb max_used=2260Kb free=3520Kb
 bounds [0x000001e442d50000, 0x000001e442fc0000, 0x000001e4432f0000]
 total_blobs=5772 nmethods=4954 adapters=729
 compilation: enabled
              stopped_count=0, restarted_count=0
 full_count=0

Compilation events (20 events):
Event: 15.503 Thread 0x000001e458c6a000 4974       3       java.lang.Enum::hashCode (5 bytes)
Event: 15.503 Thread 0x000001e458c6a000 nmethod 4974 0x000001e443d3f990 code [0x000001e443d3fb40, 0x000001e443d3fc68]
Event: 15.513 Thread 0x000001e458c6a000 4975   !   3       java.net.URLClassLoader$1::run (63 bytes)
Event: 15.513 Thread 0x000001e458c6a000 nmethod 4975 0x000001e443d3fd10 code [0x000001e443d3ff20, 0x000001e443d40288]
Event: 15.520 Thread 0x000001e458c6a000 4976       1       com.android.build.gradle.internal.publishing.OutputSpecImpl::getOutputType (5 bytes)
Event: 15.520 Thread 0x000001e458c6a000 nmethod 4976 0x000001e44aa9a210 code [0x000001e44aa9a3c0, 0x000001e44aa9a478]
Event: 15.521 Thread 0x000001e458c6a000 4977       1       com.android.build.gradle.internal.publishing.OutputSpecImpl::getArtifactType (5 bytes)
Event: 15.521 Thread 0x000001e458c6a000 nmethod 4977 0x000001e44aa9a510 code [0x000001e44aa9a6c0, 0x000001e44aa9a778]
Event: 15.521 Thread 0x000001e458c6a000 4978       1       com.android.build.gradle.internal.publishing.OutputSpecImpl::getPublishedConfigTypes (5 bytes)
Event: 15.521 Thread 0x000001e458c6a000 nmethod 4978 0x000001e44aa9a810 code [0x000001e44aa9a9c0, 0x000001e44aa9aa78]
Event: 15.521 Thread 0x000001e458c6a000 4979       1       com.google.common.collect.SingletonImmutableList::size (2 bytes)
Event: 15.521 Thread 0x000001e458c6a000 nmethod 4979 0x000001e44aa9ab10 code [0x000001e44aa9acc0, 0x000001e44aa9ad78]
Event: 15.521 Thread 0x000001e458c6a000 4981       3       kotlin.jvm.internal.Intrinsics::areEqual (22 bytes)
Event: 15.522 Thread 0x000001e458c6a000 nmethod 4981 0x000001e443d40490 code [0x000001e443d40660, 0x000001e443d408a8]
Event: 15.522 Thread 0x000001e458c6a000 4980       3       com.google.common.collect.Hashing::smear (19 bytes)
Event: 15.522 Thread 0x000001e458c6a000 nmethod 4980 0x000001e443d40990 code [0x000001e443d40b40, 0x000001e443d40cb8]
Event: 15.530 Thread 0x000001e458c6a000 4982       1       org.codehaus.groovy.runtime.metaclass.MetaClassRegistryImpl::getMetaClassCreationHandler (5 bytes)
Event: 15.530 Thread 0x000001e458c6a000 nmethod 4982 0x000001e44aa9ae10 code [0x000001e44aa9afc0, 0x000001e44aa9b078]
Event: 15.532 Thread 0x000001e458c6a000 4983       3       org.codehaus.groovy.runtime.metaclass.MetaMethodIndex::resize (103 bytes)
Event: 15.532 Thread 0x000001e458c6a000 nmethod 4983 0x000001e443d40d90 code [0x000001e443d40f80, 0x000001e443d41518]

GC Heap History (20 events):
Event: 6.095 GC heap before
{Heap before GC invocations=2 (full 0):
 garbage-first heap   total 114688K, used 30484K [0x00000000a0000000, 0x0000000100000000)
  region size 1024K, 26 young (26624K), 9 survivors (9216K)
 Metaspace       used 20725K, capacity 21148K, committed 21296K, reserved 1069056K
  class space    used 2484K, capacity 2604K, committed 2688K, reserved 1048576K
}
Event: 6.105 GC heap after
{Heap after GC invocations=3 (full 0):
 garbage-first heap   total 114688K, used 16412K [0x00000000a0000000, 0x0000000100000000)
  region size 1024K, 1 young (1024K), 1 survivors (1024K)
 Metaspace       used 20725K, capacity 21148K, committed 21296K, reserved 1069056K
  class space    used 2484K, capacity 2604K, committed 2688K, reserved 1048576K
}
Event: 7.243 GC heap before
{Heap before GC invocations=4 (full 0):
 garbage-first heap   total 114688K, used 65564K [0x00000000a0000000, 0x0000000100000000)
  region size 1024K, 41 young (41984K), 1 survivors (1024K)
 Metaspace       used 25988K, capacity 26734K, committed 26800K, reserved 1073152K
  class space    used 3308K, capacity 3567K, committed 3584K, reserved 1048576K
}
Event: 7.246 GC heap after
{Heap after GC invocations=5 (full 0):
 garbage-first heap   total 114688K, used 28738K [0x00000000a0000000, 0x0000000100000000)
  region size 1024K, 4 young (4096K), 4 survivors (4096K)
 Metaspace       used 25988K, capacity 26734K, committed 26800K, reserved 1073152K
  class space    used 3308K, capacity 3567K, committed 3584K, reserved 1048576K
}
Event: 8.452 GC heap before
{Heap before GC invocations=5 (full 0):
 garbage-first heap   total 114688K, used 69698K [0x00000000a0000000, 0x0000000100000000)
  region size 1024K, 44 young (45056K), 4 survivors (4096K)
 Metaspace       used 33427K, capacity 34174K, committed 34480K, reserved 1079296K
  class space    used 4233K, capacity 4492K, committed 4608K, reserved 1048576K
}
Event: 8.458 GC heap after
{Heap after GC invocations=6 (full 0):
 garbage-first heap   total 114688K, used 31772K [0x00000000a0000000, 0x0000000100000000)
  region size 1024K, 3 young (3072K), 3 survivors (3072K)
 Metaspace       used 33427K, capacity 34174K, committed 34480K, reserved 1079296K
  class space    used 4233K, capacity 4492K, committed 4608K, reserved 1048576K
}
Event: 8.686 GC heap before
{Heap before GC invocations=6 (full 0):
 garbage-first heap   total 114688K, used 43036K [0x00000000a0000000, 0x0000000100000000)
  region size 1024K, 12 young (12288K), 3 survivors (3072K)
 Metaspace       used 35017K, capacity 35736K, committed 35888K, reserved 1081344K
  class space    used 4382K, capacity 4626K, committed 4736K, reserved 1048576K
}
Event: 8.692 GC heap after
{Heap after GC invocations=7 (full 0):
 garbage-first heap   total 114688K, used 34484K [0x00000000a0000000, 0x0000000100000000)
  region size 1024K, 4 young (4096K), 4 survivors (4096K)
 Metaspace       used 35017K, capacity 35736K, committed 35888K, reserved 1081344K
  class space    used 4382K, capacity 4626K, committed 4736K, reserved 1048576K
}
Event: 9.712 GC heap before
{Heap before GC invocations=8 (full 0):
 garbage-first heap   total 114688K, used 69300K [0x00000000a0000000, 0x0000000100000000)
  region size 1024K, 39 young (39936K), 4 survivors (4096K)
 Metaspace       used 38162K, capacity 39028K, committed 39088K, reserved 1083392K
  class space    used 4821K, capacity 5103K, committed 5120K, reserved 1048576K
}
Event: 9.718 GC heap after
{Heap after GC invocations=9 (full 0):
 garbage-first heap   total 114688K, used 34537K [0x00000000a0000000, 0x0000000100000000)
  region size 1024K, 3 young (3072K), 3 survivors (3072K)
 Metaspace       used 38162K, capacity 39028K, committed 39088K, reserved 1083392K
  class space    used 4821K, capacity 5103K, committed 5120K, reserved 1048576K
}
Event: 10.978 GC heap before
{Heap before GC invocations=9 (full 0):
 garbage-first heap   total 114688K, used 74473K [0x00000000a0000000, 0x0000000100000000)
  region size 1024K, 42 young (43008K), 3 survivors (3072K)
 Metaspace       used 41387K, capacity 42305K, committed 42416K, reserved 1085440K
  class space    used 5290K, capacity 5599K, committed 5632K, reserved 1048576K
}
Event: 10.985 GC heap after
{Heap after GC invocations=10 (full 0):
 garbage-first heap   total 114688K, used 36240K [0x00000000a0000000, 0x0000000100000000)
  region size 1024K, 5 young (5120K), 5 survivors (5120K)
 Metaspace       used 41387K, capacity 42305K, committed 42416K, reserved 1085440K
  class space    used 5290K, capacity 5599K, committed 5632K, reserved 1048576K
}
Event: 12.954 GC heap before
{Heap before GC invocations=10 (full 0):
 garbage-first heap   total 114688K, used 78224K [0x00000000a0000000, 0x0000000100000000)
  region size 1024K, 45 young (46080K), 5 survivors (5120K)
 Metaspace       used 45967K, capacity 47156K, committed 47408K, reserved 1091584K
  class space    used 5878K, capacity 6254K, committed 6272K, reserved 1048576K
}
Event: 12.966 GC heap after
{Heap after GC invocations=11 (full 0):
 garbage-first heap   total 114688K, used 44708K [0x00000000a0000000, 0x0000000100000000)
  region size 1024K, 6 young (6144K), 6 survivors (6144K)
 Metaspace       used 45967K, capacity 47156K, committed 47408K, reserved 1091584K
  class space    used 5878K, capacity 6254K, committed 6272K, reserved 1048576K
}
Event: 14.089 GC heap before
{Heap before GC invocations=11 (full 0):
 garbage-first heap   total 114688K, used 81572K [0x00000000a0000000, 0x0000000100000000)
  region size 1024K, 42 young (43008K), 6 survivors (6144K)
 Metaspace       used 51983K, capacity 53200K, committed 53296K, reserved 1095680K
  class space    used 6581K, capacity 6972K, committed 7040K, reserved 1048576K
}
Event: 14.096 GC heap after
{Heap after GC invocations=12 (full 0):
 garbage-first heap   total 114688K, used 47709K [0x00000000a0000000, 0x0000000100000000)
  region size 1024K, 3 young (3072K), 3 survivors (3072K)
 Metaspace       used 51983K, capacity 53200K, committed 53296K, reserved 1095680K
  class space    used 6581K, capacity 6972K, committed 7040K, reserved 1048576K
}
Event: 14.969 GC heap before
{Heap before GC invocations=12 (full 0):
 garbage-first heap   total 114688K, used 83549K [0x00000000a0000000, 0x0000000100000000)
  region size 1024K, 38 young (38912K), 3 survivors (3072K)
 Metaspace       used 54862K, capacity 56067K, committed 56112K, reserved 1097728K
  class space    used 6906K, capacity 7275K, committed 7296K, reserved 1048576K
}
Event: 14.975 GC heap after
{Heap after GC invocations=13 (full 0):
 garbage-first heap   total 114688K, used 49895K [0x00000000a0000000, 0x0000000100000000)
  region size 1024K, 5 young (5120K), 5 survivors (5120K)
 Metaspace       used 54862K, capacity 56067K, committed 56112K, reserved 1097728K
  class space    used 6906K, capacity 7275K, committed 7296K, reserved 1048576K
}
Event: 15.404 GC heap before
{Heap before GC invocations=13 (full 0):
 garbage-first heap   total 114688K, used 70375K [0x00000000a0000000, 0x0000000100000000)
  region size 1024K, 26 young (26624K), 5 survivors (5120K)
 Metaspace       used 56293K, capacity 57688K, committed 57776K, reserved 1105920K
  class space    used 7141K, capacity 7631K, committed 7680K, reserved 1048576K
}
Event: 15.414 GC heap after
{Heap after GC invocations=14 (full 0):
 garbage-first heap   total 114688K, used 52355K [0x00000000a0000000, 0x0000000100000000)
  region size 1024K, 3 young (3072K), 3 survivors (3072K)
 Metaspace       used 56293K, capacity 57688K, committed 57776K, reserved 1105920K
  class space    used 7141K, capacity 7631K, committed 7680K, reserved 1048576K
}

Deoptimization events (20 events):
Event: 14.886 Thread 0x000001e458c74000 Uncommon trap: trap_request=0xffffff4d fr.pc=0x000001e44aa06c94 relative=0x0000000000000334
Event: 14.886 Thread 0x000001e458c74000 Uncommon trap: reason=unstable_if action=reinterpret pc=0x000001e44aa06c94 method=org.gradle.internal.reflect.PropertyAccessorType.of(Ljava/lang/reflect/Method;)Lorg/gradle/internal/reflect/PropertyAccessorType; @ 56 c2
Event: 14.886 Thread 0x000001e458c74000 DEOPT PACKING pc=0x000001e44aa06c94 sp=0x0000007db91f95f0
Event: 14.886 Thread 0x000001e458c74000 DEOPT UNPACKING pc=0x000001e442d7662f sp=0x0000007db91f95b0 mode 2
Event: 15.067 Thread 0x000001e458c74000 Uncommon trap: trap_request=0xffffff6e fr.pc=0x000001e44a9f7edc relative=0x000000000000489c
Event: 15.067 Thread 0x000001e458c74000 Uncommon trap: reason=speculate_class_check action=maybe_recompile pc=0x000001e44a9f7edc method=jdk.internal.loader.Resource.getBytes()[B @ 10 c2
Event: 15.067 Thread 0x000001e458c74000 DEOPT PACKING pc=0x000001e44a9f7edc sp=0x0000007db91f8d70
Event: 15.067 Thread 0x000001e458c74000 DEOPT UNPACKING pc=0x000001e442d7662f sp=0x0000007db91f8da8 mode 2
Event: 15.071 Thread 0x000001e458c74000 DEOPT PACKING pc=0x000001e4438e5186 sp=0x0000007db91f6e90
Event: 15.071 Thread 0x000001e458c74000 DEOPT UNPACKING pc=0x000001e442d76dde sp=0x0000007db91f6388 mode 0
Event: 15.186 Thread 0x000001e458c74000 Uncommon trap: trap_request=0xffffffde fr.pc=0x000001e44a91d554 relative=0x0000000000000514
Event: 15.186 Thread 0x000001e458c74000 Uncommon trap: reason=class_check action=maybe_recompile pc=0x000001e44a91d554 method=java.lang.Throwable.<init>(Ljava/lang/String;Ljava/lang/Throwable;)V @ 24 c2
Event: 15.186 Thread 0x000001e458c74000 DEOPT PACKING pc=0x000001e44a91d554 sp=0x0000007db91f67e0
Event: 15.186 Thread 0x000001e458c74000 DEOPT UNPACKING pc=0x000001e442d7662f sp=0x0000007db91f67a8 mode 2
Event: 15.264 Thread 0x000001e458c74000 DEOPT PACKING pc=0x000001e443c1b919 sp=0x0000007db91f9f50
Event: 15.264 Thread 0x000001e458c74000 DEOPT UNPACKING pc=0x000001e442d76dde sp=0x0000007db91f9460 mode 0
Event: 15.283 Thread 0x000001e458c74000 Uncommon trap: trap_request=0xffffff4d fr.pc=0x000001e44aa5f98c relative=0x000000000000434c
Event: 15.283 Thread 0x000001e458c74000 Uncommon trap: reason=unstable_if action=reinterpret pc=0x000001e44aa5f98c method=org.objectweb.asm.Frame.execute(IILorg/objectweb/asm/Symbol;Lorg/objectweb/asm/SymbolTable;)V @ 1 c2
Event: 15.283 Thread 0x000001e458c74000 DEOPT PACKING pc=0x000001e44aa5f98c sp=0x0000007db91f9fd0
Event: 15.283 Thread 0x000001e458c74000 DEOPT UNPACKING pc=0x000001e442d7662f sp=0x0000007db91f9f78 mode 2

Classes redefined (0 events):
No events

Internal exceptions (20 events):
Event: 15.203 Thread 0x000001e458c74000 Exception <a 'java/lang/ClassNotFoundException'{0x00000000a621cee0}: org/gradle/api/internal/file/CompositeFileTreeBeanInfo> (0x00000000a621cee0) thrown at [./src/hotspot/share/classfile/systemDictionary.cpp, line 231]
Event: 15.204 Thread 0x000001e458c74000 Exception <a 'java/lang/ClassNotFoundException'{0x00000000a6240260}: org/gradle/api/internal/file/CompositeFileCollectionBeanInfo> (0x00000000a6240260) thrown at [./src/hotspot/share/classfile/systemDictionary.cpp, line 231]
Event: 15.205 Thread 0x000001e458c74000 Exception <a 'java/lang/ClassNotFoundException'{0x00000000a6264080}: org/gradle/api/internal/file/AbstractFileCollectionBeanInfo> (0x00000000a6264080) thrown at [./src/hotspot/share/classfile/systemDictionary.cpp, line 231]
Event: 15.207 Thread 0x000001e458c74000 Exception <a 'java/lang/ClassNotFoundException'{0x00000000a62882b8}: org/gradle/api/internal/file/AbstractFileCollectionCustomizer> (0x00000000a62882b8) thrown at [./src/hotspot/share/classfile/systemDictionary.cpp, line 231]
Event: 15.210 Thread 0x000001e458c74000 Exception <a 'java/lang/ClassNotFoundException'{0x00000000a62b8850}: org/gradle/api/internal/file/CompositeFileCollectionCustomizer> (0x00000000a62b8850) thrown at [./src/hotspot/share/classfile/systemDictionary.cpp, line 231]
Event: 15.212 Thread 0x000001e458c74000 Exception <a 'java/lang/ClassNotFoundException'{0x00000000a62e4d90}: org/gradle/api/internal/file/CompositeFileTreeCustomizer> (0x00000000a62e4d90) thrown at [./src/hotspot/share/classfile/systemDictionary.cpp, line 231]
Event: 15.213 Thread 0x000001e458c74000 Exception <a 'java/lang/ClassNotFoundException'{0x00000000a6115508}: org/gradle/api/internal/file/collections/DefaultConfigurableFileTreeCustomizer> (0x00000000a6115508) thrown at [./src/hotspot/share/classfile/systemDictionary.cpp, line 231]
Event: 15.295 Thread 0x000001e458c74000 Exception <a 'java/lang/NoSuchMethodError'{0x00000000a5e4dd68}: 'int java.lang.invoke.DirectMethodHandle$Holder.invokeInterface(java.lang.Object, java.lang.Object, java.lang.Object, java.lang.Object)'> (0x00000000a5e4dd68) thrown at [./src/hotspot/share/interpreter/linkResolver.cpp, line 773]
Event: 15.302 Thread 0x000001e458c74000 Exception <a 'java/lang/NoSuchMethodError'{0x00000000a5e77868}: 'int java.lang.invoke.DirectMethodHandle$Holder.invokeVirtual(java.lang.Object, java.lang.Object, java.lang.Object)'> (0x00000000a5e77868) thrown at [./src/hotspot/share/interpreter/linkResolver.cpp, line 773]
Event: 15.332 Thread 0x000001e458c74000 Exception <a 'java/lang/NoSuchMethodError'{0x00000000a5d85700}: 'java.lang.Object java.lang.invoke.Invokers$Holder.linkToTargetMethod(java.lang.Object, int, int, java.lang.Object)'> (0x00000000a5d85700) thrown at [./src/hotspot/share/interpreter/linkResolver.cpp, line 773]
Event: 15.340 Thread 0x000001e458c74000 Exception <a 'java/lang/NoSuchMethodError'{0x00000000a5dc0498}: 'java.lang.Object java.lang.invoke.Invokers$Holder.linkToTargetMethod(java.lang.Object, int, java.lang.Object)'> (0x00000000a5dc0498) thrown at [./src/hotspot/share/interpreter/linkResolver.cpp, line 773]
Event: 15.343 Thread 0x000001e458c74000 Exception <a 'java/lang/NoSuchMethodError'{0x00000000a5de6da0}: 'void java.lang.invoke.DirectMethodHandle$Holder.invokeStatic(java.lang.Object, int, java.lang.Object)'> (0x00000000a5de6da0) thrown at [./src/hotspot/share/interpreter/linkResolver.cpp, line 773]
Event: 15.380 Thread 0x000001e458c74000 Exception <a 'java/lang/NoSuchMethodError'{0x00000000a5b43478}: 'java.lang.Object java.lang.invoke.DirectMethodHandle$Holder.invokeSpecial(java.lang.Object, java.lang.Object, int, int, java.lang.Object, java.lang.Object, java.lang.Object)'> (0x00000000a5b43478) thrown at [./src/hotspot/share/interpreter/linkResolver.cpp, line 773]
Event: 15.380 Thread 0x000001e458c74000 Exception <a 'java/lang/NoSuchMethodError'{0x00000000a5b474a8}: 'java.lang.Object java.lang.invoke.DelegatingMethodHandle$Holder.reinvoke_L(java.lang.Object, int, int, java.lang.Object, java.lang.Object, java.lang.Object)'> (0x00000000a5b474a8) thrown at [./src/hotspot/share/interpreter/linkResolver.cpp, line 773]
Event: 15.381 Thread 0x000001e458c74000 Exception <a 'java/lang/NoSuchMethodError'{0x00000000a5b4bf20}: 'java.lang.Object java.lang.invoke.DirectMethodHandle$Holder.invokeStatic(java.lang.Object, java.lang.Object, java.lang.Object, java.lang.Object, int)'> (0x00000000a5b4bf20) thrown at [./src/hotspot/share/interpreter/linkResolver.cpp, line 773]
Event: 15.483 Thread 0x000001e458c74000 Exception <a 'java/lang/NoSuchMethodError'{0x00000000a6f626a0}: 'void java.lang.invoke.DirectMethodHandle$Holder.invokeVirtual(java.lang.Object, java.lang.Object)'> (0x00000000a6f626a0) thrown at [./src/hotspot/share/interpreter/linkResolver.cpp, line 773]
Event: 15.533 Thread 0x000001e458c74000 Exception <a 'java/lang/ClassNotFoundException'{0x00000000a6d46948}: org/gradle/api/plugins/internal/DefaultBasePluginConventionBeanInfo> (0x00000000a6d46948) thrown at [./src/hotspot/share/classfile/systemDictionary.cpp, line 231]
Event: 15.533 Thread 0x000001e458c74000 Exception <a 'java/lang/ClassNotFoundException'{0x00000000a6d5f9e8}: org/gradle/api/plugins/BasePluginConventionBeanInfo> (0x00000000a6d5f9e8) thrown at [./src/hotspot/share/classfile/systemDictionary.cpp, line 231]
Event: 15.534 Thread 0x000001e458c74000 Exception <a 'java/lang/ClassNotFoundException'{0x00000000a6d777e8}: org/gradle/api/plugins/BasePluginConventionCustomizer> (0x00000000a6d777e8) thrown at [./src/hotspot/share/classfile/systemDictionary.cpp, line 231]
Event: 15.535 Thread 0x000001e458c74000 Exception <a 'java/lang/ClassNotFoundException'{0x00000000a6da0cb8}: org/gradle/api/plugins/internal/DefaultBasePluginConventionCustomizer> (0x00000000a6da0cb8) thrown at [./src/hotspot/share/classfile/systemDictionary.cpp, line 231]

Events (20 events):
Event: 15.533 loading class org/gradle/api/plugins/BasePluginConventionBeanInfo
Event: 15.533 loading class org/gradle/api/plugins/BasePluginConventionBeanInfo done
Event: 15.533 loading class org/gradle/api/plugins/BasePluginConventionCustomizer
Event: 15.533 loading class org/gradle/api/plugins/BasePluginConventionCustomizer done
Event: 15.533 loading class org/gradle/api/plugins/BasePluginConventionCustomizer
Event: 15.533 loading class org/gradle/api/plugins/BasePluginConventionCustomizer done
Event: 15.534 loading class org/gradle/api/plugins/BasePluginConventionCustomizer
Event: 15.534 loading class org/gradle/api/plugins/BasePluginConventionCustomizer done
Event: 15.534 loading class org/gradle/api/plugins/internal/DefaultBasePluginConventionCustomizer
Event: 15.534 loading class org/gradle/api/plugins/internal/DefaultBasePluginConventionCustomizer done
Event: 15.535 loading class org/gradle/api/plugins/internal/DefaultBasePluginConventionCustomizer
Event: 15.535 loading class org/gradle/api/plugins/internal/DefaultBasePluginConventionCustomizer done
Event: 15.535 loading class org/gradle/api/plugins/internal/DefaultBasePluginConventionCustomizer
Event: 15.535 loading class org/gradle/api/plugins/internal/DefaultBasePluginConventionCustomizer done
Event: 15.537 loading class com/android/build/gradle/internal/scope/OutputScope$Builder
Event: 15.537 loading class com/android/build/gradle/internal/scope/OutputScope$Builder done
Event: 15.538 loading class com/android/build/gradle/internal/scope/OutputScope
Event: 15.538 loading class com/android/build/gradle/internal/scope/OutputScope done
Event: 15.538 loading class com/android/build/gradle/internal/scope/OutputScope
Event: 15.538 loading class com/android/build/gradle/internal/scope/OutputScope done


Dynamic libraries:
0x00007ff646f60000 - 0x00007ff646f6a000 	D:\Androidstudio2021\jre\bin\java.exe
0x00007ff966820000 - 0x00007ff966a10000 	C:\WINDOWS\SYSTEM32\ntdll.dll
0x00007ff9648e0000 - 0x00007ff964992000 	C:\WINDOWS\System32\KERNEL32.DLL
0x00007ff964050000 - 0x00007ff9642f5000 	C:\WINDOWS\System32\KERNELBASE.dll
0x00007ff9645a0000 - 0x00007ff96469a000 	C:\WINDOWS\System32\ucrtbase.dll
0x00007ff960170000 - 0x00007ff960189000 	D:\Androidstudio2021\jre\bin\jli.dll
0x00007ff9662d0000 - 0x00007ff966464000 	C:\WINDOWS\System32\USER32.dll
0x00007ff963fc0000 - 0x00007ff963fe1000 	C:\WINDOWS\System32\win32u.dll
0x00007ff965130000 - 0x00007ff965156000 	C:\WINDOWS\System32\GDI32.dll
0x00007ff964390000 - 0x00007ff964528000 	C:\WINDOWS\System32\gdi32full.dll
0x00007ff964830000 - 0x00007ff9648ce000 	C:\WINDOWS\System32\msvcp_win.dll
0x00007ff950b30000 - 0x00007ff950db4000 	C:\WINDOWS\WinSxS\amd64_microsoft.windows.common-controls_6595b64144ccf1df_6.0.18362.1556_none_9e7e372fe45e41d5\COMCTL32.dll
0x00007ff964ed0000 - 0x00007ff964f6e000 	C:\WINDOWS\System32\msvcrt.dll
0x00007ff965230000 - 0x00007ff965566000 	C:\WINDOWS\System32\combase.dll
0x00007ff966470000 - 0x00007ff96658f000 	C:\WINDOWS\System32\RPCRT4.dll
0x00007ff964300000 - 0x00007ff964381000 	C:\WINDOWS\System32\bcryptPrimitives.dll
0x00007ff95dd20000 - 0x00007ff95dd37000 	D:\Androidstudio2021\jre\bin\VCRUNTIME140.dll
0x00007ff966740000 - 0x00007ff96676e000 	C:\WINDOWS\System32\IMM32.DLL
0x00007ff946770000 - 0x00007ff94680d000 	D:\Androidstudio2021\jre\bin\msvcp140.dll
0x00007ff8f3440000 - 0x00007ff8f3f15000 	D:\Androidstudio2021\jre\bin\server\jvm.dll
0x00007ff966140000 - 0x00007ff9661e3000 	C:\WINDOWS\System32\ADVAPI32.dll
0x00007ff964e30000 - 0x00007ff964ec7000 	C:\WINDOWS\System32\sechost.dll
0x00007ff9648d0000 - 0x00007ff9648d8000 	C:\WINDOWS\System32\PSAPI.DLL
0x00007ff95af30000 - 0x00007ff95af3a000 	C:\WINDOWS\SYSTEM32\VERSION.dll
0x00007ff961650000 - 0x00007ff961674000 	C:\WINDOWS\SYSTEM32\WINMM.dll
0x00007ff951a60000 - 0x00007ff951a69000 	C:\WINDOWS\SYSTEM32\WSOCK32.dll
0x00007ff966770000 - 0x00007ff9667df000 	C:\WINDOWS\System32\WS2_32.dll
0x00007ff961620000 - 0x00007ff96164d000 	C:\WINDOWS\SYSTEM32\winmmbase.dll
0x00007ff964550000 - 0x00007ff96459a000 	C:\WINDOWS\System32\cfgmgr32.dll
0x00007ff9636e0000 - 0x00007ff9636f1000 	C:\WINDOWS\System32\kernel.appcore.dll
0x00007ff952340000 - 0x00007ff952351000 	D:\Androidstudio2021\jre\bin\verify.dll
0x00007ff9541c0000 - 0x00007ff9543b4000 	C:\WINDOWS\SYSTEM32\DBGHELP.DLL
0x00007ff9538d0000 - 0x00007ff9538fa000 	C:\WINDOWS\SYSTEM32\dbgcore.DLL
0x00007ff946990000 - 0x00007ff9469b9000 	D:\Androidstudio2021\jre\bin\java.dll
0x00007ff95fce0000 - 0x00007ff95fceb000 	D:\Androidstudio2021\jre\bin\jimage.dll
0x00007ff9468f0000 - 0x00007ff946908000 	D:\Androidstudio2021\jre\bin\zip.dll
0x00007ff965a50000 - 0x00007ff966137000 	C:\WINDOWS\System32\SHELL32.dll
0x00007ff9659a0000 - 0x00007ff965a48000 	C:\WINDOWS\System32\shcore.dll
0x00007ff963840000 - 0x00007ff963fbb000 	C:\WINDOWS\System32\windows.storage.dll
0x00007ff963770000 - 0x00007ff96378e000 	C:\WINDOWS\System32\profapi.dll
0x00007ff963720000 - 0x00007ff96376a000 	C:\WINDOWS\System32\powrprof.dll
0x00007ff9636d0000 - 0x00007ff9636e0000 	C:\WINDOWS\System32\UMPDC.dll
0x00007ff965760000 - 0x00007ff9657b2000 	C:\WINDOWS\System32\shlwapi.dll
0x00007ff964530000 - 0x00007ff964547000 	C:\WINDOWS\System32\cryptsp.dll
0x00007ff938d80000 - 0x00007ff938d9a000 	D:\Androidstudio2021\jre\bin\net.dll
0x00007ff958db0000 - 0x00007ff958eaa000 	C:\WINDOWS\SYSTEM32\WINHTTP.dll
0x0000000000400000 - 0x000000000184a000 	C:\WINDOWS\system32\networkdlllspx64.dll
0x00007ff965160000 - 0x00007ff965225000 	C:\WINDOWS\System32\oleaut32.dll
0x00007ff962710000 - 0x00007ff962741000 	C:\WINDOWS\SYSTEM32\ntmarta.dll
0x00007ff962eb0000 - 0x00007ff962f17000 	C:\WINDOWS\system32\mswsock.dll
0x00007ff958c80000 - 0x00007ff958c8a000 	C:\WINDOWS\system32\wshqos.dll
0x00007ff958c70000 - 0x00007ff958c78000 	C:\WINDOWS\SYSTEM32\wshtcpip.DLL
0x00007ff958c60000 - 0x00007ff958c68000 	C:\WINDOWS\SYSTEM32\wship6.dll
0x00007ff938d60000 - 0x00007ff938d74000 	D:\Androidstudio2021\jre\bin\nio.dll
0x00007ff95c9a0000 - 0x00007ff95c9c6000 	C:\Users\86133\.gradle\native\31\windows-amd64\native-platform.dll
0x00007ff95dd10000 - 0x00007ff95dd1a000 	D:\Androidstudio2021\jre\bin\management.dll
0x00007ff95c9f0000 - 0x00007ff95c9fd000 	D:\Androidstudio2021\jre\bin\management_ext.dll
0x00007ff962a30000 - 0x00007ff962a63000 	C:\WINDOWS\system32\rsaenh.dll
0x00007ff9646a0000 - 0x00007ff9646c6000 	C:\WINDOWS\System32\bcrypt.dll
0x00007ff9635f0000 - 0x00007ff963615000 	C:\WINDOWS\SYSTEM32\USERENV.dll
0x00007ff963080000 - 0x00007ff96308c000 	C:\WINDOWS\SYSTEM32\CRYPTBASE.dll
0x00007ff962bc0000 - 0x00007ff962bfa000 	C:\WINDOWS\SYSTEM32\IPHLPAPI.DLL
0x00007ff964f70000 - 0x00007ff964f78000 	C:\WINDOWS\System32\NSI.dll
0x00007ff95a500000 - 0x00007ff95a516000 	C:\WINDOWS\SYSTEM32\dhcpcsvc6.DLL
0x00007ff95a610000 - 0x00007ff95a62c000 	C:\WINDOWS\SYSTEM32\dhcpcsvc.DLL
0x00007ff962c00000 - 0x00007ff962ccb000 	C:\WINDOWS\SYSTEM32\DNSAPI.dll

dbghelp: loaded successfully - version: 4.0.5 - missing functions: none
symbol engine: initialized successfully - sym options: 0x614 - pdb path: .;D:\Androidstudio2021\jre\bin;C:\WINDOWS\SYSTEM32;C:\WINDOWS\WinSxS\amd64_microsoft.windows.common-controls_6595b64144ccf1df_6.0.18362.1556_none_9e7e372fe45e41d5;D:\Androidstudio2021\jre\bin\server;C:\Users\86133\.gradle\native\31\windows-amd64

VM Arguments:
jvm_args: --add-opens=java.base/java.util=ALL-UNNAMED --add-opens=java.base/java.lang=ALL-UNNAMED --add-opens=java.base/java.lang.invoke=ALL-UNNAMED --add-opens=java.prefs/java.util.prefs=ALL-UNNAMED -Xmx1536m -Dfile.encoding=UTF-8 -Duser.country=CN -Duser.language=zh -Duser.variant 
java_command: org.gradle.launcher.daemon.bootstrap.GradleDaemon 6.1.1
java_class_path (initial): C:\Users\86133\.gradle\wrapper\dists\gradle-6.1.1-all\cfmwm155h49vnt3hynmlrsdst\gradle-6.1.1\lib\gradle-launcher-6.1.1.jar
Launcher Type: SUN_STANDARD

[Global flags]
     intx CICompilerCount                          = 4                                         {product} {ergonomic}
     uint ConcGCThreads                            = 2                                         {product} {ergonomic}
     uint G1ConcRefinementThreads                  = 8                                         {product} {ergonomic}
   size_t G1HeapRegionSize                         = 1048576                                   {product} {ergonomic}
    uintx GCDrainStackTargetSize                   = 64                                        {product} {ergonomic}
   size_t InitialHeapSize                          = 117440512                                 {product} {ergonomic}
   size_t MarkStackSize                            = 4194304                                   {product} {ergonomic}
   size_t MaxHeapSize                              = 1610612736                                {product} {command line}
   size_t MaxNewSize                               = 965738496                                 {product} {ergonomic}
   size_t MinHeapDeltaBytes                        = 1048576                                   {product} {ergonomic}
    uintx NonNMethodCodeHeapSize                   = 5836300                                {pd product} {ergonomic}
    uintx NonProfiledCodeHeapSize                  = 122910970                              {pd product} {ergonomic}
    uintx ProfiledCodeHeapSize                     = 122910970                              {pd product} {ergonomic}
    uintx ReservedCodeCacheSize                    = 251658240                              {pd product} {ergonomic}
     bool SegmentedCodeCache                       = true                                      {product} {ergonomic}
     bool UseCompressedClassPointers               = true                                 {lp64_product} {ergonomic}
     bool UseCompressedOops                        = true                                 {lp64_product} {ergonomic}
     bool UseG1GC                                  = true                                      {product} {ergonomic}
     bool UseLargePagesIndividualAllocation        = false                                  {pd product} {ergonomic}

Logging:
Log output configuration:
 #0: stdout all=warning uptime,level,tags
 #1: stderr all=off uptime,level,tags

Environment Variables:
JAVA_HOME=D:\2019jdk1.8
CLASSPATH=.;D:\2019jdk1.8\lib;D:\2019jdk1.8\lib\tools.jar
PATH=C:\Program Files\Python38\Scripts\;C:\Program Files\Python38\;D:\VMware\bin\;D:\python\Scripts\;D:\python\;C:\Program Files (x86)\Common Files\Oracle\Java\javapath;D:\»ðºüä¯ÀÀÆ÷;%Sys;emRoot%\system32;C:\WINDOWS;C:\WINDOWS\System32\Wbem;C:\WINDOWS\System32\WindowsPowerShell\v1.0\;C:\WINDOWS\System32\OpenSSH\;C:\Program Files\Intel\WiFi\bin\;C:\Program Files\Common Files\Intel\WirelessCommon\;D:\androidSdk\Sdk\platform-tools;C:\Windows\system32;D:\andoridÄ£ÄâÆ÷\Nox\bin;D:;D:\aapium\Appium\node_modules\.bin;D:\androidSdk\Sdk\tools;C:\Program Files (x86)\NetSarang\Xshell 7\;D:\mysql\mysql-8.0.23-winx64\bin;D:\nodejs;C:\Program Files\Go\bin;D:\allure-2.14.0\bin;D:\git\Git\cmd;D:\redisForWindows\;D:\protobuf\bin;C:\Users\86133\AppData\Local\Microsoft\WindowsApps£»D:\2019jdk1.8\bin;D:\2019jdk1.8\jre\bin;D:\VScode\Microsoft VS Code\bin;C:\Users\86133\AppData\Local\Programs\Microsoft VS Code\bin;D:\jdk1.7\bin;C:\Users\86133\AppData\Local\Microsoft\WindowsApps;C:\Users\86133\AppData\Roaming\npm;C:\Users\86133\go\bin
USERNAME=86133
OS=Windows_NT
PROCESSOR_IDENTIFIER=AMD64 Family 23 Model 17 Stepping 0, AuthenticAMD



---------------  S Y S T E M  ---------------

OS: Windows 10 , 64 bit Build 18362 (10.0.18362.1500)
OS uptime: 6 days 11:49 hours

CPU:total 8 (initial active 8) (8 cores per cpu, 2 threads per core) family 23 model 17 stepping 0 microcode 0x0, cmov, cx8, fxsr, mmx, sse, sse2, sse3, ssse3, sse4.1, sse4.2, popcnt, avx, avx2, aes, clmul, mmxext, 3dnowpref, lzcnt, sse4a, ht, tsc, tscinvbit, tscinv, bmi1, bmi2, adx, s

Memory: 4k page, system-wide physical 7069M (355M free)
TotalPageFile size 17309M (AvailPageFile size 0M)
current process WorkingSet (physical memory assigned to process): 280M, peak: 280M
current process commit charge ("private bytes"): 338M, peak: 338M

vm_info: OpenJDK 64-Bit Server VM (11.0.11+9-b60-7590822) for windows-amd64 JRE (11.0.11+9-b60-7590822), built on Jul 29 2021 21:43:44 by "builder" with MS VC++ 14.0 (VS2015)

END.
