#
# There is insufficient memory for the Java Runtime Environment to continue.
# Native memory allocation (malloc) failed to allocate 230096 bytes for Chunk::new
# Possible reasons:
#   The system is out of physical RAM or swap space
#   The process is running with CompressedOops enabled, and the Java Heap may be blocking the growth of the native heap
# Possible solutions:
#   Reduce memory load on the system
#   Increase physical memory or swap space
#   Check if swap backing store is full
#   Decrease Java heap size (-Xmx/-Xms)
#   Decrease number of Java threads
#   Decrease Java thread stack sizes (-Xss)
#   Set larger code cache with -XX:ReservedCodeCacheSize=
#   JVM is running with Unscaled Compressed Oops mode in which the Java heap is
#     placed in the first 4GB address space. The Java Heap base address is the
#     maximum limit for the native heap growth. Please use -XX:HeapBaseMinAddress
#     to set the Java Heap base and to place the Java Heap above 4GB virtual address.
# This output file may be truncated or incomplete.
#
#  Out of Memory Error (./src/hotspot/share/memory/arena.cpp:197), pid=13144, tid=17272
#
# JRE version: OpenJDK Runtime Environment (11.0.11+9) (build 11.0.11+9-b60-7590822)
# Java VM: OpenJDK 64-Bit Server VM (11.0.11+9-b60-7590822, mixed mode, tiered, compressed oops, g1 gc, windows-amd64)
# No core dump will be written. Minidumps are not enabled by default on client versions of Windows
#

---------------  S U M M A R Y ------------

Command Line: --add-opens=java.base/java.util=ALL-UNNAMED --add-opens=java.base/java.lang=ALL-UNNAMED --add-opens=java.base/java.lang.invoke=ALL-UNNAMED --add-opens=java.prefs/java.util.prefs=ALL-UNNAMED -Xmx1536m -Dfile.encoding=UTF-8 -Duser.country=CN -Duser.language=zh -Duser.variant org.gradle.launcher.daemon.bootstrap.GradleDaemon 6.1.1

Host: AMD Ryzen 5 2500U with Radeon Vega Mobile Gfx  , 8 cores, 6G,  Windows 10 , 64 bit Build 18362 (10.0.18362.1500)
Time: Fri Mar 18 00:06:28 2022 ?D1¨²¡À¨º¡Á?¨º¡À?? elapsed time: 32.997462 seconds (0d 0h 0m 32s)

---------------  T H R E A D  ---------------

Current thread (0x00000287a8d23000):  JavaThread "C2 CompilerThread0" daemon [_thread_in_native, id=17272, stack(0x000000add7500000,0x000000add7600000)]


Current CompileTask:
C2:  32997 12135       4       java.util.concurrent.locks.AbstractQueuedSynchronizer$ConditionObject::awaitNanos (181 bytes)

Stack: [0x000000add7500000,0x000000add7600000]
Native frames: (J=compiled Java code, j=interpreted, Vv=VM code, C=native code)
V  [jvm.dll+0x5f214a]
V  [jvm.dll+0x726fb5]
V  [jvm.dll+0x7285cd]
V  [jvm.dll+0x728c83]
V  [jvm.dll+0x243278]
V  [jvm.dll+0xbc53c]
V  [jvm.dll+0xbca3c]
V  [jvm.dll+0x353e3b]
V  [jvm.dll+0x19895c]
V  [jvm.dll+0x1fc2ee]
V  [jvm.dll+0x1fb3d4]
V  [jvm.dll+0x183d6c]
V  [jvm.dll+0x209a57]
V  [jvm.dll+0x2082a1]
V  [jvm.dll+0x6ef58f]
V  [jvm.dll+0x6e80b5]
V  [jvm.dll+0x5f1036]
C  [ucrtbase.dll+0x210b2]
C  [KERNEL32.DLL+0x17c24]
C  [ntdll.dll+0x6d721]


---------------  P R O C E S S  ---------------

Threads class SMR info:
_java_thread_list=0x00000287af8c5ee0, length=55, elements={
0x000002878f2a5800, 0x00000287a8434000, 0x00000287a8435000, 0x00000287a845e800,
0x00000287a8d15800, 0x00000287a8d17000, 0x00000287a8d23000, 0x00000287a8d25000,
0x00000287a8d3a000, 0x00000287a8e96000, 0x00000287ab494800, 0x00000287aad08000,
0x00000287ab01c000, 0x00000287aaf5e000, 0x00000287ab093800, 0x00000287aa729800,
0x00000287aa867000, 0x00000287aa868000, 0x00000287aa475800, 0x00000287aacdc800,
0x00000287aacd9000, 0x00000287aacda000, 0x00000287aacd8000, 0x00000287aacda800,
0x00000287aacdb800, 0x00000287aacd7800, 0x00000287aacd6800, 0x00000287aacdd000,
0x00000287ab884000, 0x00000287ab883800, 0x00000287ab87f800, 0x00000287ab885000,
0x00000287ab881000, 0x00000287ab887800, 0x00000287ab886800, 0x00000287ab886000,
0x00000287ab882000, 0x00000287ab88b000, 0x00000287ab88a000, 0x00000287ab88d000,
0x00000287ab88c800, 0x00000287ab88e000, 0x00000287ab888800, 0x00000287ab889000,
0x00000287b221f000, 0x00000287b2223000, 0x00000287b221f800, 0x00000287b2221800,
0x00000287b2222000, 0x00000287b2224000, 0x00000287b2225800, 0x00000287b2226000,
0x00000287b2224800, 0x00000287b2220800, 0x00000287b222c000
}

Java Threads: ( => current thread )
  0x000002878f2a5800 JavaThread "main" [_thread_blocked, id=3792, stack(0x000000add6900000,0x000000add6a00000)]
  0x00000287a8434000 JavaThread "Reference Handler" daemon [_thread_blocked, id=17276, stack(0x000000add7000000,0x000000add7100000)]
  0x00000287a8435000 JavaThread "Finalizer" daemon [_thread_blocked, id=17328, stack(0x000000add7100000,0x000000add7200000)]
  0x00000287a845e800 JavaThread "Signal Dispatcher" daemon [_thread_blocked, id=16276, stack(0x000000add7200000,0x000000add7300000)]
  0x00000287a8d15800 JavaThread "Attach Listener" daemon [_thread_blocked, id=17052, stack(0x000000add7300000,0x000000add7400000)]
  0x00000287a8d17000 JavaThread "Service Thread" daemon [_thread_blocked, id=11504, stack(0x000000add7400000,0x000000add7500000)]
=>0x00000287a8d23000 JavaThread "C2 CompilerThread0" daemon [_thread_in_native, id=17272, stack(0x000000add7500000,0x000000add7600000)]
  0x00000287a8d25000 JavaThread "C1 CompilerThread0" daemon [_thread_blocked, id=1584, stack(0x000000add7600000,0x000000add7700000)]
  0x00000287a8d3a000 JavaThread "Sweeper thread" daemon [_thread_blocked, id=16592, stack(0x000000add7700000,0x000000add7800000)]
  0x00000287a8e96000 JavaThread "Common-Cleaner" daemon [_thread_blocked, id=8360, stack(0x000000add7800000,0x000000add7900000)]
  0x00000287ab494800 JavaThread "Daemon health stats" [_thread_in_vm, id=8552, stack(0x000000add7c00000,0x000000add7d00000)]
  0x00000287aad08000 JavaThread "Incoming local TCP Connector on port 56078" [_thread_in_native, id=8912, stack(0x000000add7a00000,0x000000add7b00000)]
  0x00000287ab01c000 JavaThread "Daemon periodic checks" [_thread_blocked, id=6848, stack(0x000000add7d00000,0x000000add7e00000)]
  0x00000287aaf5e000 JavaThread "Daemon" [_thread_blocked, id=13200, stack(0x000000add7e00000,0x000000add7f00000)]
  0x00000287ab093800 JavaThread "Handler for socket connection from /127.0.0.1:56078 to /127.0.0.1:56079" [_thread_in_native, id=8620, stack(0x000000add7f00000,0x000000add8000000)]
  0x00000287aa729800 JavaThread "Cancel handler" [_thread_blocked, id=14800, stack(0x000000add8000000,0x000000add8100000)]
  0x00000287aa867000 JavaThread "Daemon worker" [_thread_in_native, id=12224, stack(0x000000add8100000,0x000000add8200000)]
  0x00000287aa868000 JavaThread "Asynchronous log dispatcher for DefaultDaemonConnection: socket connection from /127.0.0.1:56078 to /127.0.0.1:56079" [_thread_in_native, id=7036, stack(0x000000add8200000,0x000000add8300000)]
  0x00000287aa475800 JavaThread "Stdin handler" [_thread_blocked, id=6656, stack(0x000000add8300000,0x000000add8400000)]
  0x00000287aacdc800 JavaThread "Thread-8" [_thread_blocked, id=17028, stack(0x000000add8400000,0x000000add8500000)]
  0x00000287aacd9000 JavaThread "Cache worker for journal cache (C:\Users\86133\.gradle\caches\journal-1)" [_thread_blocked, id=6208, stack(0x000000add8c00000,0x000000add8d00000)]
  0x00000287aacda000 JavaThread "File lock request listener" [_thread_in_native, id=17072, stack(0x000000add8d00000,0x000000add8e00000)]
  0x00000287aacd8000 JavaThread "Cache worker for file hash cache (C:\Users\86133\.gradle\caches\6.1.1\fileHashes)" [_thread_blocked, id=2268, stack(0x000000add8e00000,0x000000add8f00000)]
  0x00000287aacda800 JavaThread "Cache worker for checksums cache (D:\mvpChatRoom\.gradle\checksums)" [_thread_blocked, id=2568, stack(0x000000add9000000,0x000000add9100000)]
  0x00000287aacdb800 JavaThread "Cache worker for file hash cache (D:\mvpChatRoom\.gradle\6.1.1\fileHashes)" [_thread_blocked, id=16308, stack(0x000000add9100000,0x000000add9200000)]
  0x00000287aacd7800 JavaThread "Cache worker for cache directory md-supplier (C:\Users\86133\.gradle\caches\6.1.1\md-supplier)" [_thread_blocked, id=13112, stack(0x000000add9200000,0x000000add9300000)]
  0x00000287aacd6800 JavaThread "Cache worker for cache directory md-rule (C:\Users\86133\.gradle\caches\6.1.1\md-rule)" [_thread_blocked, id=256, stack(0x000000add9300000,0x000000add9400000)]
  0x00000287aacdd000 JavaThread "Cache worker for execution history cache (C:\Users\86133\.gradle\caches\6.1.1\executionHistory)" [_thread_blocked, id=7776, stack(0x000000add9400000,0x000000add9500000)]
  0x00000287ab884000 JavaThread "Build operations" [_thread_blocked, id=12452, stack(0x000000add9500000,0x000000add9600000)]
  0x00000287ab883800 JavaThread "Build operations Thread 2" [_thread_blocked, id=5740, stack(0x000000add9600000,0x000000add9700000)]
  0x00000287ab87f800 JavaThread "Build operations Thread 3" [_thread_blocked, id=3260, stack(0x000000add9700000,0x000000add9800000)]
  0x00000287ab885000 JavaThread "Build operations Thread 4" [_thread_blocked, id=4936, stack(0x000000add9800000,0x000000add9900000)]
  0x00000287ab881000 JavaThread "Build operations Thread 5" [_thread_blocked, id=4608, stack(0x000000add9900000,0x000000add9a00000)]
  0x00000287ab887800 JavaThread "Build operations Thread 6" [_thread_blocked, id=11256, stack(0x000000add9a00000,0x000000add9b00000)]
  0x00000287ab886800 JavaThread "Build operations Thread 7" [_thread_blocked, id=13104, stack(0x000000add9b00000,0x000000add9c00000)]
  0x00000287ab886000 JavaThread "Build operations Thread 8" [_thread_blocked, id=6140, stack(0x000000add9c00000,0x000000add9d00000)]
  0x00000287ab882000 JavaThread "Cache worker for Build Output Cleanup Cache (D:\mvpChatRoom\.gradle\buildOutputCleanup)" [_thread_blocked, id=6104, stack(0x000000add9d00000,0x000000add9e00000)]
  0x00000287ab88b000 JavaThread "Memory manager" [_thread_blocked, id=17268, stack(0x000000add9f00000,0x000000adda000000)]
  0x00000287ab88a000 JavaThread "Cache worker for file content cache (C:\Users\86133\.gradle\caches\6.1.1\fileContent)" [_thread_blocked, id=15936, stack(0x000000adda000000,0x000000adda100000)]
  0x00000287ab88d000 JavaThread "Cache worker for file content cache (D:\mvpChatRoom\.gradle\6.1.1\fileContent)" [_thread_blocked, id=1292, stack(0x000000adda100000,0x000000adda200000)]
  0x00000287ab88c800 JavaThread "Execution worker for ':'" [_thread_blocked, id=12260, stack(0x000000adda200000,0x000000adda300000)]
  0x00000287ab88e000 JavaThread "Execution worker for ':' Thread 2" [_thread_in_native, id=16040, stack(0x000000adda300000,0x000000adda400000)]
  0x00000287ab888800 JavaThread "Execution worker for ':' Thread 3" [_thread_in_Java, id=1272, stack(0x000000adda400000,0x000000adda500000)]
  0x00000287ab889000 JavaThread "Execution worker for ':' Thread 4" [_thread_blocked, id=9156, stack(0x000000adda500000,0x000000adda600000)]
  0x00000287b221f000 JavaThread "Execution worker for ':' Thread 5" [_thread_in_vm, id=13724, stack(0x000000adda600000,0x000000adda700000)]
  0x00000287b2223000 JavaThread "Execution worker for ':' Thread 6" [_thread_in_vm, id=12692, stack(0x000000adda700000,0x000000adda800000)]
  0x00000287b221f800 JavaThread "Execution worker for ':' Thread 7" [_thread_in_native, id=12384, stack(0x000000adda800000,0x000000adda900000)]
  0x00000287b2221800 JavaThread "Cache worker for execution history cache (D:\mvpChatRoom\.gradle\6.1.1\executionHistory)" [_thread_blocked, id=17352, stack(0x000000adda900000,0x000000addaa00000)]
  0x00000287b2222000 JavaThread "WorkerExecutor Queue" [_thread_blocked, id=7712, stack(0x000000addaa00000,0x000000addab00000)]
  0x00000287b2224000 JavaThread "pool-2-thread-1" [_thread_blocked, id=13084, stack(0x000000addab00000,0x000000addac00000)]
  0x00000287b2225800 JavaThread "stderr" [_thread_in_native, id=16728, stack(0x000000addac00000,0x000000addad00000)]
  0x00000287b2226000 JavaThread "stdout" [_thread_in_native, id=15564, stack(0x000000addad00000,0x000000addae00000)]
  0x00000287b2224800 JavaThread "WorkerExecutor Queue Thread 2" [_thread_blocked, id=11208, stack(0x000000addae00000,0x000000addaf00000)]
  0x00000287b2220800 JavaThread "Cache worker for Java compile cache (C:\Users\86133\.gradle\caches\6.1.1\javaCompile)" [_thread_blocked, id=17320, stack(0x000000addaf00000,0x000000addb000000)]
  0x00000287b222c000 JavaThread "Cache worker for Java compile cache (D:\mvpChatRoom\.gradle\6.1.1\javaCompile)" [_thread_blocked, id=11556, stack(0x000000addb000000,0x000000addb100000)]

Other Threads:
  0x00000287a842f800 VMThread "VM Thread" [stack: 0x000000add6f00000,0x000000add7000000] [id=10816]
  0x00000287a8ea4800 WatcherThread [stack: 0x000000add7900000,0x000000add7a00000] [id=11540]
  0x000002878f2bf000 GCTaskThread "GC Thread#0" [stack: 0x000000add6a00000,0x000000add6b00000] [id=8668]
  0x00000287a9e0b000 GCTaskThread "GC Thread#1" [stack: 0x000000add7b00000,0x000000add7c00000] [id=16596]
  0x00000287ab07b800 GCTaskThread "GC Thread#2" [stack: 0x000000add8500000,0x000000add8600000] [id=17280]
  0x00000287aa826800 GCTaskThread "GC Thread#3" [stack: 0x000000add8600000,0x000000add8700000] [id=16228]
  0x00000287aa8ea800 GCTaskThread "GC Thread#4" [stack: 0x000000add8700000,0x000000add8800000] [id=15752]
  0x00000287a9f2d000 GCTaskThread "GC Thread#5" [stack: 0x000000add8800000,0x000000add8900000] [id=9960]
  0x00000287aaf50000 GCTaskThread "GC Thread#6" [stack: 0x000000add8900000,0x000000add8a00000] [id=11544]
  0x00000287aacf4800 GCTaskThread "GC Thread#7" [stack: 0x000000add8a00000,0x000000add8b00000] [id=13964]
  0x000002878f2e5800 ConcurrentGCThread "G1 Main Marker" [stack: 0x000000add6b00000,0x000000add6c00000] [id=1316]
  0x000002878f2e8000 ConcurrentGCThread "G1 Conc#0" [stack: 0x000000add6c00000,0x000000add6d00000] [id=14768]
  0x00000287aafe3000 ConcurrentGCThread "G1 Conc#1" [stack: 0x000000add8f00000,0x000000add9000000] [id=7172]
  0x000002878f367000 ConcurrentGCThread "G1 Refine#0" [stack: 0x000000add6d00000,0x000000add6e00000] [id=16564]
  0x00000287aaae0000 ConcurrentGCThread "G1 Refine#1" [stack: 0x000000add8b00000,0x000000add8c00000] [id=4488]
  0x00000287a8280800 ConcurrentGCThread "G1 Young RemSet Sampling" [stack: 0x000000add6e00000,0x000000add6f00000] [id=9448]

Threads with active compile tasks:
C2 CompilerThread0  33051 12135       4       java.util.concurrent.locks.AbstractQueuedSynchronizer$ConditionObject::awaitNanos (181 bytes)
C1 CompilerThread0  33051 12186       3       com.google.common.collect.Maps$TransformedEntriesMap::entryIterator (25 bytes)

VM state:not at safepoint (normal execution)

VM Mutex/Monitor currently owned by a thread:  ([mutex/lock_event])
[0x000002878f2a10b0] CodeCache_lock - owner thread: 0x00000287a8d25000
[0x000002878f2a1460] Compile_lock - owner thread: 0x0000000000000000
[0x000002878f2a14f0] MethodData_lock - owner thread: 0x00000287b221f800

Heap address: 0x00000000a0000000, size: 1536 MB, Compressed Oops mode: 32-bit
Narrow klass base: 0x0000000000000000, Narrow klass shift: 3
Compressed class space size: 1073741824 Address: 0x0000000100000000

Heap:
 garbage-first heap   total 165888K, used 123956K [0x00000000a0000000, 0x0000000100000000)
  region size 1024K, 19 young (19456K), 2 survivors (2048K)
 Metaspace       used 85693K, capacity 87771K, committed 87984K, reserved 1130496K
  class space    used 10767K, capacity 11493K, committed 11520K, reserved 1048576K
Heap Regions: E=young(eden), S=young(survivor), O=old, HS=humongous(starts), HC=humongous(continues), CS=collection set, F=free, A=archive, TAMS=top-at-mark-start (previous, next)
|   0|0x00000000a0000000, 0x00000000a0100000, 0x00000000a0100000|100%| O|  |TAMS 0x00000000a0100000, 0x00000000a0000000| Complete 
|   1|0x00000000a0100000, 0x00000000a0200000, 0x00000000a0200000|100%| O|  |TAMS 0x00000000a0200000, 0x00000000a0100000| Untracked 
|   2|0x00000000a0200000, 0x00000000a0300000, 0x00000000a0300000|100%| O|  |TAMS 0x00000000a0300000, 0x00000000a0200000| Untracked 
|   3|0x00000000a0300000, 0x00000000a0400000, 0x00000000a0400000|100%|HS|  |TAMS 0x00000000a0400000, 0x00000000a0300000| Complete 
|   4|0x00000000a0400000, 0x00000000a0500000, 0x00000000a0500000|100%|HC|  |TAMS 0x00000000a0500000, 0x00000000a0400000| Complete 
|   5|0x00000000a0500000, 0x00000000a0600000, 0x00000000a0600000|100%|HC|  |TAMS 0x00000000a0600000, 0x00000000a0500000| Complete 
|   6|0x00000000a0600000, 0x00000000a0700000, 0x00000000a0700000|100%| O|  |TAMS 0x00000000a0700000, 0x00000000a0600000| Untracked 
|   7|0x00000000a0700000, 0x00000000a0800000, 0x00000000a0800000|100%| O|  |TAMS 0x00000000a0800000, 0x00000000a0700000| Untracked 
|   8|0x00000000a0800000, 0x00000000a0900000, 0x00000000a0900000|100%| O|  |TAMS 0x00000000a0900000, 0x00000000a0800000| Untracked 
|   9|0x00000000a0900000, 0x00000000a0a00000, 0x00000000a0a00000|100%| O|  |TAMS 0x00000000a0a00000, 0x00000000a0900000| Untracked 
|  10|0x00000000a0a00000, 0x00000000a0b00000, 0x00000000a0b00000|100%| O|  |TAMS 0x00000000a0b00000, 0x00000000a0a00000| Complete 
|  11|0x00000000a0b00000, 0x00000000a0c00000, 0x00000000a0c00000|100%| O|  |TAMS 0x00000000a0c00000, 0x00000000a0b00000| Complete 
|  12|0x00000000a0c00000, 0x00000000a0d00000, 0x00000000a0d00000|100%| O|  |TAMS 0x00000000a0d00000, 0x00000000a0c00000| Untracked 
|  13|0x00000000a0d00000, 0x00000000a0e00000, 0x00000000a0e00000|100%| O|  |TAMS 0x00000000a0e00000, 0x00000000a0d00000| Untracked 
|  14|0x00000000a0e00000, 0x00000000a0f00000, 0x00000000a0f00000|100%| O|  |TAMS 0x00000000a0f00000, 0x00000000a0e00000| Untracked 
|  15|0x00000000a0f00000, 0x00000000a1000000, 0x00000000a1000000|100%| O|  |TAMS 0x00000000a1000000, 0x00000000a0f00000| Untracked 
|  16|0x00000000a1000000, 0x00000000a1100000, 0x00000000a1100000|100%|HS|  |TAMS 0x00000000a1100000, 0x00000000a1000000| Complete 
|  17|0x00000000a1100000, 0x00000000a1200000, 0x00000000a1200000|100%|HC|  |TAMS 0x00000000a1200000, 0x00000000a1100000| Complete 
|  18|0x00000000a1200000, 0x00000000a1300000, 0x00000000a1300000|100%|HS|  |TAMS 0x00000000a1300000, 0x00000000a1200000| Complete 
|  19|0x00000000a1300000, 0x00000000a1400000, 0x00000000a1400000|100%|HC|  |TAMS 0x00000000a1400000, 0x00000000a1300000| Complete 
|  20|0x00000000a1400000, 0x00000000a1500000, 0x00000000a1500000|100%|HC|  |TAMS 0x00000000a1500000, 0x00000000a1400000| Complete 
|  21|0x00000000a1500000, 0x00000000a1600000, 0x00000000a1600000|100%|HS|  |TAMS 0x00000000a1600000, 0x00000000a1500000| Complete 
|  22|0x00000000a1600000, 0x00000000a1700000, 0x00000000a1700000|100%|HC|  |TAMS 0x00000000a1700000, 0x00000000a1600000| Complete 
|  23|0x00000000a1700000, 0x00000000a1800000, 0x00000000a1800000|100%|HC|  |TAMS 0x00000000a1800000, 0x00000000a1700000| Complete 
|  24|0x00000000a1800000, 0x00000000a1900000, 0x00000000a1900000|100%|HC|  |TAMS 0x00000000a1900000, 0x00000000a1800000| Complete 
|  25|0x00000000a1900000, 0x00000000a1a00000, 0x00000000a1a00000|100%| O|  |TAMS 0x00000000a1a00000, 0x00000000a1900000| Untracked 
|  26|0x00000000a1a00000, 0x00000000a1b00000, 0x00000000a1b00000|100%| O|  |TAMS 0x00000000a1b00000, 0x00000000a1a00000| Untracked 
|  27|0x00000000a1b00000, 0x00000000a1c00000, 0x00000000a1c00000|100%| O|  |TAMS 0x00000000a1c00000, 0x00000000a1b00000| Untracked 
|  28|0x00000000a1c00000, 0x00000000a1d00000, 0x00000000a1d00000|100%| O|  |TAMS 0x00000000a1d00000, 0x00000000a1c00000| Untracked 
|  29|0x00000000a1d00000, 0x00000000a1e00000, 0x00000000a1e00000|100%| O|  |TAMS 0x00000000a1e00000, 0x00000000a1d00000| Untracked 
|  30|0x00000000a1e00000, 0x00000000a1f00000, 0x00000000a1f00000|100%| O|  |TAMS 0x00000000a1f00000, 0x00000000a1e00000| Complete 
|  31|0x00000000a1f00000, 0x00000000a2000000, 0x00000000a2000000|100%| O|  |TAMS 0x00000000a2000000, 0x00000000a1f00000| Untracked 
|  32|0x00000000a2000000, 0x00000000a2100000, 0x00000000a2100000|100%| O|  |TAMS 0x00000000a2100000, 0x00000000a2000000| Untracked 
|  33|0x00000000a2100000, 0x00000000a2200000, 0x00000000a2200000|100%|HS|  |TAMS 0x00000000a2200000, 0x00000000a2100000| Complete 
|  34|0x00000000a2200000, 0x00000000a2300000, 0x00000000a2300000|100%|HC|  |TAMS 0x00000000a2300000, 0x00000000a2200000| Complete 
|  35|0x00000000a2300000, 0x00000000a2400000, 0x00000000a2400000|100%| O|  |TAMS 0x00000000a2400000, 0x00000000a2300000| Untracked 
|  36|0x00000000a2400000, 0x00000000a2500000, 0x00000000a2500000|100%| O|  |TAMS 0x00000000a2500000, 0x00000000a2400000| Untracked 
|  37|0x00000000a2500000, 0x00000000a2600000, 0x00000000a2600000|100%| O|  |TAMS 0x00000000a2600000, 0x00000000a2500000| Untracked 
|  38|0x00000000a2600000, 0x00000000a2700000, 0x00000000a2700000|100%| O|  |TAMS 0x00000000a2700000, 0x00000000a2600000| Untracked 
|  39|0x00000000a2700000, 0x00000000a2800000, 0x00000000a2800000|100%| O|  |TAMS 0x00000000a2800000, 0x00000000a2700000| Untracked 
|  40|0x00000000a2800000, 0x00000000a2900000, 0x00000000a2900000|100%| O|  |TAMS 0x00000000a2900000, 0x00000000a2800000| Untracked 
|  41|0x00000000a2900000, 0x00000000a2a00000, 0x00000000a2a00000|100%| O|  |TAMS 0x00000000a2a00000, 0x00000000a2900000| Untracked 
|  42|0x00000000a2a00000, 0x00000000a2b00000, 0x00000000a2b00000|100%| O|  |TAMS 0x00000000a2b00000, 0x00000000a2a00000| Untracked 
|  43|0x00000000a2b00000, 0x00000000a2c00000, 0x00000000a2c00000|100%| O|  |TAMS 0x00000000a2c00000, 0x00000000a2b00000| Complete 
|  44|0x00000000a2c00000, 0x00000000a2d00000, 0x00000000a2d00000|100%| O|  |TAMS 0x00000000a2d00000, 0x00000000a2c00000| Untracked 
|  45|0x00000000a2d00000, 0x00000000a2e00000, 0x00000000a2e00000|100%| O|  |TAMS 0x00000000a2e00000, 0x00000000a2d00000| Complete 
|  46|0x00000000a2e00000, 0x00000000a2f00000, 0x00000000a2f00000|100%| O|  |TAMS 0x00000000a2f00000, 0x00000000a2e00000| Untracked 
|  47|0x00000000a2f00000, 0x00000000a3000000, 0x00000000a3000000|100%| O|  |TAMS 0x00000000a3000000, 0x00000000a2f00000| Untracked 
|  48|0x00000000a3000000, 0x00000000a3100000, 0x00000000a3100000|100%| O|  |TAMS 0x00000000a3100000, 0x00000000a3000000| Untracked 
|  49|0x00000000a3100000, 0x00000000a3200000, 0x00000000a3200000|100%| O|  |TAMS 0x00000000a3200000, 0x00000000a3100000| Untracked 
|  50|0x00000000a3200000, 0x00000000a3300000, 0x00000000a3300000|100%| O|  |TAMS 0x00000000a3300000, 0x00000000a3200000| Untracked 
|  51|0x00000000a3300000, 0x00000000a3400000, 0x00000000a3400000|100%| O|  |TAMS 0x00000000a3400000, 0x00000000a3300000| Untracked 
|  52|0x00000000a3400000, 0x00000000a3500000, 0x00000000a3500000|100%| O|  |TAMS 0x00000000a3500000, 0x00000000a3400000| Untracked 
|  53|0x00000000a3500000, 0x00000000a3600000, 0x00000000a3600000|100%| O|  |TAMS 0x00000000a3600000, 0x00000000a3500000| Untracked 
|  54|0x00000000a3600000, 0x00000000a3700000, 0x00000000a3700000|100%| O|  |TAMS 0x00000000a3700000, 0x00000000a3600000| Complete 
|  55|0x00000000a3700000, 0x00000000a3800000, 0x00000000a3800000|100%| O|  |TAMS 0x00000000a3800000, 0x00000000a3700000| Untracked 
|  56|0x00000000a3800000, 0x00000000a3900000, 0x00000000a3900000|100%| O|  |TAMS 0x00000000a3900000, 0x00000000a3800000| Untracked 
|  57|0x00000000a3900000, 0x00000000a3a00000, 0x00000000a3a00000|100%| O|  |TAMS 0x00000000a3a00000, 0x00000000a3900000| Untracked 
|  58|0x00000000a3a00000, 0x00000000a3b00000, 0x00000000a3b00000|100%| O|  |TAMS 0x00000000a3b00000, 0x00000000a3a00000| Untracked 
|  59|0x00000000a3b00000, 0x00000000a3c00000, 0x00000000a3c00000|100%| O|  |TAMS 0x00000000a3c00000, 0x00000000a3b00000| Untracked 
|  60|0x00000000a3c00000, 0x00000000a3d00000, 0x00000000a3d00000|100%| O|  |TAMS 0x00000000a3d00000, 0x00000000a3c00000| Untracked 
|  61|0x00000000a3d00000, 0x00000000a3e00000, 0x00000000a3e00000|100%| O|  |TAMS 0x00000000a3e00000, 0x00000000a3d00000| Untracked 
|  62|0x00000000a3e00000, 0x00000000a3f00000, 0x00000000a3f00000|100%| O|  |TAMS 0x00000000a3f00000, 0x00000000a3e00000| Untracked 
|  63|0x00000000a3f00000, 0x00000000a4000000, 0x00000000a4000000|100%| O|  |TAMS 0x00000000a4000000, 0x00000000a3f00000| Complete 
|  64|0x00000000a4000000, 0x00000000a4100000, 0x00000000a4100000|100%| O|  |TAMS 0x00000000a4100000, 0x00000000a4000000| Complete 
|  65|0x00000000a4100000, 0x00000000a4200000, 0x00000000a4200000|100%| O|  |TAMS 0x00000000a4200000, 0x00000000a4100000| Untracked 
|  66|0x00000000a4200000, 0x00000000a4300000, 0x00000000a4300000|100%| O|  |TAMS 0x00000000a4300000, 0x00000000a4200000| Untracked 
|  67|0x00000000a4300000, 0x00000000a4400000, 0x00000000a4400000|100%| O|  |TAMS 0x00000000a4400000, 0x00000000a4300000| Complete 
|  68|0x00000000a4400000, 0x00000000a4500000, 0x00000000a4500000|100%| O|  |TAMS 0x00000000a4500000, 0x00000000a4400000| Complete 
|  69|0x00000000a4500000, 0x00000000a4575a00, 0x00000000a4600000| 45%| O|  |TAMS 0x00000000a4575a00, 0x00000000a4500000| Untracked 
|  70|0x00000000a4600000, 0x00000000a4700000, 0x00000000a4700000|100%| O|  |TAMS 0x00000000a4700000, 0x00000000a4600000| Complete 
|  71|0x00000000a4700000, 0x00000000a4800000, 0x00000000a4800000|100%| O|  |TAMS 0x00000000a4800000, 0x00000000a4700000| Complete 
|  72|0x00000000a4800000, 0x00000000a4900000, 0x00000000a4900000|100%| O|  |TAMS 0x00000000a4900000, 0x00000000a4800000| Complete 
|  73|0x00000000a4900000, 0x00000000a4a00000, 0x00000000a4a00000|100%| O|  |TAMS 0x00000000a4a00000, 0x00000000a4900000| Untracked 
|  74|0x00000000a4a00000, 0x00000000a4b00000, 0x00000000a4b00000|100%| O|  |TAMS 0x00000000a4b00000, 0x00000000a4a00000| Complete 
|  75|0x00000000a4b00000, 0x00000000a4c00000, 0x00000000a4c00000|100%| O|  |TAMS 0x00000000a4c00000, 0x00000000a4b00000| Complete 
|  76|0x00000000a4c00000, 0x00000000a4d00000, 0x00000000a4d00000|100%| O|  |TAMS 0x00000000a4d00000, 0x00000000a4c00000| Complete 
|  77|0x00000000a4d00000, 0x00000000a4e00000, 0x00000000a4e00000|100%|HS|  |TAMS 0x00000000a4e00000, 0x00000000a4d00000| Complete 
|  78|0x00000000a4e00000, 0x00000000a4e00000, 0x00000000a4f00000|  0%| F|  |TAMS 0x00000000a4e00000, 0x00000000a4e00000| Untracked 
|  79|0x00000000a4f00000, 0x00000000a4f00000, 0x00000000a5000000|  0%| F|  |TAMS 0x00000000a4f00000, 0x00000000a4f00000| Untracked 
|  80|0x00000000a5000000, 0x00000000a5100000, 0x00000000a5100000|100%| O|  |TAMS 0x00000000a5100000, 0x00000000a5000000| Complete 
|  81|0x00000000a5100000, 0x00000000a5100000, 0x00000000a5200000|  0%| F|  |TAMS 0x00000000a5100000, 0x00000000a5100000| Untracked 
|  82|0x00000000a5200000, 0x00000000a5300000, 0x00000000a5300000|100%| O|  |TAMS 0x00000000a5300000, 0x00000000a5200000| Complete 
|  83|0x00000000a5300000, 0x00000000a5400000, 0x00000000a5400000|100%| O|  |TAMS 0x00000000a5400000, 0x00000000a5300000| Complete 
|  84|0x00000000a5400000, 0x00000000a5500000, 0x00000000a5500000|100%| O|  |TAMS 0x00000000a5500000, 0x00000000a5400000| Complete 
|  85|0x00000000a5500000, 0x00000000a5600000, 0x00000000a5600000|100%| O|  |TAMS 0x00000000a5600000, 0x00000000a5500000| Complete 
|  86|0x00000000a5600000, 0x00000000a5700000, 0x00000000a5700000|100%| O|  |TAMS 0x00000000a5700000, 0x00000000a5600000| Complete 
|  87|0x00000000a5700000, 0x00000000a5800000, 0x00000000a5800000|100%| O|  |TAMS 0x00000000a5800000, 0x00000000a5700000| Complete 
|  88|0x00000000a5800000, 0x00000000a5900000, 0x00000000a5900000|100%| O|  |TAMS 0x00000000a5900000, 0x00000000a5800000| Complete 
|  89|0x00000000a5900000, 0x00000000a5a00000, 0x00000000a5a00000|100%|HS|  |TAMS 0x00000000a5a00000, 0x00000000a5900000| Complete 
|  90|0x00000000a5a00000, 0x00000000a5b00000, 0x00000000a5b00000|100%|HC|  |TAMS 0x00000000a5b00000, 0x00000000a5a00000| Complete 
|  91|0x00000000a5b00000, 0x00000000a5c00000, 0x00000000a5c00000|100%| O|  |TAMS 0x00000000a5c00000, 0x00000000a5b00000| Complete 
|  92|0x00000000a5c00000, 0x00000000a5d00000, 0x00000000a5d00000|100%| O|  |TAMS 0x00000000a5d00000, 0x00000000a5c00000| Complete 
|  93|0x00000000a5d00000, 0x00000000a5e00000, 0x00000000a5e00000|100%| O|  |TAMS 0x00000000a5e00000, 0x00000000a5d00000| Untracked 
|  94|0x00000000a5e00000, 0x00000000a5f00000, 0x00000000a5f00000|100%| O|  |TAMS 0x00000000a5f00000, 0x00000000a5e00000| Untracked 
|  95|0x00000000a5f00000, 0x00000000a6000000, 0x00000000a6000000|100%| O|  |TAMS 0x00000000a6000000, 0x00000000a5f00000| Complete 
|  96|0x00000000a6000000, 0x00000000a6100000, 0x00000000a6100000|100%| O|  |TAMS 0x00000000a6100000, 0x00000000a6000000| Complete 
|  97|0x00000000a6100000, 0x00000000a6200000, 0x00000000a6200000|100%| O|  |TAMS 0x00000000a6200000, 0x00000000a6100000| Complete 
|  98|0x00000000a6200000, 0x00000000a6300000, 0x00000000a6300000|100%| O|  |TAMS 0x00000000a6300000, 0x00000000a6200000| Complete 
|  99|0x00000000a6300000, 0x00000000a6400000, 0x00000000a6400000|100%| O|  |TAMS 0x00000000a6400000, 0x00000000a6300000| Complete 
| 100|0x00000000a6400000, 0x00000000a6400000, 0x00000000a6500000|  0%| F|  |TAMS 0x00000000a6400000, 0x00000000a6400000| Untracked 
| 101|0x00000000a6500000, 0x00000000a6600000, 0x00000000a6600000|100%| O|  |TAMS 0x00000000a6600000, 0x00000000a6500000| Complete 
| 102|0x00000000a6600000, 0x00000000a6700000, 0x00000000a6700000|100%| O|  |TAMS 0x00000000a6700000, 0x00000000a6600000| Complete 
| 103|0x00000000a6700000, 0x00000000a6800000, 0x00000000a6800000|100%| O|  |TAMS 0x00000000a6800000, 0x00000000a6700000| Complete 
| 104|0x00000000a6800000, 0x00000000a6900000, 0x00000000a6900000|100%| O|  |TAMS 0x00000000a6900000, 0x00000000a6800000| Complete 
| 105|0x00000000a6900000, 0x00000000a6a00000, 0x00000000a6a00000|100%| O|  |TAMS 0x00000000a6a00000, 0x00000000a6900000| Complete 
| 106|0x00000000a6a00000, 0x00000000a6b00000, 0x00000000a6b00000|100%| O|  |TAMS 0x00000000a6b00000, 0x00000000a6a00000| Complete 
| 107|0x00000000a6b00000, 0x00000000a6c00000, 0x00000000a6c00000|100%| O|  |TAMS 0x00000000a6c00000, 0x00000000a6b00000| Complete 
| 108|0x00000000a6c00000, 0x00000000a6d00000, 0x00000000a6d00000|100%| O|  |TAMS 0x00000000a6d00000, 0x00000000a6c00000| Complete 
| 109|0x00000000a6d00000, 0x00000000a6d00000, 0x00000000a6e00000|  0%| F|  |TAMS 0x00000000a6d00000, 0x00000000a6d00000| Untracked 
| 110|0x00000000a6e00000, 0x00000000a6e00000, 0x00000000a6f00000|  0%| F|  |TAMS 0x00000000a6e00000, 0x00000000a6e00000| Untracked 
| 111|0x00000000a6f00000, 0x00000000a6f00000, 0x00000000a7000000|  0%| F|  |TAMS 0x00000000a6f00000, 0x00000000a6f00000| Untracked 
| 112|0x00000000a7000000, 0x00000000a7000000, 0x00000000a7100000|  0%| F|  |TAMS 0x00000000a7000000, 0x00000000a7000000| Untracked 
| 113|0x00000000a7100000, 0x00000000a7100000, 0x00000000a7200000|  0%| F|  |TAMS 0x00000000a7100000, 0x00000000a7100000| Untracked 
| 114|0x00000000a7200000, 0x00000000a7200000, 0x00000000a7300000|  0%| F|  |TAMS 0x00000000a7200000, 0x00000000a7200000| Untracked 
| 115|0x00000000a7300000, 0x00000000a7300000, 0x00000000a7400000|  0%| F|  |TAMS 0x00000000a7300000, 0x00000000a7300000| Untracked 
| 116|0x00000000a7400000, 0x00000000a7400000, 0x00000000a7500000|  0%| F|  |TAMS 0x00000000a7400000, 0x00000000a7400000| Untracked 
| 117|0x00000000a7500000, 0x00000000a7500000, 0x00000000a7600000|  0%| F|  |TAMS 0x00000000a7500000, 0x00000000a7500000| Untracked 
| 118|0x00000000a7600000, 0x00000000a7600000, 0x00000000a7700000|  0%| F|  |TAMS 0x00000000a7600000, 0x00000000a7600000| Untracked 
| 119|0x00000000a7700000, 0x00000000a7700000, 0x00000000a7800000|  0%| F|  |TAMS 0x00000000a7700000, 0x00000000a7700000| Untracked 
| 120|0x00000000a7800000, 0x00000000a7800000, 0x00000000a7900000|  0%| F|  |TAMS 0x00000000a7800000, 0x00000000a7800000| Untracked 
| 121|0x00000000a7900000, 0x00000000a7900000, 0x00000000a7a00000|  0%| F|  |TAMS 0x00000000a7900000, 0x00000000a7900000| Untracked 
| 122|0x00000000a7a00000, 0x00000000a7a00000, 0x00000000a7b00000|  0%| F|  |TAMS 0x00000000a7a00000, 0x00000000a7a00000| Untracked 
| 123|0x00000000a7b00000, 0x00000000a7b00000, 0x00000000a7c00000|  0%| F|  |TAMS 0x00000000a7b00000, 0x00000000a7b00000| Untracked 
| 124|0x00000000a7c00000, 0x00000000a7c00000, 0x00000000a7d00000|  0%| F|  |TAMS 0x00000000a7c00000, 0x00000000a7c00000| Untracked 
| 125|0x00000000a7d00000, 0x00000000a7d00000, 0x00000000a7e00000|  0%| F|  |TAMS 0x00000000a7d00000, 0x00000000a7d00000| Untracked 
| 126|0x00000000a7e00000, 0x00000000a7e00000, 0x00000000a7f00000|  0%| F|  |TAMS 0x00000000a7e00000, 0x00000000a7e00000| Untracked 
| 127|0x00000000a7f00000, 0x00000000a7f00000, 0x00000000a8000000|  0%| F|  |TAMS 0x00000000a7f00000, 0x00000000a7f00000| Untracked 
| 128|0x00000000a8000000, 0x00000000a8000000, 0x00000000a8100000|  0%| F|  |TAMS 0x00000000a8000000, 0x00000000a8000000| Untracked 
| 129|0x00000000a8100000, 0x00000000a8100000, 0x00000000a8200000|  0%| F|  |TAMS 0x00000000a8100000, 0x00000000a8100000| Untracked 
| 130|0x00000000a8200000, 0x00000000a8200000, 0x00000000a8300000|  0%| F|  |TAMS 0x00000000a8200000, 0x00000000a8200000| Untracked 
| 131|0x00000000a8300000, 0x00000000a8300000, 0x00000000a8400000|  0%| F|  |TAMS 0x00000000a8300000, 0x00000000a8300000| Untracked 
| 132|0x00000000a8400000, 0x00000000a8400000, 0x00000000a8500000|  0%| F|  |TAMS 0x00000000a8400000, 0x00000000a8400000| Untracked 
| 133|0x00000000a8500000, 0x00000000a8500000, 0x00000000a8600000|  0%| F|  |TAMS 0x00000000a8500000, 0x00000000a8500000| Untracked 
| 134|0x00000000a8600000, 0x00000000a8600000, 0x00000000a8700000|  0%| F|  |TAMS 0x00000000a8600000, 0x00000000a8600000| Untracked 
| 135|0x00000000a8700000, 0x00000000a8700000, 0x00000000a8800000|  0%| F|  |TAMS 0x00000000a8700000, 0x00000000a8700000| Untracked 
| 136|0x00000000a8800000, 0x00000000a8800000, 0x00000000a8900000|  0%| F|  |TAMS 0x00000000a8800000, 0x00000000a8800000| Untracked 
| 137|0x00000000a8900000, 0x00000000a8900000, 0x00000000a8a00000|  0%| F|  |TAMS 0x00000000a8900000, 0x00000000a8900000| Untracked 
| 138|0x00000000a8a00000, 0x00000000a8a00000, 0x00000000a8b00000|  0%| F|  |TAMS 0x00000000a8a00000, 0x00000000a8a00000| Untracked 
| 139|0x00000000a8b00000, 0x00000000a8b00000, 0x00000000a8c00000|  0%| F|  |TAMS 0x00000000a8b00000, 0x00000000a8b00000| Untracked 
| 140|0x00000000a8c00000, 0x00000000a8c00000, 0x00000000a8d00000|  0%| F|  |TAMS 0x00000000a8c00000, 0x00000000a8c00000| Untracked 
| 141|0x00000000a8d00000, 0x00000000a8d00000, 0x00000000a8e00000|  0%| F|  |TAMS 0x00000000a8d00000, 0x00000000a8d00000| Untracked 
| 142|0x00000000a8e00000, 0x00000000a8e53408, 0x00000000a8f00000| 32%| E|  |TAMS 0x00000000a8e00000, 0x00000000a8e00000| Complete 
| 143|0x00000000a8f00000, 0x00000000a8f976e8, 0x00000000a9000000| 59%| S|CS|TAMS 0x00000000a8f00000, 0x00000000a8f00000| Complete 
| 144|0x00000000a9000000, 0x00000000a9100000, 0x00000000a9100000|100%| S|CS|TAMS 0x00000000a9000000, 0x00000000a9000000| Complete 
| 145|0x00000000a9100000, 0x00000000a9200000, 0x00000000a9200000|100%| E|  |TAMS 0x00000000a9100000, 0x00000000a9100000| Complete 
| 146|0x00000000a9200000, 0x00000000a9300000, 0x00000000a9300000|100%| E|CS|TAMS 0x00000000a9200000, 0x00000000a9200000| Complete 
| 147|0x00000000a9300000, 0x00000000a9400000, 0x00000000a9400000|100%| E|CS|TAMS 0x00000000a9300000, 0x00000000a9300000| Complete 
| 148|0x00000000a9400000, 0x00000000a9500000, 0x00000000a9500000|100%| E|CS|TAMS 0x00000000a9400000, 0x00000000a9400000| Complete 
| 149|0x00000000a9500000, 0x00000000a9600000, 0x00000000a9600000|100%| E|CS|TAMS 0x00000000a9500000, 0x00000000a9500000| Complete 
| 150|0x00000000a9600000, 0x00000000a9700000, 0x00000000a9700000|100%| E|CS|TAMS 0x00000000a9600000, 0x00000000a9600000| Complete 
| 151|0x00000000a9700000, 0x00000000a9800000, 0x00000000a9800000|100%| E|CS|TAMS 0x00000000a9700000, 0x00000000a9700000| Complete 
| 152|0x00000000a9800000, 0x00000000a9900000, 0x00000000a9900000|100%| E|CS|TAMS 0x00000000a9800000, 0x00000000a9800000| Complete 
| 153|0x00000000a9900000, 0x00000000a9a00000, 0x00000000a9a00000|100%| E|CS|TAMS 0x00000000a9900000, 0x00000000a9900000| Complete 
| 154|0x00000000a9a00000, 0x00000000a9b00000, 0x00000000a9b00000|100%| E|CS|TAMS 0x00000000a9a00000, 0x00000000a9a00000| Complete 
| 155|0x00000000a9b00000, 0x00000000a9c00000, 0x00000000a9c00000|100%| E|CS|TAMS 0x00000000a9b00000, 0x00000000a9b00000| Complete 
| 156|0x00000000a9c00000, 0x00000000a9d00000, 0x00000000a9d00000|100%| E|CS|TAMS 0x00000000a9c00000, 0x00000000a9c00000| Complete 
| 157|0x00000000a9d00000, 0x00000000a9e00000, 0x00000000a9e00000|100%| E|CS|TAMS 0x00000000a9d00000, 0x00000000a9d00000| Complete 
| 158|0x00000000a9e00000, 0x00000000a9f00000, 0x00000000a9f00000|100%| E|CS|TAMS 0x00000000a9e00000, 0x00000000a9e00000| Complete 
| 159|0x00000000a9f00000, 0x00000000aa000000, 0x00000000aa000000|100%| E|CS|TAMS 0x00000000a9f00000, 0x00000000a9f00000| Complete 
| 160|0x00000000aa000000, 0x00000000aa100000, 0x00000000aa100000|100%| E|CS|TAMS 0x00000000aa000000, 0x00000000aa000000| Complete 
| 161|0x00000000aa100000, 0x00000000aa200000, 0x00000000aa200000|100%| E|CS|TAMS 0x00000000aa100000, 0x00000000aa100000| Complete 

Card table byte_map: [0x00000287a23d0000,0x00000287a26d0000] _byte_map_base: 0x00000287a1ed0000

Marking Bits (Prev, Next): (CMBitMap*) 0x000002878f2dee10, (CMBitMap*) 0x000002878f2dedd8
 Prev Bits: [0x00000287a41d0000, 0x00000287a59d0000)
 Next Bits: [0x00000287a29d0000, 0x00000287a41d0000)

Polling page: 0x000002878d170000

Metaspace:

Usage:
  Non-class:     74.50 MB capacity,    73.19 MB ( 98%) used,     1.09 MB (  1%) free+waste,   219.31 KB ( <1%) overhead. 
      Class:     11.22 MB capacity,    10.51 MB ( 94%) used,   627.48 KB (  5%) free+waste,    98.50 KB ( <1%) overhead. 
       Both:     85.72 MB capacity,    83.70 MB ( 98%) used,     1.70 MB (  2%) free+waste,   317.81 KB ( <1%) overhead. 

Virtual space:
  Non-class space:       80.00 MB reserved,      74.67 MB ( 93%) committed 
      Class space:        1.00 GB reserved,      11.25 MB (  1%) committed 
             Both:        1.08 GB reserved,      85.92 MB (  8%) committed 

Chunk freelists:
   Non-Class:  0 bytes
       Class:  0 bytes
        Both:  0 bytes

MaxMetaspaceSize: 17179869184.00 GB
CompressedClassSpaceSize: 1.00 GB

CodeHeap 'non-profiled nmethods': size=120000Kb used=6111Kb max_used=6111Kb free=113888Kb
 bounds [0x000002879a860000, 0x000002879ae60000, 0x00000287a1d90000]
CodeHeap 'profiled nmethods': size=120000Kb used=26609Kb max_used=26609Kb free=93390Kb
 bounds [0x0000028793330000, 0x0000028794d30000, 0x000002879a860000]
CodeHeap 'non-nmethods': size=5760Kb used=2276Kb max_used=2315Kb free=3483Kb
 bounds [0x0000028792d90000, 0x0000028793000000, 0x0000028793330000]
 total_blobs=12861 nmethods=11986 adapters=786
 compilation: enabled
              stopped_count=0, restarted_count=0
 full_count=0

Compilation events (20 events):
Event: 32.959 Thread 0x00000287a8d25000 12137   !   3       org.gradle.util.SingleMessageLogger::whileDisabled (42 bytes)
Event: 32.960 Thread 0x00000287a8d25000 nmethod 12137 0x0000028794d06590 code [0x0000028794d06860, 0x0000028794d07928]
Event: 32.961 Thread 0x00000287a8d25000 12138   !   3       org.gradle.api.internal.tasks.properties.bean.AbstractNestedRuntimeBeanNode$BeanPropertyValue$1$1::create (104 bytes)
Event: 32.963 Thread 0x00000287a8d25000 nmethod 12138 0x0000028794d07e90 code [0x0000028794d08200, 0x0000028794d097e8]
Event: 32.984 Thread 0x00000287a8d25000 12140       3       org.gradle.internal.vfs.impl.DefaultVirtualFileSystem::read (12 bytes)
Event: 32.985 Thread 0x00000287a8d25000 nmethod 12140 0x0000028794d0a190 code [0x0000028794d0a440, 0x0000028794d0b2b8]
Event: 32.985 Thread 0x00000287a8d25000 12141       3       org.gradle.internal.snapshot.AbstractCompleteFileSystemLocationSnapshot$PathCompressingSnapshotWrapper::getSnapshot (8 bytes)
Event: 32.986 Thread 0x00000287a8d25000 nmethod 12141 0x0000028794d0b790 code [0x0000028794d0b980, 0x0000028794d0be88]
Event: 32.986 Thread 0x00000287a8d25000 12142       3       org.gradle.api.internal.changedetection.state.SplitResourceSnapshotterCacheService::hashFile (42 bytes)
Event: 32.986 Thread 0x00000287a8d25000 nmethod 12142 0x0000028794d0c090 code [0x0000028794d0c280, 0x0000028794d0c788]
Event: 32.986 Thread 0x00000287a8d25000 12143       3       org.gradle.internal.fingerprint.classpath.impl.ClasspathFingerprintingStrategy$ClasspathContentFingerprintingVisitor::visitFile (69 bytes)
Event: 32.989 Thread 0x00000287a8d25000 nmethod 12143 0x0000028794d0c990 code [0x0000028794d0cca0, 0x0000028794d0deb8]
Event: 32.989 Thread 0x00000287a8d25000 12144       3       org.gradle.internal.fingerprint.classpath.impl.ClasspathFingerprintingStrategy$ClasspathContentFingerprintingVisitor::fingerprintFile (27 bytes)
Event: 32.990 Thread 0x00000287a8d25000 nmethod 12144 0x0000028794d0e490 code [0x0000028794d0e6c0, 0x0000028794d0ed18]
Event: 32.990 Thread 0x00000287a8d25000 12148       3       org.gradle.api.internal.file.collections.DefaultDirectoryWalker$PathVisitor::visitFile (64 bytes)
Event: 32.991 Thread 0x00000287a8d25000 nmethod 12148 0x0000028794d0ef90 code [0x0000028794d0f280, 0x0000028794d102c8]
Event: 32.992 Thread 0x00000287a8d25000 12145       3       org.gradle.internal.fingerprint.classpath.impl.ClasspathFingerprintingStrategy::access$200 (6 bytes)
Event: 32.992 Thread 0x00000287a8d25000 nmethod 12145 0x0000028794d10890 code [0x0000028794d10a80, 0x0000028794d10f08]
Event: 32.992 Thread 0x00000287a8d25000 12149       3       org.gradle.api.file.EmptyFileVisitor::visitDir (1 bytes)
Event: 32.992 Thread 0x00000287a8d25000 nmethod 12149 0x0000028794d11090 code [0x0000028794d11240, 0x0000028794d11338]

GC Heap History (20 events):
Event: 28.622 GC heap before
{Heap before GC invocations=44 (full 0):
 garbage-first heap   total 138240K, used 112712K [0x00000000a0000000, 0x0000000100000000)
  region size 1024K, 17 young (17408K), 3 survivors (3072K)
 Metaspace       used 83732K, capacity 85812K, committed 86064K, reserved 1128448K
  class space    used 10636K, capacity 11325K, committed 11392K, reserved 1048576K
}
Event: 28.637 GC heap after
{Heap after GC invocations=45 (full 0):
 garbage-first heap   total 138240K, used 106474K [0x00000000a0000000, 0x0000000100000000)
  region size 1024K, 3 young (3072K), 3 survivors (3072K)
 Metaspace       used 83732K, capacity 85812K, committed 86064K, reserved 1128448K
  class space    used 10636K, capacity 11325K, committed 11392K, reserved 1048576K
}
Event: 28.727 GC heap before
{Heap before GC invocations=45 (full 0):
 garbage-first heap   total 138240K, used 113642K [0x00000000a0000000, 0x0000000100000000)
  region size 1024K, 10 young (10240K), 3 survivors (3072K)
 Metaspace       used 84138K, capacity 86244K, committed 86320K, reserved 1128448K
  class space    used 10675K, capacity 11362K, committed 11392K, reserved 1048576K
}
Event: 28.736 GC heap after
{Heap after GC invocations=46 (full 0):
 garbage-first heap   total 138240K, used 110034K [0x00000000a0000000, 0x0000000100000000)
  region size 1024K, 2 young (2048K), 2 survivors (2048K)
 Metaspace       used 84138K, capacity 86244K, committed 86320K, reserved 1128448K
  class space    used 10675K, capacity 11362K, committed 11392K, reserved 1048576K
}
Event: 29.001 GC heap before
{Heap before GC invocations=47 (full 0):
 garbage-first heap   total 138240K, used 115154K [0x00000000a0000000, 0x0000000100000000)
  region size 1024K, 7 young (7168K), 2 survivors (2048K)
 Metaspace       used 84827K, capacity 86967K, committed 87216K, reserved 1128448K
  class space    used 10744K, capacity 11451K, committed 11520K, reserved 1048576K
}
Event: 29.006 GC heap after
{Heap after GC invocations=48 (full 0):
 garbage-first heap   total 138240K, used 111066K [0x00000000a0000000, 0x0000000100000000)
  region size 1024K, 1 young (1024K), 1 survivors (1024K)
 Metaspace       used 84827K, capacity 86967K, committed 87216K, reserved 1128448K
  class space    used 10744K, capacity 11451K, committed 11520K, reserved 1048576K
}
Event: 29.066 GC heap before
{Heap before GC invocations=48 (full 0):
 garbage-first heap   total 138240K, used 116186K [0x00000000a0000000, 0x0000000100000000)
  region size 1024K, 6 young (6144K), 1 survivors (1024K)
 Metaspace       used 84885K, capacity 86967K, committed 87216K, reserved 1128448K
  class space    used 10744K, capacity 11451K, committed 11520K, reserved 1048576K
}
Event: 29.068 GC heap after
{Heap after GC invocations=49 (full 0):
 garbage-first heap   total 138240K, used 109570K [0x00000000a0000000, 0x0000000100000000)
  region size 1024K, 1 young (1024K), 1 survivors (1024K)
 Metaspace       used 84885K, capacity 86967K, committed 87216K, reserved 1128448K
  class space    used 10744K, capacity 11451K, committed 11520K, reserved 1048576K
}
Event: 29.139 GC heap before
{Heap before GC invocations=49 (full 0):
 garbage-first heap   total 138240K, used 115714K [0x00000000a0000000, 0x0000000100000000)
  region size 1024K, 7 young (7168K), 1 survivors (1024K)
 Metaspace       used 84980K, capacity 87097K, committed 87216K, reserved 1128448K
  class space    used 10747K, capacity 11451K, committed 11520K, reserved 1048576K
}
Event: 29.142 GC heap after
{Heap after GC invocations=50 (full 0):
 garbage-first heap   total 138240K, used 109811K [0x00000000a0000000, 0x0000000100000000)
  region size 1024K, 1 young (1024K), 1 survivors (1024K)
 Metaspace       used 84980K, capacity 87097K, committed 87216K, reserved 1128448K
  class space    used 10747K, capacity 11451K, committed 11520K, reserved 1048576K
}
Event: 29.191 GC heap before
{Heap before GC invocations=50 (full 0):
 garbage-first heap   total 138240K, used 115955K [0x00000000a0000000, 0x0000000100000000)
  region size 1024K, 7 young (7168K), 1 survivors (1024K)
 Metaspace       used 85014K, capacity 87097K, committed 87216K, reserved 1128448K
  class space    used 10747K, capacity 11451K, committed 11520K, reserved 1048576K
}
Event: 29.193 GC heap after
{Heap after GC invocations=51 (full 0):
 garbage-first heap   total 138240K, used 109892K [0x00000000a0000000, 0x0000000100000000)
  region size 1024K, 1 young (1024K), 1 survivors (1024K)
 Metaspace       used 85014K, capacity 87097K, committed 87216K, reserved 1128448K
  class space    used 10747K, capacity 11451K, committed 11520K, reserved 1048576K
}
Event: 29.313 GC heap before
{Heap before GC invocations=51 (full 0):
 garbage-first heap   total 138240K, used 117060K [0x00000000a0000000, 0x0000000100000000)
  region size 1024K, 8 young (8192K), 1 survivors (1024K)
 Metaspace       used 85132K, capacity 87228K, committed 87472K, reserved 1130496K
  class space    used 10750K, capacity 11451K, committed 11520K, reserved 1048576K
}
Event: 29.319 GC heap after
{Heap after GC invocations=52 (full 0):
 garbage-first heap   total 138240K, used 110043K [0x00000000a0000000, 0x0000000100000000)
  region size 1024K, 1 young (1024K), 1 survivors (1024K)
 Metaspace       used 85132K, capacity 87228K, committed 87472K, reserved 1130496K
  class space    used 10750K, capacity 11451K, committed 11520K, reserved 1048576K
}
Event: 29.709 GC heap before
{Heap before GC invocations=53 (full 0):
 garbage-first heap   total 138240K, used 117211K [0x00000000a0000000, 0x0000000100000000)
  region size 1024K, 8 young (8192K), 1 survivors (1024K)
 Metaspace       used 85359K, capacity 87421K, committed 87728K, reserved 1130496K
  class space    used 10751K, capacity 11451K, committed 11520K, reserved 1048576K
}
Event: 29.714 GC heap after
{Heap after GC invocations=54 (full 0):
 garbage-first heap   total 138240K, used 110456K [0x00000000a0000000, 0x0000000100000000)
  region size 1024K, 1 young (1024K), 1 survivors (1024K)
 Metaspace       used 85359K, capacity 87421K, committed 87728K, reserved 1130496K
  class space    used 10751K, capacity 11451K, committed 11520K, reserved 1048576K
}
Event: 29.896 GC heap before
{Heap before GC invocations=54 (full 0):
 garbage-first heap   total 138240K, used 115576K [0x00000000a0000000, 0x0000000100000000)
  region size 1024K, 6 young (6144K), 1 survivors (1024K)
 Metaspace       used 85465K, capacity 87549K, committed 87728K, reserved 1130496K
  class space    used 10751K, capacity 11451K, committed 11520K, reserved 1048576K
}
Event: 29.902 GC heap after
{Heap after GC invocations=55 (full 0):
 garbage-first heap   total 165888K, used 109827K [0x00000000a0000000, 0x0000000100000000)
  region size 1024K, 1 young (1024K), 1 survivors (1024K)
 Metaspace       used 85465K, capacity 87549K, committed 87728K, reserved 1130496K
  class space    used 10751K, capacity 11451K, committed 11520K, reserved 1048576K
}
Event: 32.793 GC heap before
{Heap before GC invocations=55 (full 0):
 garbage-first heap   total 165888K, used 126211K [0x00000000a0000000, 0x0000000100000000)
  region size 1024K, 18 young (18432K), 1 survivors (1024K)
 Metaspace       used 85638K, capacity 87768K, committed 87984K, reserved 1130496K
  class space    used 10766K, capacity 11493K, committed 11520K, reserved 1048576K
}
Event: 32.799 GC heap after
{Heap after GC invocations=56 (full 0):
 garbage-first heap   total 165888K, used 110644K [0x00000000a0000000, 0x0000000100000000)
  region size 1024K, 2 young (2048K), 2 survivors (2048K)
 Metaspace       used 85638K, capacity 87768K, committed 87984K, reserved 1130496K
  class space    used 10766K, capacity 11493K, committed 11520K, reserved 1048576K
}

Deoptimization events (20 events):
Event: 32.731 Thread 0x00000287aa868000 DEOPT PACKING pc=0x00000287945c91c6 sp=0x000000add82feff0
Event: 32.731 Thread 0x00000287aa868000 DEOPT UNPACKING pc=0x0000028792db6dde sp=0x000000add82fe490 mode 0
Event: 32.737 Thread 0x00000287b221f000 DEOPT PACKING pc=0x00000287948a5bc4 sp=0x000000adda6fc260
Event: 32.738 Thread 0x00000287b221f000 DEOPT UNPACKING pc=0x0000028792db6dde sp=0x000000adda6fb800 mode 0
Event: 32.759 Thread 0x00000287aa867000 DEOPT PACKING pc=0x0000028794cda9e7 sp=0x000000add81f97e0
Event: 32.759 Thread 0x00000287aa867000 DEOPT UNPACKING pc=0x0000028792db6dde sp=0x000000add81f8d28 mode 0
Event: 32.760 Thread 0x00000287aa867000 Uncommon trap: trap_request=0xffffff4d fr.pc=0x000002879ad89bb8 relative=0x0000000000000b18
Event: 32.761 Thread 0x00000287aa867000 Uncommon trap: reason=unstable_if action=reinterpret pc=0x000002879ad89bb8 method=org.gradle.api.internal.file.pattern.PatternMatcherFactory.compile(Ljava/util/List;IZ)Lorg/gradle/api/internal/file/pattern/PathMatcher; @ 41 c2
Event: 32.761 Thread 0x00000287aa867000 DEOPT PACKING pc=0x000002879ad89bb8 sp=0x000000add81f96b0
Event: 32.761 Thread 0x00000287aa867000 DEOPT UNPACKING pc=0x0000028792db662f sp=0x000000add81f9690 mode 2
Event: 32.761 Thread 0x00000287aa867000 Uncommon trap: trap_request=0xffffff4d fr.pc=0x000002879ad73218 relative=0x0000000000001458
Event: 32.761 Thread 0x00000287aa867000 Uncommon trap: reason=unstable_if action=reinterpret pc=0x000002879ad73218 method=org.gradle.api.internal.file.pattern.PatternStepFactory.getStep(Ljava/lang/String;Z)Lorg/gradle/api/internal/file/pattern/PatternStep; @ 28 c2
Event: 32.761 Thread 0x00000287aa867000 DEOPT PACKING pc=0x000002879ad73218 sp=0x000000add81f9560
Event: 32.761 Thread 0x00000287aa867000 DEOPT UNPACKING pc=0x0000028792db662f sp=0x000000add81f9550 mode 2
Event: 32.826 Thread 0x00000287b2223000 DEOPT PACKING pc=0x00000287948a5bc4 sp=0x000000adda7fc400
Event: 32.826 Thread 0x00000287b2223000 DEOPT UNPACKING pc=0x0000028792db6dde sp=0x000000adda7fb9a0 mode 0
Event: 32.882 Thread 0x00000287ab88c800 DEOPT PACKING pc=0x00000287948a5bc4 sp=0x000000adda2fc400
Event: 32.882 Thread 0x00000287ab88c800 DEOPT UNPACKING pc=0x0000028792db6dde sp=0x000000adda2fb9a0 mode 0
Event: 32.989 Thread 0x00000287b2223000 DEOPT PACKING pc=0x000002879484c6b1 sp=0x000000adda7fc660
Event: 32.989 Thread 0x00000287b2223000 DEOPT UNPACKING pc=0x0000028792db6dde sp=0x000000adda7fbb30 mode 0

Classes redefined (0 events):
No events

Internal exceptions (20 events):
Event: 29.926 Thread 0x00000287ab88c800 Exception <a 'sun/nio/fs/WindowsException'{0x00000000aa1a2738}> (0x00000000aa1a2738) thrown at [./src/hotspot/share/prims/jni.cpp, line 615]
Event: 29.928 Thread 0x00000287ab88c800 Exception <a 'sun/nio/fs/WindowsException'{0x00000000aa1b44a8}> (0x00000000aa1b44a8) thrown at [./src/hotspot/share/prims/jni.cpp, line 615]
Event: 29.947 Thread 0x00000287ab88c800 Exception <a 'sun/nio/fs/WindowsException'{0x00000000a9f86f98}> (0x00000000a9f86f98) thrown at [./src/hotspot/share/prims/jni.cpp, line 615]
Event: 29.949 Thread 0x00000287ab88c800 Exception <a 'sun/nio/fs/WindowsException'{0x00000000a9f8a6c8}> (0x00000000a9f8a6c8) thrown at [./src/hotspot/share/prims/jni.cpp, line 615]
Event: 29.950 Thread 0x00000287ab88c800 Exception <a 'sun/nio/fs/WindowsException'{0x00000000a9f8db90}> (0x00000000a9f8db90) thrown at [./src/hotspot/share/prims/jni.cpp, line 615]
Event: 29.953 Thread 0x00000287ab88c800 Exception <a 'sun/nio/fs/WindowsException'{0x00000000a9fa4f88}> (0x00000000a9fa4f88) thrown at [./src/hotspot/share/prims/jni.cpp, line 615]
Event: 29.955 Thread 0x00000287ab88c800 Exception <a 'sun/nio/fs/WindowsException'{0x00000000a9fa80c0}> (0x00000000a9fa80c0) thrown at [./src/hotspot/share/prims/jni.cpp, line 615]
Event: 29.958 Thread 0x00000287ab88c800 Exception <a 'sun/nio/fs/WindowsException'{0x00000000a9fb02e8}> (0x00000000a9fb02e8) thrown at [./src/hotspot/share/prims/jni.cpp, line 615]
Event: 29.959 Thread 0x00000287ab88c800 Exception <a 'sun/nio/fs/WindowsException'{0x00000000a9fbbe00}> (0x00000000a9fbbe00) thrown at [./src/hotspot/share/prims/jni.cpp, line 615]
Event: 29.961 Thread 0x00000287ab88c800 Exception <a 'sun/nio/fs/WindowsException'{0x00000000a9fc33f0}> (0x00000000a9fc33f0) thrown at [./src/hotspot/share/prims/jni.cpp, line 615]
Event: 29.963 Thread 0x00000287ab88c800 Exception <a 'sun/nio/fs/WindowsException'{0x00000000a9fcfcb0}> (0x00000000a9fcfcb0) thrown at [./src/hotspot/share/prims/jni.cpp, line 615]
Event: 29.965 Thread 0x00000287ab88c800 Exception <a 'sun/nio/fs/WindowsException'{0x00000000a9fd34a0}> (0x00000000a9fd34a0) thrown at [./src/hotspot/share/prims/jni.cpp, line 615]
Event: 29.967 Thread 0x00000287ab88c800 Exception <a 'sun/nio/fs/WindowsException'{0x00000000a9fd6608}> (0x00000000a9fd6608) thrown at [./src/hotspot/share/prims/jni.cpp, line 615]
Event: 29.969 Thread 0x00000287ab88c800 Exception <a 'sun/nio/fs/WindowsException'{0x00000000a9fdbd68}> (0x00000000a9fdbd68) thrown at [./src/hotspot/share/prims/jni.cpp, line 615]
Event: 29.971 Thread 0x00000287ab88c800 Exception <a 'sun/nio/fs/WindowsException'{0x00000000a9fdeda0}> (0x00000000a9fdeda0) thrown at [./src/hotspot/share/prims/jni.cpp, line 615]
Event: 29.975 Thread 0x00000287ab88c800 Exception <a 'sun/nio/fs/WindowsException'{0x00000000a9fe3bd0}> (0x00000000a9fe3bd0) thrown at [./src/hotspot/share/prims/jni.cpp, line 615]
Event: 29.990 Thread 0x00000287ab88c800 Exception <a 'sun/nio/fs/WindowsException'{0x00000000a9e24048}> (0x00000000a9e24048) thrown at [./src/hotspot/share/prims/jni.cpp, line 615]
Event: 29.993 Thread 0x00000287ab88c800 Exception <a 'sun/nio/fs/WindowsException'{0x00000000a9e463a0}> (0x00000000a9e463a0) thrown at [./src/hotspot/share/prims/jni.cpp, line 615]
Event: 30.075 Thread 0x00000287ab88c800 Exception <a 'java/lang/NoSuchMethodError'{0x00000000a9d0f3e8}: 'int java.lang.invoke.DirectMethodHandle$Holder.invokeStaticInit(java.lang.Object)'> (0x00000000a9d0f3e8) thrown at [./src/hotspot/share/interpreter/linkResolver.cpp, line 773]
Event: 32.691 Thread 0x00000287aacdc800 Exception <a 'java/lang/NoSuchMethodError'{0x00000000a9743658}: <clinit>> (0x00000000a9743658) thrown at [./src/hotspot/share/prims/jni.cpp, line 1362]

Events (20 events):
Event: 30.077 loading class org/gradle/api/internal/tasks/compile/CompileJavaBuildOperationReportingCompiler$Result
Event: 30.077 loading class org/gradle/api/internal/tasks/compile/CompileJavaBuildOperationReportingCompiler$Result done
Event: 30.078 Executing VM operation: RevokeBias
Event: 30.078 Executing VM operation: RevokeBias done
Event: 31.864 loading class org/gradle/cache/internal/btree/FileBackedBlockStore$1
Event: 31.864 loading class org/gradle/cache/internal/btree/FileBackedBlockStore$1 done
Event: 32.746 loading class org/gradle/internal/snapshot/UnknownSnapshot
Event: 32.746 loading class org/gradle/internal/snapshot/UnknownSnapshot done
Event: 32.752 loading class org/gradle/internal/snapshot/impl/MapValueSnapshot
Event: 32.752 loading class org/gradle/internal/snapshot/impl/MapValueSnapshot done
Event: 32.792 Executing VM operation: G1CollectForAllocation
Event: 32.799 Executing VM operation: G1CollectForAllocation done
Event: 32.919 Executing VM operation: CGC_Operation
Event: 32.930 Executing VM operation: CGC_Operation done
Event: 32.986 Executing VM operation: RevokeBias
Event: 32.986 Executing VM operation: RevokeBias done
Event: 32.987 Executing VM operation: RevokeBias
Event: 32.988 Executing VM operation: RevokeBias done
Event: 32.991 Executing VM operation: CGC_Operation
Event: 32.991 Executing VM operation: CGC_Operation done


Dynamic libraries:
0x00007ff69fa20000 - 0x00007ff69fa2a000 	D:\Androidstudio2021\jre\bin\java.exe
0x00007ffa34c20000 - 0x00007ffa34e10000 	C:\WINDOWS\SYSTEM32\ntdll.dll
0x00007ffa34840000 - 0x00007ffa348f2000 	C:\WINDOWS\System32\KERNEL32.DLL
0x00007ffa326c0000 - 0x00007ffa32965000 	C:\WINDOWS\System32\KERNELBASE.dll
0x00007ffa32970000 - 0x00007ffa32a6a000 	C:\WINDOWS\System32\ucrtbase.dll
0x00007ffa22050000 - 0x00007ffa22069000 	D:\Androidstudio2021\jre\bin\jli.dll
0x00007ffa27300000 - 0x00007ffa27317000 	D:\Androidstudio2021\jre\bin\VCRUNTIME140.dll
0x00007ffa34290000 - 0x00007ffa34424000 	C:\WINDOWS\System32\USER32.dll
0x00007ffa31cf0000 - 0x00007ffa31d11000 	C:\WINDOWS\System32\win32u.dll
0x00007ffa34a50000 - 0x00007ffa34a76000 	C:\WINDOWS\System32\GDI32.dll
0x00007ffa32a70000 - 0x00007ffa32c08000 	C:\WINDOWS\System32\gdi32full.dll
0x00007ffa32620000 - 0x00007ffa326be000 	C:\WINDOWS\System32\msvcp_win.dll
0x00007ffa223b0000 - 0x00007ffa22634000 	C:\WINDOWS\WinSxS\amd64_microsoft.windows.common-controls_6595b64144ccf1df_6.0.18362.1556_none_9e7e372fe45e41d5\COMCTL32.dll
0x00007ffa32f50000 - 0x00007ffa32fee000 	C:\WINDOWS\System32\msvcrt.dll
0x00007ffa33d80000 - 0x00007ffa340b6000 	C:\WINDOWS\System32\combase.dll
0x00007ffa344a0000 - 0x00007ffa345bf000 	C:\WINDOWS\System32\RPCRT4.dll
0x00007ffa32c40000 - 0x00007ffa32cc1000 	C:\WINDOWS\System32\bcryptPrimitives.dll
0x00007ffa32f20000 - 0x00007ffa32f4e000 	C:\WINDOWS\System32\IMM32.DLL
0x00007ffa076e0000 - 0x00007ffa0777d000 	D:\Androidstudio2021\jre\bin\msvcp140.dll
0x00007ff9e01a0000 - 0x00007ff9e0c75000 	D:\Androidstudio2021\jre\bin\server\jvm.dll
0x00007ffa34900000 - 0x00007ffa349a3000 	C:\WINDOWS\System32\ADVAPI32.dll
0x00007ffa349b0000 - 0x00007ffa34a47000 	C:\WINDOWS\System32\sechost.dll
0x00007ffa330c0000 - 0x00007ffa330c8000 	C:\WINDOWS\System32\PSAPI.DLL
0x00007ffa1cd90000 - 0x00007ffa1cd99000 	C:\WINDOWS\SYSTEM32\WSOCK32.dll
0x00007ffa2fa10000 - 0x00007ffa2fa34000 	C:\WINDOWS\SYSTEM32\WINMM.dll
0x00007ffa341c0000 - 0x00007ffa3422f000 	C:\WINDOWS\System32\WS2_32.dll
0x00007ffa28a80000 - 0x00007ffa28a8a000 	C:\WINDOWS\SYSTEM32\VERSION.dll
0x00007ffa2f590000 - 0x00007ffa2f5bd000 	C:\WINDOWS\SYSTEM32\WINMMBASE.dll
0x00007ffa325d0000 - 0x00007ffa3261a000 	C:\WINDOWS\System32\cfgmgr32.dll
0x00007ffa31b70000 - 0x00007ffa31b81000 	C:\WINDOWS\System32\kernel.appcore.dll
0x00007ffa2e320000 - 0x00007ffa2e331000 	D:\Androidstudio2021\jre\bin\verify.dll
0x00007ffa20310000 - 0x00007ffa20504000 	C:\WINDOWS\SYSTEM32\DBGHELP.DLL
0x00007ffa1e470000 - 0x00007ffa1e49a000 	C:\WINDOWS\SYSTEM32\dbgcore.DLL
0x00007ffa14f60000 - 0x00007ffa14f89000 	D:\Androidstudio2021\jre\bin\java.dll
0x00007ffa2e410000 - 0x00007ffa2e41b000 	D:\Androidstudio2021\jre\bin\jimage.dll
0x00007ffa14f40000 - 0x00007ffa14f58000 	D:\Androidstudio2021\jre\bin\zip.dll
0x00007ffa33690000 - 0x00007ffa33d77000 	C:\WINDOWS\System32\SHELL32.dll
0x00007ffa335e0000 - 0x00007ffa33688000 	C:\WINDOWS\System32\shcore.dll
0x00007ffa31e30000 - 0x00007ffa325ab000 	C:\WINDOWS\System32\windows.storage.dll
0x00007ffa31b30000 - 0x00007ffa31b4e000 	C:\WINDOWS\System32\profapi.dll
0x00007ffa31ae0000 - 0x00007ffa31b2a000 	C:\WINDOWS\System32\powrprof.dll
0x00007ffa31ad0000 - 0x00007ffa31ae0000 	C:\WINDOWS\System32\UMPDC.dll
0x00007ffa32d80000 - 0x00007ffa32dd2000 	C:\WINDOWS\System32\shlwapi.dll
0x00007ffa325b0000 - 0x00007ffa325c7000 	C:\WINDOWS\System32\cryptsp.dll
0x00007ffa14f20000 - 0x00007ffa14f3a000 	D:\Androidstudio2021\jre\bin\net.dll
0x00007ffa25410000 - 0x00007ffa2550a000 	C:\WINDOWS\SYSTEM32\WINHTTP.dll
0x0000000000400000 - 0x000000000184a000 	C:\WINDOWS\system32\networkdlllspx64.dll
0x00007ffa32ff0000 - 0x00007ffa330b5000 	C:\WINDOWS\System32\oleaut32.dll
0x00007ffa30b10000 - 0x00007ffa30b41000 	C:\WINDOWS\SYSTEM32\ntmarta.dll
0x00007ffa312b0000 - 0x00007ffa31317000 	C:\WINDOWS\system32\mswsock.dll
0x00007ffa250b0000 - 0x00007ffa250ba000 	C:\WINDOWS\system32\wshqos.dll
0x00007ffa250a0000 - 0x00007ffa250a8000 	C:\WINDOWS\SYSTEM32\wshtcpip.DLL
0x00007ffa25090000 - 0x00007ffa25098000 	C:\WINDOWS\SYSTEM32\wship6.dll
0x00007ffa14f00000 - 0x00007ffa14f14000 	D:\Androidstudio2021\jre\bin\nio.dll
0x00007ffa06060000 - 0x00007ffa06086000 	C:\Users\86133\.gradle\native\31\windows-amd64\native-platform.dll
0x00007ffa2e3e0000 - 0x00007ffa2e3ea000 	D:\Androidstudio2021\jre\bin\management.dll
0x00007ffa2e350000 - 0x00007ffa2e35d000 	D:\Androidstudio2021\jre\bin\management_ext.dll
0x00007ffa30e30000 - 0x00007ffa30e63000 	C:\WINDOWS\system32\rsaenh.dll
0x00007ffa32c10000 - 0x00007ffa32c36000 	C:\WINDOWS\System32\bcrypt.dll
0x00007ffa319f0000 - 0x00007ffa31a15000 	C:\WINDOWS\SYSTEM32\USERENV.dll
0x00007ffa31480000 - 0x00007ffa3148c000 	C:\WINDOWS\SYSTEM32\CRYPTBASE.dll
0x00007ffa30fc0000 - 0x00007ffa30ffa000 	C:\WINDOWS\SYSTEM32\IPHLPAPI.DLL
0x00007ffa341b0000 - 0x00007ffa341b8000 	C:\WINDOWS\System32\NSI.dll
0x00007ffa28a60000 - 0x00007ffa28a76000 	C:\WINDOWS\SYSTEM32\dhcpcsvc6.DLL
0x00007ffa28a00000 - 0x00007ffa28a1c000 	C:\WINDOWS\SYSTEM32\dhcpcsvc.DLL
0x00007ffa31000000 - 0x00007ffa310cb000 	C:\WINDOWS\SYSTEM32\DNSAPI.dll

dbghelp: loaded successfully - version: 4.0.5 - missing functions: none
symbol engine: initialized successfully - sym options: 0x614 - pdb path: .;D:\Androidstudio2021\jre\bin;C:\WINDOWS\SYSTEM32;C:\WINDOWS\WinSxS\amd64_microsoft.windows.common-controls_6595b64144ccf1df_6.0.18362.1556_none_9e7e372fe45e41d5;D:\Androidstudio2021\jre\bin\server;C:\Users\86133\.gradle\native\31\windows-amd64

VM Arguments:
jvm_args: --add-opens=java.base/java.util=ALL-UNNAMED --add-opens=java.base/java.lang=ALL-UNNAMED --add-opens=java.base/java.lang.invoke=ALL-UNNAMED --add-opens=java.prefs/java.util.prefs=ALL-UNNAMED -Xmx1536m -Dfile.encoding=UTF-8 -Duser.country=CN -Duser.language=zh -Duser.variant 
java_command: org.gradle.launcher.daemon.bootstrap.GradleDaemon 6.1.1
java_class_path (initial): C:\Users\86133\.gradle\wrapper\dists\gradle-6.1.1-all\cfmwm155h49vnt3hynmlrsdst\gradle-6.1.1\lib\gradle-launcher-6.1.1.jar
Launcher Type: SUN_STANDARD

[Global flags]
     intx CICompilerCount                          = 4                                         {product} {ergonomic}
     uint ConcGCThreads                            = 2                                         {product} {ergonomic}
     uint G1ConcRefinementThreads                  = 8                                         {product} {ergonomic}
   size_t G1HeapRegionSize                         = 1048576                                   {product} {ergonomic}
    uintx GCDrainStackTargetSize                   = 64                                        {product} {ergonomic}
   size_t InitialHeapSize                          = 117440512                                 {product} {ergonomic}
   size_t MarkStackSize                            = 4194304                                   {product} {ergonomic}
   size_t MaxHeapSize                              = 1610612736                                {product} {command line}
   size_t MaxNewSize                               = 965738496                                 {product} {ergonomic}
   size_t MinHeapDeltaBytes                        = 1048576                                   {product} {ergonomic}
    uintx NonNMethodCodeHeapSize                   = 5836300                                {pd product} {ergonomic}
    uintx NonProfiledCodeHeapSize                  = 122910970                              {pd product} {ergonomic}
    uintx ProfiledCodeHeapSize                     = 122910970                              {pd product} {ergonomic}
    uintx ReservedCodeCacheSize                    = 251658240                              {pd product} {ergonomic}
     bool SegmentedCodeCache                       = true                                      {product} {ergonomic}
     bool UseCompressedClassPointers               = true                                 {lp64_product} {ergonomic}
     bool UseCompressedOops                        = true                                 {lp64_product} {ergonomic}
     bool UseG1GC                                  = true                                      {product} {ergonomic}
     bool UseLargePagesIndividualAllocation        = false                                  {pd product} {ergonomic}

Logging:
Log output configuration:
 #0: stdout all=warning uptime,level,tags
 #1: stderr all=off uptime,level,tags

Environment Variables:
JAVA_HOME=D:\2019jdk1.8
CLASSPATH=.;D:\2019jdk1.8\lib;D:\2019jdk1.8\lib\tools.jar
PATH=C:\Program Files\Python38\Scripts\;C:\Program Files\Python38\;D:\VMware\bin\;D:\python\Scripts\;D:\python\;C:\Program Files (x86)\Common Files\Oracle\Java\javapath;D:\»ðºüä¯ÀÀÆ÷;%Sys;emRoot%\system32;C:\WINDOWS;C:\WINDOWS\System32\Wbem;C:\WINDOWS\System32\WindowsPowerShell\v1.0\;C:\WINDOWS\System32\OpenSSH\;C:\Program Files\Intel\WiFi\bin\;C:\Program Files\Common Files\Intel\WirelessCommon\;D:\androidSdk\Sdk\platform-tools;C:\Windows\system32;D:\andoridÄ£ÄâÆ÷\Nox\bin;D:;D:\aapium\Appium\node_modules\.bin;D:\androidSdk\Sdk\tools;C:\Program Files (x86)\NetSarang\Xshell 7\;D:\mysql\mysql-8.0.23-winx64\bin;D:\nodejs;C:\Program Files\Go\bin;D:\allure-2.14.0\bin;D:\git\Git\cmd;D:\redisForWindows\;D:\protobuf\bin;C:\Users\86133\AppData\Local\Microsoft\WindowsApps£»D:\2019jdk1.8\bin;D:\2019jdk1.8\jre\bin;D:\VScode\Microsoft VS Code\bin;C:\Users\86133\AppData\Local\Programs\Microsoft VS Code\bin;D:\jdk1.7\bin;C:\Users\86133\AppData\Local\Microsoft\WindowsApps;C:\Users\86133\AppData\Roaming\npm;C:\Users\86133\go\bin
USERNAME=86133
OS=Windows_NT
PROCESSOR_IDENTIFIER=AMD64 Family 23 Model 17 Stepping 0, AuthenticAMD



---------------  S Y S T E M  ---------------

OS: Windows 10 , 64 bit Build 18362 (10.0.18362.1500)
OS uptime: 2 days 2:33 hours

CPU:total 8 (initial active 8) (8 cores per cpu, 2 threads per core) family 23 model 17 stepping 0 microcode 0x0, cmov, cx8, fxsr, mmx, sse, sse2, sse3, ssse3, sse4.1, sse4.2, popcnt, avx, avx2, aes, clmul, mmxext, 3dnowpref, lzcnt, sse4a, ht, tsc, tscinvbit, tscinv, bmi1, bmi2, adx, s

Memory: 4k page, system-wide physical 7069M (354M free)
TotalPageFile size 17309M (AvailPageFile size 0M)
current process WorkingSet (physical memory assigned to process): 348M, peak: 359M
current process commit charge ("private bytes"): 444M, peak: 463M

vm_info: OpenJDK 64-Bit Server VM (11.0.11+9-b60-7590822) for windows-amd64 JRE (11.0.11+9-b60-7590822), built on Jul 29 2021 21:43:44 by "builder" with MS VC++ 14.0 (VS2015)

END.
