#
# A fatal error has been detected by the Java Runtime Environment:
#
#  EXCEPTION_ACCESS_VIOLATION (0xc0000005) at pc=0x00007ff9e0793e53, pid=13096, tid=15816
#
# JRE version: OpenJDK Runtime Environment (11.0.11+9) (build 11.0.11+9-b60-7590822)
# Java VM: OpenJDK 64-Bit Server VM (11.0.11+9-b60-7590822, mixed mode, tiered, compressed oops, g1 gc, windows-amd64)
# Problematic frame:
# V  [jvm.dll+0x373e53]
#
# No core dump will be written. Minidumps are not enabled by default on client versions of Windows
#
# If you would like to submit a bug report, please visit:
#   https://bugreport.java.com/bugreport/crash.jsp
#

---------------  S U M M A R Y ------------

Command Line: --add-opens=java.base/java.util=ALL-UNNAMED --add-opens=java.base/java.lang=ALL-UNNAMED --add-opens=java.base/java.lang.invoke=ALL-UNNAMED --add-opens=java.prefs/java.util.prefs=ALL-UNNAMED -Xmx1536m -Dfile.encoding=UTF-8 -Duser.country=CN -Duser.language=zh -Duser.variant org.gradle.launcher.daemon.bootstrap.GradleDaemon 6.1.1

Host: AMD Ryzen 5 2500U with Radeon Vega Mobile Gfx  , 8 cores, 6G,  Windows 10 , 64 bit Build 18362 (10.0.18362.1500)
Time: Wed Mar  2 22:46:59 2022 ?D1¨²¡À¨º¡Á?¨º¡À?? elapsed time: 25.812253 seconds (0d 0h 0m 25s)

---------------  T H R E A D  ---------------

Current thread (0x000001306f8ab000):  JavaThread "Daemon periodic checks" [_thread_in_vm, id=15816, stack(0x00000019b4600000,0x00000019b4700000)]

Stack: [0x00000019b4600000,0x00000019b4700000],  sp=0x00000019b46f99d0,  free space=998k
Native frames: (J=compiled Java code, j=interpreted, Vv=VM code, C=native code)
V  [jvm.dll+0x373e53]
V  [jvm.dll+0x5f2072]
V  [jvm.dll+0x373cee]
