#
# There is insufficient memory for the Java Runtime Environment to continue.
# Native memory allocation (malloc) failed to allocate 1487056 bytes for Chunk::new
# Possible reasons:
#   The system is out of physical RAM or swap space
#   The process is running with CompressedOops enabled, and the Java Heap may be blocking the growth of the native heap
# Possible solutions:
#   Reduce memory load on the system
#   Increase physical memory or swap space
#   Check if swap backing store is full
#   Decrease Java heap size (-Xmx/-Xms)
#   Decrease number of Java threads
#   Decrease Java thread stack sizes (-Xss)
#   Set larger code cache with -XX:ReservedCodeCacheSize=
#   JVM is running with Unscaled Compressed Oops mode in which the Java heap is
#     placed in the first 4GB address space. The Java Heap base address is the
#     maximum limit for the native heap growth. Please use -XX:HeapBaseMinAddress
#     to set the Java Heap base and to place the Java Heap above 4GB virtual address.
# This output file may be truncated or incomplete.
#
#  Out of Memory Error (./src/hotspot/share/memory/arena.cpp:197), pid=15212, tid=14548
#
# JRE version: OpenJDK Runtime Environment (11.0.11+9) (build 11.0.11+9-b60-7590822)
# Java VM: OpenJDK 64-Bit Server VM (11.0.11+9-b60-7590822, mixed mode, tiered, compressed oops, g1 gc, windows-amd64)
# No core dump will be written. Minidumps are not enabled by default on client versions of Windows
#

---------------  S U M M A R Y ------------

Command Line: --add-opens=java.base/java.util=ALL-UNNAMED --add-opens=java.base/java.lang=ALL-UNNAMED --add-opens=java.base/java.lang.invoke=ALL-UNNAMED --add-opens=java.prefs/java.util.prefs=ALL-UNNAMED -Xmx1536m -Dfile.encoding=UTF-8 -Duser.country=CN -Duser.language=zh -Duser.variant org.gradle.launcher.daemon.bootstrap.GradleDaemon 6.1.1

Host: AMD Ryzen 5 2500U with Radeon Vega Mobile Gfx  , 8 cores, 6G,  Windows 10 , 64 bit Build 18362 (10.0.18362.1500)
Time: Fri Mar 18 00:05:42 2022 ?D1¨²¡À¨º¡Á?¨º¡À?? elapsed time: 5.730188 seconds (0d 0h 0m 5s)

---------------  T H R E A D  ---------------

Current thread (0x000001e25efbc000):  JavaThread "C2 CompilerThread0" daemon [_thread_in_native, id=14548, stack(0x0000008cf6900000,0x0000008cf6a00000)]


Current CompileTask:
C2:   5730 1926   !   4       java.lang.ClassLoader::loadClass (122 bytes)

Stack: [0x0000008cf6900000,0x0000008cf6a00000]
Native frames: (J=compiled Java code, j=interpreted, Vv=VM code, C=native code)
V  [jvm.dll+0x5f214a]
V  [jvm.dll+0x726fb5]
V  [jvm.dll+0x7285cd]
V  [jvm.dll+0x728c83]
V  [jvm.dll+0x243278]
V  [jvm.dll+0xbc53c]
V  [jvm.dll+0xbca3c]
V  [jvm.dll+0x353e3b]
V  [jvm.dll+0x321893]
V  [jvm.dll+0x320d8a]
V  [jvm.dll+0x1fc1e2]
V  [jvm.dll+0x1fb3d4]
V  [jvm.dll+0x183d6c]
V  [jvm.dll+0x209a57]
V  [jvm.dll+0x2082a1]
V  [jvm.dll+0x6ef58f]
V  [jvm.dll+0x6e80b5]
V  [jvm.dll+0x5f1036]
C  [ucrtbase.dll+0x210b2]
C  [KERNEL32.DLL+0x17c24]
C  [ntdll.dll+0x6d721]


---------------  P R O C E S S  ---------------

Threads class SMR info:
_java_thread_list=0x000001e261d6ed90, length=23, elements={
0x000001e245e32000, 0x000001e25ef8f800, 0x000001e25ef91000, 0x000001e25f886800,
0x000001e25efac000, 0x000001e25efb0000, 0x000001e25efbc000, 0x000001e25efc0800,
0x000001e25efc4000, 0x000001e25f9ec800, 0x000001e25f9ef000, 0x000001e25f9ee000,
0x000001e25f9f0800, 0x000001e25f9ef800, 0x000001e25f9eb000, 0x000001e25f9f1800,
0x000001e25f9eb800, 0x000001e25f9ed000, 0x000001e261c85000, 0x000001e261c80800,
0x000001e261c84800, 0x000001e261c82800, 0x000001e261c83800
}

Java Threads: ( => current thread )
  0x000001e245e32000 JavaThread "main" [_thread_blocked, id=4936, stack(0x0000008cf5d00000,0x0000008cf5e00000)]
  0x000001e25ef8f800 JavaThread "Reference Handler" daemon [_thread_blocked, id=4460, stack(0x0000008cf6400000,0x0000008cf6500000)]
  0x000001e25ef91000 JavaThread "Finalizer" daemon [_thread_blocked, id=16636, stack(0x0000008cf6500000,0x0000008cf6600000)]
  0x000001e25f886800 JavaThread "Signal Dispatcher" daemon [_thread_blocked, id=11104, stack(0x0000008cf6600000,0x0000008cf6700000)]
  0x000001e25efac000 JavaThread "Attach Listener" daemon [_thread_blocked, id=8860, stack(0x0000008cf6700000,0x0000008cf6800000)]
  0x000001e25efb0000 JavaThread "Service Thread" daemon [_thread_blocked, id=1072, stack(0x0000008cf6800000,0x0000008cf6900000)]
=>0x000001e25efbc000 JavaThread "C2 CompilerThread0" daemon [_thread_in_native, id=14548, stack(0x0000008cf6900000,0x0000008cf6a00000)]
  0x000001e25efc0800 JavaThread "C1 CompilerThread0" daemon [_thread_in_vm, id=7508, stack(0x0000008cf6a00000,0x0000008cf6b00000)]
  0x000001e25efc4000 JavaThread "Sweeper thread" daemon [_thread_blocked, id=16664, stack(0x0000008cf6b00000,0x0000008cf6c00000)]
  0x000001e25f9ec800 JavaThread "Common-Cleaner" daemon [_thread_blocked, id=8300, stack(0x0000008cf6c00000,0x0000008cf6d00000)]
  0x000001e25f9ef000 JavaThread "Daemon health stats" [_thread_blocked, id=13104, stack(0x0000008cf6f00000,0x0000008cf7000000)]
  0x000001e25f9ee000 JavaThread "Incoming local TCP Connector on port 56070" [_thread_in_native, id=4608, stack(0x0000008cf7000000,0x0000008cf7100000)]
  0x000001e25f9f0800 JavaThread "Daemon periodic checks" [_thread_blocked, id=11256, stack(0x0000008cf7100000,0x0000008cf7200000)]
  0x000001e25f9ef800 JavaThread "Daemon" [_thread_blocked, id=252, stack(0x0000008cf7200000,0x0000008cf7300000)]
  0x000001e25f9eb000 JavaThread "Handler for socket connection from /127.0.0.1:56070 to /127.0.0.1:56071" [_thread_in_native, id=17268, stack(0x0000008cf7300000,0x0000008cf7400000)]
  0x000001e25f9f1800 JavaThread "Cancel handler" [_thread_blocked, id=11820, stack(0x0000008cf7400000,0x0000008cf7500000)]
  0x000001e25f9eb800 JavaThread "Daemon worker" [_thread_in_Java, id=12260, stack(0x0000008cf7500000,0x0000008cf7600000)]
  0x000001e25f9ed000 JavaThread "Asynchronous log dispatcher for DefaultDaemonConnection: socket connection from /127.0.0.1:56070 to /127.0.0.1:56071" [_thread_blocked, id=1292, stack(0x0000008cf7600000,0x0000008cf7700000)]
  0x000001e261c85000 JavaThread "Stdin handler" [_thread_blocked, id=1544, stack(0x0000008cf7700000,0x0000008cf7800000)]
  0x000001e261c80800 JavaThread "Thread-8" [_thread_blocked, id=7892, stack(0x0000008cf7800000,0x0000008cf7900000)]
  0x000001e261c84800 JavaThread "Cache worker for journal cache (C:\Users\86133\.gradle\caches\journal-1)" [_thread_blocked, id=15708, stack(0x0000008cf8000000,0x0000008cf8100000)]
  0x000001e261c82800 JavaThread "File lock request listener" [_thread_in_native, id=12584, stack(0x0000008cf8100000,0x0000008cf8200000)]
  0x000001e261c83800 JavaThread "Cache worker for file hash cache (C:\Users\86133\.gradle\caches\6.1.1\fileHashes)" [_thread_blocked, id=1232, stack(0x0000008cf8200000,0x0000008cf8300000)]

Other Threads:
  0x000001e25ef6a800 VMThread "VM Thread" [stack: 0x0000008cf6300000,0x0000008cf6400000] [id=7148]
  0x000001e25fa03000 WatcherThread [stack: 0x0000008cf6d00000,0x0000008cf6e00000] [id=15936]
  0x000001e245e4a800 GCTaskThread "GC Thread#0" [stack: 0x0000008cf5e00000,0x0000008cf5f00000] [id=4632]
  0x000001e2608ad000 GCTaskThread "GC Thread#1" [stack: 0x0000008cf6e00000,0x0000008cf6f00000] [id=16040]
  0x000001e261dd7000 GCTaskThread "GC Thread#2" [stack: 0x0000008cf7900000,0x0000008cf7a00000] [id=6104]
  0x000001e261890800 GCTaskThread "GC Thread#3" [stack: 0x0000008cf7a00000,0x0000008cf7b00000] [id=13188]
  0x000001e261911000 GCTaskThread "GC Thread#4" [stack: 0x0000008cf7b00000,0x0000008cf7c00000] [id=10176]
  0x000001e26171d000 GCTaskThread "GC Thread#5" [stack: 0x0000008cf7c00000,0x0000008cf7d00000] [id=15976]
  0x000001e260ee8000 GCTaskThread "GC Thread#6" [stack: 0x0000008cf7d00000,0x0000008cf7e00000] [id=4992]
  0x000001e260ee8800 GCTaskThread "GC Thread#7" [stack: 0x0000008cf7e00000,0x0000008cf7f00000] [id=8384]
  0x000001e245e70800 ConcurrentGCThread "G1 Main Marker" [stack: 0x0000008cf5f00000,0x0000008cf6000000] [id=3896]
  0x000001e245e75000 ConcurrentGCThread "G1 Conc#0" [stack: 0x0000008cf6000000,0x0000008cf6100000] [id=14476]
  0x000001e2600b8800 ConcurrentGCThread "G1 Conc#1" [stack: 0x0000008cf8300000,0x0000008cf8400000] [id=6040]
  0x000001e25edd6800 ConcurrentGCThread "G1 Refine#0" [stack: 0x0000008cf6100000,0x0000008cf6200000] [id=3500]
  0x000001e261a0f800 ConcurrentGCThread "G1 Refine#1" [stack: 0x0000008cf7f00000,0x0000008cf8000000] [id=15724]
  0x000001e245efd800 ConcurrentGCThread "G1 Young RemSet Sampling" [stack: 0x0000008cf6200000,0x0000008cf6300000] [id=1272]

Threads with active compile tasks:
C2 CompilerThread0   5766 1926   !   4       java.lang.ClassLoader::loadClass (122 bytes)
C1 CompilerThread0   5766 1984       3       java.util.Collections$UnmodifiableCollection::<init> (22 bytes)

VM state:not at safepoint (normal execution)

VM Mutex/Monitor currently owned by a thread: None

Heap address: 0x00000000a0000000, size: 1536 MB, Compressed Oops mode: 32-bit
Narrow klass base: 0x0000000000000000, Narrow klass shift: 3
Compressed class space size: 1073741824 Address: 0x0000000100000000

Heap:
 garbage-first heap   total 114688K, used 25730K [0x00000000a0000000, 0x0000000100000000)
  region size 1024K, 11 young (11264K), 1 survivors (1024K)
 Metaspace       used 21852K, capacity 22469K, committed 22832K, reserved 1069056K
  class space    used 2672K, capacity 2879K, committed 2944K, reserved 1048576K
Heap Regions: E=young(eden), S=young(survivor), O=old, HS=humongous(starts), HC=humongous(continues), CS=collection set, F=free, A=archive, TAMS=top-at-mark-start (previous, next)
|   0|0x00000000a0000000, 0x00000000a0100000, 0x00000000a0100000|100%| O|  |TAMS 0x00000000a0100000, 0x00000000a0000000| Untracked 
|   1|0x00000000a0100000, 0x00000000a0200000, 0x00000000a0200000|100%| O|  |TAMS 0x00000000a0200000, 0x00000000a0100000| Untracked 
|   2|0x00000000a0200000, 0x00000000a0300000, 0x00000000a0300000|100%| O|  |TAMS 0x00000000a0300000, 0x00000000a0200000| Untracked 
|   3|0x00000000a0300000, 0x00000000a0400000, 0x00000000a0400000|100%|HS|  |TAMS 0x00000000a0400000, 0x00000000a0300000| Complete 
|   4|0x00000000a0400000, 0x00000000a0500000, 0x00000000a0500000|100%|HC|  |TAMS 0x00000000a0500000, 0x00000000a0400000| Complete 
|   5|0x00000000a0500000, 0x00000000a0600000, 0x00000000a0600000|100%|HC|  |TAMS 0x00000000a0600000, 0x00000000a0500000| Complete 
|   6|0x00000000a0600000, 0x00000000a0700000, 0x00000000a0700000|100%| O|  |TAMS 0x00000000a0700000, 0x00000000a0600000| Untracked 
|   7|0x00000000a0700000, 0x00000000a0800000, 0x00000000a0800000|100%| O|  |TAMS 0x00000000a0800000, 0x00000000a0700000| Untracked 
|   8|0x00000000a0800000, 0x00000000a0900000, 0x00000000a0900000|100%| O|  |TAMS 0x00000000a0900000, 0x00000000a0800000| Untracked 
|   9|0x00000000a0900000, 0x00000000a0a00000, 0x00000000a0a00000|100%| O|  |TAMS 0x00000000a0a00000, 0x00000000a0900000| Untracked 
|  10|0x00000000a0a00000, 0x00000000a0b00000, 0x00000000a0b00000|100%| O|  |TAMS 0x00000000a0b00000, 0x00000000a0a00000| Untracked 
|  11|0x00000000a0b00000, 0x00000000a0c00000, 0x00000000a0c00000|100%| O|  |TAMS 0x00000000a0c00000, 0x00000000a0b00000| Untracked 
|  12|0x00000000a0c00000, 0x00000000a0d00000, 0x00000000a0d00000|100%| O|  |TAMS 0x00000000a0d00000, 0x00000000a0c00000| Untracked 
|  13|0x00000000a0d00000, 0x00000000a0e00000, 0x00000000a0e00000|100%| O|  |TAMS 0x00000000a0e00000, 0x00000000a0d00000| Untracked 
|  14|0x00000000a0e00000, 0x00000000a0f00000, 0x00000000a0f00000|100%| O|  |TAMS 0x00000000a0f00000, 0x00000000a0e00000| Untracked 
|  15|0x00000000a0f00000, 0x00000000a0f51800, 0x00000000a1000000| 31%| O|  |TAMS 0x00000000a0f51800, 0x00000000a0f00000| Untracked 
|  16|0x00000000a1000000, 0x00000000a1000000, 0x00000000a1100000|  0%| F|  |TAMS 0x00000000a1000000, 0x00000000a1000000| Untracked 
|  17|0x00000000a1100000, 0x00000000a1100000, 0x00000000a1200000|  0%| F|  |TAMS 0x00000000a1100000, 0x00000000a1100000| Untracked 
|  18|0x00000000a1200000, 0x00000000a1200000, 0x00000000a1300000|  0%| F|  |TAMS 0x00000000a1200000, 0x00000000a1200000| Untracked 
|  19|0x00000000a1300000, 0x00000000a1300000, 0x00000000a1400000|  0%| F|  |TAMS 0x00000000a1300000, 0x00000000a1300000| Untracked 
|  20|0x00000000a1400000, 0x00000000a1400000, 0x00000000a1500000|  0%| F|  |TAMS 0x00000000a1400000, 0x00000000a1400000| Untracked 
|  21|0x00000000a1500000, 0x00000000a1500000, 0x00000000a1600000|  0%| F|  |TAMS 0x00000000a1500000, 0x00000000a1500000| Untracked 
|  22|0x00000000a1600000, 0x00000000a1600000, 0x00000000a1700000|  0%| F|  |TAMS 0x00000000a1600000, 0x00000000a1600000| Untracked 
|  23|0x00000000a1700000, 0x00000000a1700000, 0x00000000a1800000|  0%| F|  |TAMS 0x00000000a1700000, 0x00000000a1700000| Untracked 
|  24|0x00000000a1800000, 0x00000000a1800000, 0x00000000a1900000|  0%| F|  |TAMS 0x00000000a1800000, 0x00000000a1800000| Untracked 
|  25|0x00000000a1900000, 0x00000000a1900000, 0x00000000a1a00000|  0%| F|  |TAMS 0x00000000a1900000, 0x00000000a1900000| Untracked 
|  26|0x00000000a1a00000, 0x00000000a1a00000, 0x00000000a1b00000|  0%| F|  |TAMS 0x00000000a1a00000, 0x00000000a1a00000| Untracked 
|  27|0x00000000a1b00000, 0x00000000a1b00000, 0x00000000a1c00000|  0%| F|  |TAMS 0x00000000a1b00000, 0x00000000a1b00000| Untracked 
|  28|0x00000000a1c00000, 0x00000000a1c00000, 0x00000000a1d00000|  0%| F|  |TAMS 0x00000000a1c00000, 0x00000000a1c00000| Untracked 
|  29|0x00000000a1d00000, 0x00000000a1d00000, 0x00000000a1e00000|  0%| F|  |TAMS 0x00000000a1d00000, 0x00000000a1d00000| Untracked 
|  30|0x00000000a1e00000, 0x00000000a1e00000, 0x00000000a1f00000|  0%| F|  |TAMS 0x00000000a1e00000, 0x00000000a1e00000| Untracked 
|  31|0x00000000a1f00000, 0x00000000a1f00000, 0x00000000a2000000|  0%| F|  |TAMS 0x00000000a1f00000, 0x00000000a1f00000| Untracked 
|  32|0x00000000a2000000, 0x00000000a2000000, 0x00000000a2100000|  0%| F|  |TAMS 0x00000000a2000000, 0x00000000a2000000| Untracked 
|  33|0x00000000a2100000, 0x00000000a2100000, 0x00000000a2200000|  0%| F|  |TAMS 0x00000000a2100000, 0x00000000a2100000| Untracked 
|  34|0x00000000a2200000, 0x00000000a2200000, 0x00000000a2300000|  0%| F|  |TAMS 0x00000000a2200000, 0x00000000a2200000| Untracked 
|  35|0x00000000a2300000, 0x00000000a2300000, 0x00000000a2400000|  0%| F|  |TAMS 0x00000000a2300000, 0x00000000a2300000| Untracked 
|  36|0x00000000a2400000, 0x00000000a2400000, 0x00000000a2500000|  0%| F|  |TAMS 0x00000000a2400000, 0x00000000a2400000| Untracked 
|  37|0x00000000a2500000, 0x00000000a2500000, 0x00000000a2600000|  0%| F|  |TAMS 0x00000000a2500000, 0x00000000a2500000| Untracked 
|  38|0x00000000a2600000, 0x00000000a2600000, 0x00000000a2700000|  0%| F|  |TAMS 0x00000000a2600000, 0x00000000a2600000| Untracked 
|  39|0x00000000a2700000, 0x00000000a2700000, 0x00000000a2800000|  0%| F|  |TAMS 0x00000000a2700000, 0x00000000a2700000| Untracked 
|  40|0x00000000a2800000, 0x00000000a2800000, 0x00000000a2900000|  0%| F|  |TAMS 0x00000000a2800000, 0x00000000a2800000| Untracked 
|  41|0x00000000a2900000, 0x00000000a2900000, 0x00000000a2a00000|  0%| F|  |TAMS 0x00000000a2900000, 0x00000000a2900000| Untracked 
|  42|0x00000000a2a00000, 0x00000000a2a00000, 0x00000000a2b00000|  0%| F|  |TAMS 0x00000000a2a00000, 0x00000000a2a00000| Untracked 
|  43|0x00000000a2b00000, 0x00000000a2b00000, 0x00000000a2c00000|  0%| F|  |TAMS 0x00000000a2b00000, 0x00000000a2b00000| Untracked 
|  44|0x00000000a2c00000, 0x00000000a2c00000, 0x00000000a2d00000|  0%| F|  |TAMS 0x00000000a2c00000, 0x00000000a2c00000| Untracked 
|  45|0x00000000a2d00000, 0x00000000a2d00000, 0x00000000a2e00000|  0%| F|  |TAMS 0x00000000a2d00000, 0x00000000a2d00000| Untracked 
|  46|0x00000000a2e00000, 0x00000000a2e00000, 0x00000000a2f00000|  0%| F|  |TAMS 0x00000000a2e00000, 0x00000000a2e00000| Untracked 
|  47|0x00000000a2f00000, 0x00000000a2f00000, 0x00000000a3000000|  0%| F|  |TAMS 0x00000000a2f00000, 0x00000000a2f00000| Untracked 
|  48|0x00000000a3000000, 0x00000000a3000000, 0x00000000a3100000|  0%| F|  |TAMS 0x00000000a3000000, 0x00000000a3000000| Untracked 
|  49|0x00000000a3100000, 0x00000000a3100000, 0x00000000a3200000|  0%| F|  |TAMS 0x00000000a3100000, 0x00000000a3100000| Untracked 
|  50|0x00000000a3200000, 0x00000000a3200000, 0x00000000a3300000|  0%| F|  |TAMS 0x00000000a3200000, 0x00000000a3200000| Untracked 
|  51|0x00000000a3300000, 0x00000000a3300000, 0x00000000a3400000|  0%| F|  |TAMS 0x00000000a3300000, 0x00000000a3300000| Untracked 
|  52|0x00000000a3400000, 0x00000000a3400000, 0x00000000a3500000|  0%| F|  |TAMS 0x00000000a3400000, 0x00000000a3400000| Untracked 
|  53|0x00000000a3500000, 0x00000000a3500000, 0x00000000a3600000|  0%| F|  |TAMS 0x00000000a3500000, 0x00000000a3500000| Untracked 
|  54|0x00000000a3600000, 0x00000000a3600000, 0x00000000a3700000|  0%| F|  |TAMS 0x00000000a3600000, 0x00000000a3600000| Untracked 
|  55|0x00000000a3700000, 0x00000000a3700000, 0x00000000a3800000|  0%| F|  |TAMS 0x00000000a3700000, 0x00000000a3700000| Untracked 
|  56|0x00000000a3800000, 0x00000000a3800000, 0x00000000a3900000|  0%| F|  |TAMS 0x00000000a3800000, 0x00000000a3800000| Untracked 
|  57|0x00000000a3900000, 0x00000000a3900000, 0x00000000a3a00000|  0%| F|  |TAMS 0x00000000a3900000, 0x00000000a3900000| Untracked 
|  58|0x00000000a3a00000, 0x00000000a3a00000, 0x00000000a3b00000|  0%| F|  |TAMS 0x00000000a3a00000, 0x00000000a3a00000| Untracked 
|  59|0x00000000a3b00000, 0x00000000a3b00000, 0x00000000a3c00000|  0%| F|  |TAMS 0x00000000a3b00000, 0x00000000a3b00000| Untracked 
|  60|0x00000000a3c00000, 0x00000000a3c00000, 0x00000000a3d00000|  0%| F|  |TAMS 0x00000000a3c00000, 0x00000000a3c00000| Untracked 
|  61|0x00000000a3d00000, 0x00000000a3d00000, 0x00000000a3e00000|  0%| F|  |TAMS 0x00000000a3d00000, 0x00000000a3d00000| Untracked 
|  62|0x00000000a3e00000, 0x00000000a3e00000, 0x00000000a3f00000|  0%| F|  |TAMS 0x00000000a3e00000, 0x00000000a3e00000| Untracked 
|  63|0x00000000a3f00000, 0x00000000a3f00000, 0x00000000a4000000|  0%| F|  |TAMS 0x00000000a3f00000, 0x00000000a3f00000| Untracked 
|  64|0x00000000a4000000, 0x00000000a4000000, 0x00000000a4100000|  0%| F|  |TAMS 0x00000000a4000000, 0x00000000a4000000| Untracked 
|  65|0x00000000a4100000, 0x00000000a4100000, 0x00000000a4200000|  0%| F|  |TAMS 0x00000000a4100000, 0x00000000a4100000| Untracked 
|  66|0x00000000a4200000, 0x00000000a4200000, 0x00000000a4300000|  0%| F|  |TAMS 0x00000000a4200000, 0x00000000a4200000| Untracked 
|  67|0x00000000a4300000, 0x00000000a4300000, 0x00000000a4400000|  0%| F|  |TAMS 0x00000000a4300000, 0x00000000a4300000| Untracked 
|  68|0x00000000a4400000, 0x00000000a4400000, 0x00000000a4500000|  0%| F|  |TAMS 0x00000000a4400000, 0x00000000a4400000| Untracked 
|  69|0x00000000a4500000, 0x00000000a4500000, 0x00000000a4600000|  0%| F|  |TAMS 0x00000000a4500000, 0x00000000a4500000| Untracked 
|  70|0x00000000a4600000, 0x00000000a4600000, 0x00000000a4700000|  0%| F|  |TAMS 0x00000000a4600000, 0x00000000a4600000| Untracked 
|  71|0x00000000a4700000, 0x00000000a4700000, 0x00000000a4800000|  0%| F|  |TAMS 0x00000000a4700000, 0x00000000a4700000| Untracked 
|  72|0x00000000a4800000, 0x00000000a4800000, 0x00000000a4900000|  0%| F|  |TAMS 0x00000000a4800000, 0x00000000a4800000| Untracked 
|  73|0x00000000a4900000, 0x00000000a4900000, 0x00000000a4a00000|  0%| F|  |TAMS 0x00000000a4900000, 0x00000000a4900000| Untracked 
|  74|0x00000000a4a00000, 0x00000000a4a00000, 0x00000000a4b00000|  0%| F|  |TAMS 0x00000000a4a00000, 0x00000000a4a00000| Untracked 
|  75|0x00000000a4b00000, 0x00000000a4b00000, 0x00000000a4c00000|  0%| F|  |TAMS 0x00000000a4b00000, 0x00000000a4b00000| Untracked 
|  76|0x00000000a4c00000, 0x00000000a4c00000, 0x00000000a4d00000|  0%| F|  |TAMS 0x00000000a4c00000, 0x00000000a4c00000| Untracked 
|  77|0x00000000a4d00000, 0x00000000a4d00000, 0x00000000a4e00000|  0%| F|  |TAMS 0x00000000a4d00000, 0x00000000a4d00000| Untracked 
|  78|0x00000000a4e00000, 0x00000000a4e00000, 0x00000000a4f00000|  0%| F|  |TAMS 0x00000000a4e00000, 0x00000000a4e00000| Untracked 
|  79|0x00000000a4f00000, 0x00000000a4f00000, 0x00000000a5000000|  0%| F|  |TAMS 0x00000000a4f00000, 0x00000000a4f00000| Untracked 
|  80|0x00000000a5000000, 0x00000000a5000000, 0x00000000a5100000|  0%| F|  |TAMS 0x00000000a5000000, 0x00000000a5000000| Untracked 
|  81|0x00000000a5100000, 0x00000000a5100000, 0x00000000a5200000|  0%| F|  |TAMS 0x00000000a5100000, 0x00000000a5100000| Untracked 
|  82|0x00000000a5200000, 0x00000000a5200000, 0x00000000a5300000|  0%| F|  |TAMS 0x00000000a5200000, 0x00000000a5200000| Untracked 
|  83|0x00000000a5300000, 0x00000000a5300000, 0x00000000a5400000|  0%| F|  |TAMS 0x00000000a5300000, 0x00000000a5300000| Untracked 
|  84|0x00000000a5400000, 0x00000000a5400000, 0x00000000a5500000|  0%| F|  |TAMS 0x00000000a5400000, 0x00000000a5400000| Untracked 
|  85|0x00000000a5500000, 0x00000000a5500000, 0x00000000a5600000|  0%| F|  |TAMS 0x00000000a5500000, 0x00000000a5500000| Untracked 
|  86|0x00000000a5600000, 0x00000000a5600000, 0x00000000a5700000|  0%| F|  |TAMS 0x00000000a5600000, 0x00000000a5600000| Untracked 
|  87|0x00000000a5700000, 0x00000000a5700000, 0x00000000a5800000|  0%| F|  |TAMS 0x00000000a5700000, 0x00000000a5700000| Untracked 
|  88|0x00000000a5800000, 0x00000000a5800000, 0x00000000a5900000|  0%| F|  |TAMS 0x00000000a5800000, 0x00000000a5800000| Untracked 
|  89|0x00000000a5900000, 0x00000000a5900000, 0x00000000a5a00000|  0%| F|  |TAMS 0x00000000a5900000, 0x00000000a5900000| Untracked 
|  90|0x00000000a5a00000, 0x00000000a5a00000, 0x00000000a5b00000|  0%| F|  |TAMS 0x00000000a5a00000, 0x00000000a5a00000| Untracked 
|  91|0x00000000a5b00000, 0x00000000a5b00000, 0x00000000a5c00000|  0%| F|  |TAMS 0x00000000a5b00000, 0x00000000a5b00000| Untracked 
|  92|0x00000000a5c00000, 0x00000000a5c00000, 0x00000000a5d00000|  0%| F|  |TAMS 0x00000000a5c00000, 0x00000000a5c00000| Untracked 
|  93|0x00000000a5d00000, 0x00000000a5d00000, 0x00000000a5e00000|  0%| F|  |TAMS 0x00000000a5d00000, 0x00000000a5d00000| Untracked 
|  94|0x00000000a5e00000, 0x00000000a5ecf090, 0x00000000a5f00000| 80%| S|CS|TAMS 0x00000000a5e00000, 0x00000000a5e00000| Complete 
|  95|0x00000000a5f00000, 0x00000000a5f00000, 0x00000000a6000000|  0%| F|  |TAMS 0x00000000a5f00000, 0x00000000a5f00000| Untracked 
|  96|0x00000000a6000000, 0x00000000a6000000, 0x00000000a6100000|  0%| F|  |TAMS 0x00000000a6000000, 0x00000000a6000000| Untracked 
|  97|0x00000000a6100000, 0x00000000a6100000, 0x00000000a6200000|  0%| F|  |TAMS 0x00000000a6100000, 0x00000000a6100000| Untracked 
|  98|0x00000000a6200000, 0x00000000a6200000, 0x00000000a6300000|  0%| F|  |TAMS 0x00000000a6200000, 0x00000000a6200000| Untracked 
|  99|0x00000000a6300000, 0x00000000a6300000, 0x00000000a6400000|  0%| F|  |TAMS 0x00000000a6300000, 0x00000000a6300000| Untracked 
| 100|0x00000000a6400000, 0x00000000a6400000, 0x00000000a6500000|  0%| F|  |TAMS 0x00000000a6400000, 0x00000000a6400000| Untracked 
| 101|0x00000000a6500000, 0x00000000a6500000, 0x00000000a6600000|  0%| F|  |TAMS 0x00000000a6500000, 0x00000000a6500000| Untracked 
| 102|0x00000000a6600000, 0x00000000a66d1518, 0x00000000a6700000| 81%| E|  |TAMS 0x00000000a6600000, 0x00000000a6600000| Complete 
| 103|0x00000000a6700000, 0x00000000a6800000, 0x00000000a6800000|100%| E|CS|TAMS 0x00000000a6700000, 0x00000000a6700000| Complete 
| 104|0x00000000a6800000, 0x00000000a6900000, 0x00000000a6900000|100%| E|CS|TAMS 0x00000000a6800000, 0x00000000a6800000| Complete 
| 105|0x00000000a6900000, 0x00000000a6a00000, 0x00000000a6a00000|100%| E|CS|TAMS 0x00000000a6900000, 0x00000000a6900000| Complete 
| 106|0x00000000a6a00000, 0x00000000a6b00000, 0x00000000a6b00000|100%| E|CS|TAMS 0x00000000a6a00000, 0x00000000a6a00000| Complete 
| 107|0x00000000a6b00000, 0x00000000a6c00000, 0x00000000a6c00000|100%| E|CS|TAMS 0x00000000a6b00000, 0x00000000a6b00000| Complete 
| 108|0x00000000a6c00000, 0x00000000a6d00000, 0x00000000a6d00000|100%| E|CS|TAMS 0x00000000a6c00000, 0x00000000a6c00000| Complete 
| 109|0x00000000a6d00000, 0x00000000a6e00000, 0x00000000a6e00000|100%| E|CS|TAMS 0x00000000a6d00000, 0x00000000a6d00000| Complete 
| 110|0x00000000a6e00000, 0x00000000a6f00000, 0x00000000a6f00000|100%| E|CS|TAMS 0x00000000a6e00000, 0x00000000a6e00000| Complete 
| 111|0x00000000a6f00000, 0x00000000a7000000, 0x00000000a7000000|100%| E|CS|TAMS 0x00000000a6f00000, 0x00000000a6f00000| Complete 

Card table byte_map: [0x000001e258f50000,0x000001e259250000] _byte_map_base: 0x000001e258a50000

Marking Bits (Prev, Next): (CMBitMap*) 0x000001e245e69c80, (CMBitMap*) 0x000001e245e69c48
 Prev Bits: [0x000001e25ad50000, 0x000001e25c550000)
 Next Bits: [0x000001e259550000, 0x000001e25ad50000)

Polling page: 0x000001e243e30000

Metaspace:

Usage:
  Non-class:     19.13 MB capacity,    18.73 MB ( 98%) used,   370.85 KB (  2%) free+waste,    38.25 KB ( <1%) overhead. 
      Class:      2.81 MB capacity,     2.61 MB ( 93%) used,   187.74 KB (  7%) free+waste,    18.94 KB ( <1%) overhead. 
       Both:     21.94 MB capacity,    21.34 MB ( 97%) used,   558.59 KB (  2%) free+waste,    57.19 KB ( <1%) overhead. 

Virtual space:
  Non-class space:       20.00 MB reserved,      19.42 MB ( 97%) committed 
      Class space:        1.00 GB reserved,       2.88 MB ( <1%) committed 
             Both:        1.02 GB reserved,      22.30 MB (  2%) committed 

Chunk freelists:
   Non-Class:  58.00 KB
       Class:  1.00 KB
        Both:  59.00 KB

MaxMetaspaceSize: 17179869184.00 GB
CompressedClassSpaceSize: 1.00 GB

CodeHeap 'non-profiled nmethods': size=120000Kb used=822Kb max_used=822Kb free=119177Kb
 bounds [0x000001e2513f0000, 0x000001e251660000, 0x000001e258920000]
CodeHeap 'profiled nmethods': size=120000Kb used=4176Kb max_used=4176Kb free=115824Kb
 bounds [0x000001e249ec0000, 0x000001e24a2e0000, 0x000001e2513f0000]
CodeHeap 'non-nmethods': size=5760Kb used=1141Kb max_used=1143Kb free=4619Kb
 bounds [0x000001e249920000, 0x000001e249b90000, 0x000001e249ec0000]
 total_blobs=2464 nmethods=1994 adapters=381
 compilation: enabled
              stopped_count=0, restarted_count=0
 full_count=0

Compilation events (20 events):
Event: 5.659 Thread 0x000001e25efc0800 1938       3       java.lang.String::substring (68 bytes)
Event: 5.660 Thread 0x000001e25efc0800 nmethod 1938 0x000001e24a2b2490 code [0x000001e24a2b26e0, 0x000001e24a2b2e18]
Event: 5.707 Thread 0x000001e25efc0800 1939       3       jdk.internal.org.objectweb.asm.ClassWriter::addType (103 bytes)
Event: 5.707 Thread 0x000001e25efc0800 nmethod 1939 0x000001e24a2b3090 code [0x000001e24a2b32a0, 0x000001e24a2b3968]
Event: 5.707 Thread 0x000001e25efc0800 1941       3       java.lang.invoke.MemberName::<init> (47 bytes)
Event: 5.707 Thread 0x000001e25efc0800 nmethod 1941 0x000001e24a2b3b90 code [0x000001e24a2b3d80, 0x000001e24a2b4098]
Event: 5.708 Thread 0x000001e25efc0800 1942       3       java.lang.invoke.MethodHandles$Lookup::<init> (15 bytes)
Event: 5.708 Thread 0x000001e25efc0800 nmethod 1942 0x000001e24a2b4210 code [0x000001e24a2b43c0, 0x000001e24a2b4578]
Event: 5.708 Thread 0x000001e25efc0800 1943       3       com.google.common.collect.Hashing::smear (19 bytes)
Event: 5.708 Thread 0x000001e25efc0800 nmethod 1943 0x000001e24a2b4610 code [0x000001e24a2b47c0, 0x000001e24a2b4938]
Event: 5.708 Thread 0x000001e25efc0800 1944       3       java.lang.Integer::rotateLeft (9 bytes)
Event: 5.709 Thread 0x000001e25efc0800 nmethod 1944 0x000001e24a2b4a10 code [0x000001e24a2b4bc0, 0x000001e24a2b4cb8]
Event: 5.709 Thread 0x000001e25efc0800 1945       3       java.lang.invoke.MethodHandleNatives::refKindIsMethod (19 bytes)
Event: 5.709 Thread 0x000001e25efc0800 nmethod 1945 0x000001e24a2b4d90 code [0x000001e24a2b4f40, 0x000001e24a2b5178]
Event: 5.709 Thread 0x000001e25efc0800 1947       3       java.lang.invoke.InvokerBytecodeGenerator::storeInsnOpcode (86 bytes)
Event: 5.710 Thread 0x000001e25efc0800 nmethod 1947 0x000001e24a2b5210 code [0x000001e24a2b54a0, 0x000001e24a2b5fd8]
Event: 5.712 Thread 0x000001e25efc0800 1948       3       java.lang.invoke.MemberName::isMethod (7 bytes)
Event: 5.712 Thread 0x000001e25efc0800 nmethod 1948 0x000001e24a2b6390 code [0x000001e24a2b6540, 0x000001e24a2b6778]
Event: 5.725 Thread 0x000001e25efc0800 1949       3       java.lang.invoke.Invokers$Holder::linkToTargetMethod (10 bytes)
Event: 5.725 Thread 0x000001e25efc0800 nmethod 1949 0x000001e24a2b6890 code [0x000001e24a2b6a60, 0x000001e24a2b6e78]

GC Heap History (6 events):
Event: 1.409 GC heap before
{Heap before GC invocations=0 (full 0):
 garbage-first heap   total 114688K, used 29696K [0x00000000a0000000, 0x0000000100000000)
  region size 1024K, 24 young (24576K), 0 survivors (0K)
 Metaspace       used 10805K, capacity 11076K, committed 11264K, reserved 1058816K
  class space    used 1141K, capacity 1200K, committed 1280K, reserved 1048576K
}
Event: 1.419 GC heap after
{Heap after GC invocations=1 (full 0):
 garbage-first heap   total 114688K, used 8814K [0x00000000a0000000, 0x0000000100000000)
  region size 1024K, 3 young (3072K), 3 survivors (3072K)
 Metaspace       used 10805K, capacity 11076K, committed 11264K, reserved 1058816K
  class space    used 1141K, capacity 1200K, committed 1280K, reserved 1048576K
}
Event: 5.162 GC heap before
{Heap before GC invocations=1 (full 0):
 garbage-first heap   total 114688K, used 73326K [0x00000000a0000000, 0x0000000100000000)
  region size 1024K, 67 young (68608K), 3 survivors (3072K)
 Metaspace       used 17951K, capacity 18461K, committed 18816K, reserved 1064960K
  class space    used 2156K, capacity 2305K, committed 2432K, reserved 1048576K
}
Event: 5.170 GC heap after
{Heap after GC invocations=2 (full 0):
 garbage-first heap   total 114688K, used 15717K [0x00000000a0000000, 0x0000000100000000)
  region size 1024K, 9 young (9216K), 9 survivors (9216K)
 Metaspace       used 17951K, capacity 18461K, committed 18816K, reserved 1064960K
  class space    used 2156K, capacity 2305K, committed 2432K, reserved 1048576K
}
Event: 5.528 GC heap before
{Heap before GC invocations=2 (full 0):
 garbage-first heap   total 114688K, used 31077K [0x00000000a0000000, 0x0000000100000000)
  region size 1024K, 26 young (26624K), 9 survivors (9216K)
 Metaspace       used 20718K, capacity 21148K, committed 21296K, reserved 1069056K
  class space    used 2485K, capacity 2604K, committed 2688K, reserved 1048576K
}
Event: 5.538 GC heap after
{Heap after GC invocations=3 (full 0):
 garbage-first heap   total 114688K, used 16514K [0x00000000a0000000, 0x0000000100000000)
  region size 1024K, 1 young (1024K), 1 survivors (1024K)
 Metaspace       used 20718K, capacity 21148K, committed 21296K, reserved 1069056K
  class space    used 2485K, capacity 2604K, committed 2688K, reserved 1048576K
}

Deoptimization events (20 events):
Event: 5.258 Thread 0x000001e25f9eb800 Uncommon trap: trap_request=0xffffff4d fr.pc=0x000001e2514447f8 relative=0x0000000000000218
Event: 5.258 Thread 0x000001e25f9eb800 Uncommon trap: reason=unstable_if action=reinterpret pc=0x000001e2514447f8 method=java.util.regex.Matcher.reset()Ljava/util/regex/Matcher; @ 71 c2
Event: 5.258 Thread 0x000001e25f9eb800 DEOPT PACKING pc=0x000001e2514447f8 sp=0x0000008cf75fb570
Event: 5.258 Thread 0x000001e25f9eb800 DEOPT UNPACKING pc=0x000001e24994662f sp=0x0000008cf75fb500 mode 2
Event: 5.359 Thread 0x000001e25f9eb800 Uncommon trap: trap_request=0xffffff4d fr.pc=0x000001e251447aac relative=0x0000000000000b0c
Event: 5.359 Thread 0x000001e25f9eb800 Uncommon trap: reason=unstable_if action=reinterpret pc=0x000001e251447aac method=java.util.Properties$LineReader.readLine()I @ 249 c2
Event: 5.359 Thread 0x000001e25f9eb800 DEOPT PACKING pc=0x000001e251447aac sp=0x0000008cf75fc660
Event: 5.359 Thread 0x000001e25f9eb800 DEOPT UNPACKING pc=0x000001e24994662f sp=0x0000008cf75fc600 mode 2
Event: 5.648 Thread 0x000001e25f9eb800 Uncommon trap: trap_request=0xffffffc6 fr.pc=0x000001e25144b5a4 relative=0x0000000000000084
Event: 5.648 Thread 0x000001e25f9eb800 Uncommon trap: reason=bimorphic_or_optimized_type_check action=maybe_recompile pc=0x000001e25144b5a4 method=java.util.AbstractList$Itr.hasNext()Z @ 8 c2
Event: 5.648 Thread 0x000001e25f9eb800 DEOPT PACKING pc=0x000001e25144b5a4 sp=0x0000008cf75fa450
Event: 5.648 Thread 0x000001e25f9eb800 DEOPT UNPACKING pc=0x000001e24994662f sp=0x0000008cf75fa3e8 mode 2
Event: 5.648 Thread 0x000001e25f9eb800 Uncommon trap: trap_request=0xffffffc6 fr.pc=0x000001e25144b974 relative=0x0000000000000134
Event: 5.648 Thread 0x000001e25f9eb800 Uncommon trap: reason=bimorphic_or_optimized_type_check action=maybe_recompile pc=0x000001e25144b974 method=java.util.AbstractList$Itr.next()Ljava/lang/Object; @ 14 c2
Event: 5.648 Thread 0x000001e25f9eb800 DEOPT PACKING pc=0x000001e25144b974 sp=0x0000008cf75fa440
Event: 5.648 Thread 0x000001e25f9eb800 DEOPT UNPACKING pc=0x000001e24994662f sp=0x0000008cf75fa3d8 mode 2
Event: 5.648 Thread 0x000001e25f9eb800 Uncommon trap: trap_request=0xffffff4d fr.pc=0x000001e251449208 relative=0x00000000000004c8
Event: 5.649 Thread 0x000001e25f9eb800 Uncommon trap: reason=unstable_if action=reinterpret pc=0x000001e251449208 method=java.lang.String.substring(I)Ljava/lang/String; @ 34 c2
Event: 5.649 Thread 0x000001e25f9eb800 DEOPT PACKING pc=0x000001e251449208 sp=0x0000008cf75fad90
Event: 5.649 Thread 0x000001e25f9eb800 DEOPT UNPACKING pc=0x000001e24994662f sp=0x0000008cf75fad68 mode 2

Classes redefined (0 events):
No events

Internal exceptions (20 events):
Event: 4.872 Thread 0x000001e25f9eb000 Exception <a 'java/lang/NoSuchMethodError'{0x00000000a392bb90}: <clinit>> (0x00000000a392bb90) thrown at [./src/hotspot/share/prims/jni.cpp, line 1362]
Event: 4.876 Thread 0x000001e25f9eb000 Exception <a 'java/lang/NoSuchMethodError'{0x00000000a393ba68}: <clinit>> (0x00000000a393ba68) thrown at [./src/hotspot/share/prims/jni.cpp, line 1362]
Event: 4.880 Thread 0x000001e25f9eb000 Exception <a 'java/lang/NoSuchMethodError'{0x00000000a394d7e8}: <clinit>> (0x00000000a394d7e8) thrown at [./src/hotspot/share/prims/jni.cpp, line 1362]
Event: 4.885 Thread 0x000001e25f9eb000 Exception <a 'java/lang/NoSuchMethodError'{0x00000000a3974378}: <clinit>> (0x00000000a3974378) thrown at [./src/hotspot/share/prims/jni.cpp, line 1362]
Event: 4.888 Thread 0x000001e25f9eb000 Exception <a 'java/lang/NoSuchMethodError'{0x00000000a398c1e8}: <clinit>> (0x00000000a398c1e8) thrown at [./src/hotspot/share/prims/jni.cpp, line 1362]
Event: 4.890 Thread 0x000001e25f9eb000 Exception <a 'java/lang/NoSuchMethodError'{0x00000000a3995bb0}: <clinit>> (0x00000000a3995bb0) thrown at [./src/hotspot/share/prims/jni.cpp, line 1362]
Event: 4.892 Thread 0x000001e25f9eb000 Exception <a 'java/lang/NoSuchMethodError'{0x00000000a39ab350}: <clinit>> (0x00000000a39ab350) thrown at [./src/hotspot/share/prims/jni.cpp, line 1362]
Event: 4.905 Thread 0x000001e25f9eb000 Exception <a 'java/lang/NoSuchMethodError'{0x00000000a39f0fc8}: <clinit>> (0x00000000a39f0fc8) thrown at [./src/hotspot/share/prims/jni.cpp, line 1362]
Event: 4.910 Thread 0x000001e25f9eb000 Exception <a 'java/lang/NoSuchMethodError'{0x00000000a381f280}: <clinit>> (0x00000000a381f280) thrown at [./src/hotspot/share/prims/jni.cpp, line 1362]
Event: 4.915 Thread 0x000001e25f9eb000 Exception <a 'java/lang/NoSuchMethodError'{0x00000000a38469b0}: <clinit>> (0x00000000a38469b0) thrown at [./src/hotspot/share/prims/jni.cpp, line 1362]
Event: 4.917 Thread 0x000001e25f9eb000 Exception <a 'java/lang/NoSuchMethodError'{0x00000000a3850c68}: <clinit>> (0x00000000a3850c68) thrown at [./src/hotspot/share/prims/jni.cpp, line 1362]
Event: 4.997 Thread 0x000001e25f9eb800 Exception <a 'java/lang/NoSuchMethodError'{0x00000000a353a7c8}: 'void java.lang.invoke.DelegatingMethodHandle$Holder.reinvoke_L(java.lang.Object, java.lang.Object, java.lang.Object, java.lang.Object)'> (0x00000000a353a7c8) thrown at [./src/hotspot/share/interpreter/linkResolver.cpp, line 773]
Event: 5.004 Thread 0x000001e25f9eb800 Exception <a 'java/lang/NoSuchMethodError'{0x00000000a3570e70}: 'long java.lang.invoke.DirectMethodHandle$Holder.invokeInterface(java.lang.Object, java.lang.Object)'> (0x00000000a3570e70) thrown at [./src/hotspot/share/interpreter/linkResolver.cpp, line 773]
Event: 5.007 Thread 0x000001e25f9eb800 Exception <a 'java/lang/NoSuchMethodError'{0x00000000a3591ac0}: 'void java.lang.invoke.DelegatingMethodHandle$Holder.reinvoke_L(java.lang.Object, java.lang.Object, java.lang.Object, java.lang.Object, java.lang.Object, java.lang.Object, java.lang.Object)'> (0x00000000a3591ac0) thrown at [./src/hotspot/share/interpreter/linkResolver.cpp, line 773]
Event: 5.130 Thread 0x000001e25f9eb800 Exception <a 'java/lang/NoSuchMethodError'{0x00000000a2e766d8}: 'java.lang.Object java.lang.invoke.DirectMethodHandle$Holder.invokeVirtual(java.lang.Object, java.lang.Object, java.lang.Object)'> (0x00000000a2e766d8) thrown at [./src/hotspot/share/interpreter/linkResolver.cpp, line 773]
Event: 5.284 Thread 0x000001e25f9eb800 Exception <a 'java/lang/NoSuchMethodError'{0x00000000a6a09508}: 'void java.lang.invoke.DirectMethodHandle$Holder.invokeStaticInit(java.lang.Object)'> (0x00000000a6a09508) thrown at [./src/hotspot/share/interpreter/linkResolver.cpp, line 773]
Event: 5.575 Thread 0x000001e25f9eb800 Exception <a 'java/lang/NoSuchMethodError'{0x00000000a6eefff0}: 'java.lang.Object java.lang.invoke.DirectMethodHandle$Holder.invokeVirtual(java.lang.Object, java.lang.Object, java.lang.Object, java.lang.Object)'> (0x00000000a6eefff0) thrown at [./src/hotspot/share/interpreter/linkResolver.cpp, line 773]
Event: 5.707 Thread 0x000001e25f9eb800 Exception <a 'java/lang/NoSuchMethodError'{0x00000000a6912dc8}: 'int java.lang.invoke.DirectMethodHandle$Holder.invokeSpecialIFC(java.lang.Object, java.lang.Object, java.lang.Object, java.lang.Object)'> (0x00000000a6912dc8) thrown at [./src/hotspot/share/interpreter/linkResolver.cpp, line 773]
Event: 5.709 Thread 0x000001e25f9eb800 Exception <a 'java/lang/NoSuchMethodError'{0x00000000a6920f30}: 'java.lang.Object java.lang.invoke.DirectMethodHandle$Holder.invokeInterface(java.lang.Object, java.lang.Object, java.lang.Object)'> (0x00000000a6920f30) thrown at [./src/hotspot/share/interpreter/linkResolver.cpp, line 773]
Event: 5.709 Thread 0x000001e25f9eb800 Exception <a 'java/lang/IncompatibleClassChangeError'{0x00000000a69246b0}: Found class java.lang.Object, but interface was expected> (0x00000000a69246b0) thrown at [./src/hotspot/share/interpreter/linkResolver.cpp, line 839]

Events (20 events):
Event: 5.722 loading class org/gradle/api/internal/file/DefaultFileLookup
Event: 5.722 loading class org/gradle/api/internal/file/DefaultFileLookup done
Event: 5.723 loading class org/gradle/api/internal/file/IdentityFileResolver
Event: 5.723 loading class org/gradle/api/internal/file/IdentityFileResolver done
Event: 5.723 loading class org/gradle/api/internal/file/AbstractFileResolver
Event: 5.723 loading class org/gradle/api/internal/file/AbstractFileResolver done
Event: 5.724 loading class org/gradle/api/internal/file/FileOrUriNotationConverter
Event: 5.724 loading class org/gradle/api/internal/file/FileOrUriNotationConverter done
Event: 5.725 loading class org/gradle/internal/typeconversion/NotationParserBuilder
Event: 5.725 loading class org/gradle/internal/typeconversion/NotationParserBuilder done
Event: 5.726 loading class org/gradle/internal/typeconversion/TypeInfo
Event: 5.726 loading class org/gradle/internal/typeconversion/TypeInfo done
Event: 5.726 loading class org/gradle/internal/typeconversion/NotationConverterToNotationParserAdapter
Event: 5.726 loading class org/gradle/internal/typeconversion/NotationConverterToNotationParserAdapter done
Event: 5.727 loading class org/gradle/internal/typeconversion/NotationConvertResult
Event: 5.727 loading class org/gradle/internal/typeconversion/NotationConvertResult done
Event: 5.727 loading class org/gradle/internal/typeconversion/UnsupportedNotationException
Event: 5.727 loading class org/gradle/internal/typeconversion/UnsupportedNotationException done
Event: 5.727 loading class org/gradle/internal/typeconversion/TypeConversionException
Event: 5.727 loading class org/gradle/internal/typeconversion/TypeConversionException done


Dynamic libraries:
0x00007ff69fa20000 - 0x00007ff69fa2a000 	D:\Androidstudio2021\jre\bin\java.exe
0x00007ffa34c20000 - 0x00007ffa34e10000 	C:\WINDOWS\SYSTEM32\ntdll.dll
0x00007ffa34840000 - 0x00007ffa348f2000 	C:\WINDOWS\System32\KERNEL32.DLL
0x00007ffa326c0000 - 0x00007ffa32965000 	C:\WINDOWS\System32\KERNELBASE.dll
0x00007ffa32970000 - 0x00007ffa32a6a000 	C:\WINDOWS\System32\ucrtbase.dll
0x00007ffa27300000 - 0x00007ffa27319000 	D:\Androidstudio2021\jre\bin\jli.dll
0x00007ffa34290000 - 0x00007ffa34424000 	C:\WINDOWS\System32\USER32.dll
0x00007ffa31cf0000 - 0x00007ffa31d11000 	C:\WINDOWS\System32\win32u.dll
0x00007ffa34a50000 - 0x00007ffa34a76000 	C:\WINDOWS\System32\GDI32.dll
0x00007ffa32a70000 - 0x00007ffa32c08000 	C:\WINDOWS\System32\gdi32full.dll
0x00007ffa223b0000 - 0x00007ffa22634000 	C:\WINDOWS\WinSxS\amd64_microsoft.windows.common-controls_6595b64144ccf1df_6.0.18362.1556_none_9e7e372fe45e41d5\COMCTL32.dll
0x00007ffa32620000 - 0x00007ffa326be000 	C:\WINDOWS\System32\msvcp_win.dll
0x00007ffa32f50000 - 0x00007ffa32fee000 	C:\WINDOWS\System32\msvcrt.dll
0x00007ffa33d80000 - 0x00007ffa340b6000 	C:\WINDOWS\System32\combase.dll
0x00007ffa344a0000 - 0x00007ffa345bf000 	C:\WINDOWS\System32\RPCRT4.dll
0x00007ffa32c40000 - 0x00007ffa32cc1000 	C:\WINDOWS\System32\bcryptPrimitives.dll
0x00007ffa17cf0000 - 0x00007ffa17d07000 	D:\Androidstudio2021\jre\bin\VCRUNTIME140.dll
0x00007ffa32f20000 - 0x00007ffa32f4e000 	C:\WINDOWS\System32\IMM32.DLL
0x00007ffa076e0000 - 0x00007ffa0777d000 	D:\Androidstudio2021\jre\bin\msvcp140.dll
0x00007ff9e01a0000 - 0x00007ff9e0c75000 	D:\Androidstudio2021\jre\bin\server\jvm.dll
0x00007ffa34900000 - 0x00007ffa349a3000 	C:\WINDOWS\System32\ADVAPI32.dll
0x00007ffa349b0000 - 0x00007ffa34a47000 	C:\WINDOWS\System32\sechost.dll
0x00007ffa330c0000 - 0x00007ffa330c8000 	C:\WINDOWS\System32\PSAPI.DLL
0x00007ffa1cd90000 - 0x00007ffa1cd99000 	C:\WINDOWS\SYSTEM32\WSOCK32.dll
0x00007ffa2fa10000 - 0x00007ffa2fa34000 	C:\WINDOWS\SYSTEM32\WINMM.dll
0x00007ffa341c0000 - 0x00007ffa3422f000 	C:\WINDOWS\System32\WS2_32.dll
0x00007ffa28a80000 - 0x00007ffa28a8a000 	C:\WINDOWS\SYSTEM32\VERSION.dll
0x00007ffa2f590000 - 0x00007ffa2f5bd000 	C:\WINDOWS\SYSTEM32\WINMMBASE.dll
0x00007ffa325d0000 - 0x00007ffa3261a000 	C:\WINDOWS\System32\cfgmgr32.dll
0x00007ffa31b70000 - 0x00007ffa31b81000 	C:\WINDOWS\System32\kernel.appcore.dll
0x00007ffa2e320000 - 0x00007ffa2e331000 	D:\Androidstudio2021\jre\bin\verify.dll
0x00007ffa20310000 - 0x00007ffa20504000 	C:\WINDOWS\SYSTEM32\DBGHELP.DLL
0x00007ffa1e470000 - 0x00007ffa1e49a000 	C:\WINDOWS\SYSTEM32\dbgcore.DLL
0x00007ffa14f60000 - 0x00007ffa14f89000 	D:\Androidstudio2021\jre\bin\java.dll
0x00007ffa2e410000 - 0x00007ffa2e41b000 	D:\Androidstudio2021\jre\bin\jimage.dll
0x00007ffa14f40000 - 0x00007ffa14f58000 	D:\Androidstudio2021\jre\bin\zip.dll
0x00007ffa33690000 - 0x00007ffa33d77000 	C:\WINDOWS\System32\SHELL32.dll
0x00007ffa335e0000 - 0x00007ffa33688000 	C:\WINDOWS\System32\shcore.dll
0x00007ffa31e30000 - 0x00007ffa325ab000 	C:\WINDOWS\System32\windows.storage.dll
0x00007ffa31b30000 - 0x00007ffa31b4e000 	C:\WINDOWS\System32\profapi.dll
0x00007ffa31ae0000 - 0x00007ffa31b2a000 	C:\WINDOWS\System32\powrprof.dll
0x00007ffa31ad0000 - 0x00007ffa31ae0000 	C:\WINDOWS\System32\UMPDC.dll
0x00007ffa32d80000 - 0x00007ffa32dd2000 	C:\WINDOWS\System32\shlwapi.dll
0x00007ffa325b0000 - 0x00007ffa325c7000 	C:\WINDOWS\System32\cryptsp.dll
0x00007ffa14f20000 - 0x00007ffa14f3a000 	D:\Androidstudio2021\jre\bin\net.dll
0x00007ffa25410000 - 0x00007ffa2550a000 	C:\WINDOWS\SYSTEM32\WINHTTP.dll
0x0000000000400000 - 0x000000000184a000 	C:\WINDOWS\system32\networkdlllspx64.dll
0x00007ffa32ff0000 - 0x00007ffa330b5000 	C:\WINDOWS\System32\oleaut32.dll
0x00007ffa30b10000 - 0x00007ffa30b41000 	C:\WINDOWS\SYSTEM32\ntmarta.dll
0x00007ffa312b0000 - 0x00007ffa31317000 	C:\WINDOWS\system32\mswsock.dll
0x00007ffa250b0000 - 0x00007ffa250ba000 	C:\WINDOWS\system32\wshqos.dll
0x00007ffa250a0000 - 0x00007ffa250a8000 	C:\WINDOWS\SYSTEM32\wshtcpip.DLL
0x00007ffa25090000 - 0x00007ffa25098000 	C:\WINDOWS\SYSTEM32\wship6.dll
0x00007ffa14f00000 - 0x00007ffa14f14000 	D:\Androidstudio2021\jre\bin\nio.dll
0x00007ffa06060000 - 0x00007ffa06086000 	C:\Users\86133\.gradle\native\31\windows-amd64\native-platform.dll
0x00007ffa2e3e0000 - 0x00007ffa2e3ea000 	D:\Androidstudio2021\jre\bin\management.dll
0x00007ffa2e350000 - 0x00007ffa2e35d000 	D:\Androidstudio2021\jre\bin\management_ext.dll
0x00007ffa30e30000 - 0x00007ffa30e63000 	C:\WINDOWS\system32\rsaenh.dll
0x00007ffa32c10000 - 0x00007ffa32c36000 	C:\WINDOWS\System32\bcrypt.dll
0x00007ffa319f0000 - 0x00007ffa31a15000 	C:\WINDOWS\SYSTEM32\USERENV.dll
0x00007ffa31480000 - 0x00007ffa3148c000 	C:\WINDOWS\SYSTEM32\CRYPTBASE.dll
0x00007ffa30fc0000 - 0x00007ffa30ffa000 	C:\WINDOWS\SYSTEM32\IPHLPAPI.DLL
0x00007ffa341b0000 - 0x00007ffa341b8000 	C:\WINDOWS\System32\NSI.dll
0x00007ffa28a60000 - 0x00007ffa28a76000 	C:\WINDOWS\SYSTEM32\dhcpcsvc6.DLL
0x00007ffa28a00000 - 0x00007ffa28a1c000 	C:\WINDOWS\SYSTEM32\dhcpcsvc.DLL
0x00007ffa31000000 - 0x00007ffa310cb000 	C:\WINDOWS\SYSTEM32\DNSAPI.dll

dbghelp: loaded successfully - version: 4.0.5 - missing functions: none
symbol engine: initialized successfully - sym options: 0x614 - pdb path: .;D:\Androidstudio2021\jre\bin;C:\WINDOWS\SYSTEM32;C:\WINDOWS\WinSxS\amd64_microsoft.windows.common-controls_6595b64144ccf1df_6.0.18362.1556_none_9e7e372fe45e41d5;D:\Androidstudio2021\jre\bin\server;C:\Users\86133\.gradle\native\31\windows-amd64

VM Arguments:
jvm_args: --add-opens=java.base/java.util=ALL-UNNAMED --add-opens=java.base/java.lang=ALL-UNNAMED --add-opens=java.base/java.lang.invoke=ALL-UNNAMED --add-opens=java.prefs/java.util.prefs=ALL-UNNAMED -Xmx1536m -Dfile.encoding=UTF-8 -Duser.country=CN -Duser.language=zh -Duser.variant 
java_command: org.gradle.launcher.daemon.bootstrap.GradleDaemon 6.1.1
java_class_path (initial): C:\Users\86133\.gradle\wrapper\dists\gradle-6.1.1-all\cfmwm155h49vnt3hynmlrsdst\gradle-6.1.1\lib\gradle-launcher-6.1.1.jar
Launcher Type: SUN_STANDARD

[Global flags]
     intx CICompilerCount                          = 4                                         {product} {ergonomic}
     uint ConcGCThreads                            = 2                                         {product} {ergonomic}
     uint G1ConcRefinementThreads                  = 8                                         {product} {ergonomic}
   size_t G1HeapRegionSize                         = 1048576                                   {product} {ergonomic}
    uintx GCDrainStackTargetSize                   = 64                                        {product} {ergonomic}
   size_t InitialHeapSize                          = 117440512                                 {product} {ergonomic}
   size_t MarkStackSize                            = 4194304                                   {product} {ergonomic}
   size_t MaxHeapSize                              = 1610612736                                {product} {command line}
   size_t MaxNewSize                               = 965738496                                 {product} {ergonomic}
   size_t MinHeapDeltaBytes                        = 1048576                                   {product} {ergonomic}
    uintx NonNMethodCodeHeapSize                   = 5836300                                {pd product} {ergonomic}
    uintx NonProfiledCodeHeapSize                  = 122910970                              {pd product} {ergonomic}
    uintx ProfiledCodeHeapSize                     = 122910970                              {pd product} {ergonomic}
    uintx ReservedCodeCacheSize                    = 251658240                              {pd product} {ergonomic}
     bool SegmentedCodeCache                       = true                                      {product} {ergonomic}
     bool UseCompressedClassPointers               = true                                 {lp64_product} {ergonomic}
     bool UseCompressedOops                        = true                                 {lp64_product} {ergonomic}
     bool UseG1GC                                  = true                                      {product} {ergonomic}
     bool UseLargePagesIndividualAllocation        = false                                  {pd product} {ergonomic}

Logging:
Log output configuration:
 #0: stdout all=warning uptime,level,tags
 #1: stderr all=off uptime,level,tags

Environment Variables:
JAVA_HOME=D:\2019jdk1.8
CLASSPATH=.;D:\2019jdk1.8\lib;D:\2019jdk1.8\lib\tools.jar
PATH=C:\Program Files\Python38\Scripts\;C:\Program Files\Python38\;D:\VMware\bin\;D:\python\Scripts\;D:\python\;C:\Program Files (x86)\Common Files\Oracle\Java\javapath;D:\»ðºüä¯ÀÀÆ÷;%Sys;emRoot%\system32;C:\WINDOWS;C:\WINDOWS\System32\Wbem;C:\WINDOWS\System32\WindowsPowerShell\v1.0\;C:\WINDOWS\System32\OpenSSH\;C:\Program Files\Intel\WiFi\bin\;C:\Program Files\Common Files\Intel\WirelessCommon\;D:\androidSdk\Sdk\platform-tools;C:\Windows\system32;D:\andoridÄ£ÄâÆ÷\Nox\bin;D:;D:\aapium\Appium\node_modules\.bin;D:\androidSdk\Sdk\tools;C:\Program Files (x86)\NetSarang\Xshell 7\;D:\mysql\mysql-8.0.23-winx64\bin;D:\nodejs;C:\Program Files\Go\bin;D:\allure-2.14.0\bin;D:\git\Git\cmd;D:\redisForWindows\;D:\protobuf\bin;C:\Users\86133\AppData\Local\Microsoft\WindowsApps£»D:\2019jdk1.8\bin;D:\2019jdk1.8\jre\bin;D:\VScode\Microsoft VS Code\bin;C:\Users\86133\AppData\Local\Programs\Microsoft VS Code\bin;D:\jdk1.7\bin;C:\Users\86133\AppData\Local\Microsoft\WindowsApps;C:\Users\86133\AppData\Roaming\npm;C:\Users\86133\go\bin
USERNAME=86133
OS=Windows_NT
PROCESSOR_IDENTIFIER=AMD64 Family 23 Model 17 Stepping 0, AuthenticAMD



---------------  S Y S T E M  ---------------

OS: Windows 10 , 64 bit Build 18362 (10.0.18362.1500)
OS uptime: 2 days 2:33 hours

CPU:total 8 (initial active 8) (8 cores per cpu, 2 threads per core) family 23 model 17 stepping 0 microcode 0x0, cmov, cx8, fxsr, mmx, sse, sse2, sse3, ssse3, sse4.1, sse4.2, popcnt, avx, avx2, aes, clmul, mmxext, 3dnowpref, lzcnt, sse4a, ht, tsc, tscinvbit, tscinv, bmi1, bmi2, adx, s

Memory: 4k page, system-wide physical 7069M (333M free)
TotalPageFile size 17309M (AvailPageFile size 5M)
current process WorkingSet (physical memory assigned to process): 179M, peak: 179M
current process commit charge ("private bytes"): 261M, peak: 262M

vm_info: OpenJDK 64-Bit Server VM (11.0.11+9-b60-7590822) for windows-amd64 JRE (11.0.11+9-b60-7590822), built on Jul 29 2021 21:43:44 by "builder" with MS VC++ 14.0 (VS2015)

END.
